{
  "/home/morgan-freeman/Workspace/globaleaks-angular-fork/client/Gruntfile.js": {
    "path": "/home/morgan-freeman/Workspace/globaleaks-angular-fork/client/Gruntfile.js",
    "statementMap": {},
    "fnMap": {},
    "branchMap": {},
    "s": {},
    "f": {},
    "b": {}
  },
  "/home/morgan-freeman/Workspace/globaleaks-angular-fork/client/build/319.js": {
    "path": "/home/morgan-freeman/Workspace/globaleaks-angular-fork/client/build/319.js",
    "statementMap": {},
    "fnMap": {},
    "branchMap": {},
    "s": {},
    "f": {},
    "b": {}
  },
  "/home/morgan-freeman/Workspace/globaleaks-angular-fork/client/build/425.js": {
    "path": "/home/morgan-freeman/Workspace/globaleaks-angular-fork/client/build/425.js",
    "statementMap": {},
    "fnMap": {},
    "branchMap": {},
    "s": {},
    "f": {},
    "b": {}
  },
  "/home/morgan-freeman/Workspace/globaleaks-angular-fork/client/build/484.js": {
    "path": "/home/morgan-freeman/Workspace/globaleaks-angular-fork/client/build/484.js",
    "statementMap": {},
    "fnMap": {},
    "branchMap": {},
    "s": {},
    "f": {},
    "b": {}
  },
  "/home/morgan-freeman/Workspace/globaleaks-angular-fork/client/build/686.js": {
    "path": "/home/morgan-freeman/Workspace/globaleaks-angular-fork/client/build/686.js",
    "statementMap": {},
    "fnMap": {},
    "branchMap": {},
    "s": {},
    "f": {},
    "b": {}
  },
  "/home/morgan-freeman/Workspace/globaleaks-angular-fork/client/build/798.js": {
    "path": "/home/morgan-freeman/Workspace/globaleaks-angular-fork/client/build/798.js",
    "statementMap": {},
    "fnMap": {},
    "branchMap": {},
    "s": {},
    "f": {},
    "b": {}
  },
  "/home/morgan-freeman/Workspace/globaleaks-angular-fork/client/build/806.js": {
    "path": "/home/morgan-freeman/Workspace/globaleaks-angular-fork/client/build/806.js",
    "statementMap": {},
    "fnMap": {},
    "branchMap": {},
    "s": {},
    "f": {},
    "b": {}
  },
  "/home/morgan-freeman/Workspace/globaleaks-angular-fork/client/build/865.js": {
    "path": "/home/morgan-freeman/Workspace/globaleaks-angular-fork/client/build/865.js",
    "statementMap": {},
    "fnMap": {},
    "branchMap": {},
    "s": {},
    "f": {},
    "b": {}
  },
  "/home/morgan-freeman/Workspace/globaleaks-angular-fork/client/build/950.js": {
    "path": "/home/morgan-freeman/Workspace/globaleaks-angular-fork/client/build/950.js",
    "statementMap": {},
    "fnMap": {},
    "branchMap": {},
    "s": {},
    "f": {},
    "b": {}
  },
  "/home/morgan-freeman/Workspace/globaleaks-angular-fork/client/app/assets/loader.js": {
    "path": "/home/morgan-freeman/Workspace/globaleaks-angular-fork/client/app/assets/loader.js",
    "statementMap": {},
    "fnMap": {},
    "branchMap": {},
    "s": {},
    "f": {},
    "b": {}
  },
  "/home/morgan-freeman/Workspace/globaleaks-angular-fork/client/app/viewer/pdf.min.js": {
    "path": "/home/morgan-freeman/Workspace/globaleaks-angular-fork/client/app/viewer/pdf.min.js",
    "statementMap": {},
    "fnMap": {},
    "branchMap": {},
    "s": {},
    "f": {},
    "b": {}
  },
  "/home/morgan-freeman/Workspace/globaleaks-angular-fork/client/app/viewer/pdf.worker.min.js": {
    "path": "/home/morgan-freeman/Workspace/globaleaks-angular-fork/client/app/viewer/pdf.worker.min.js",
    "statementMap": {},
    "fnMap": {},
    "branchMap": {},
    "s": {},
    "f": {},
    "b": {}
  },
  "/home/morgan-freeman/Workspace/globaleaks-angular-fork/client/app/viewer/script.js": {
    "path": "/home/morgan-freeman/Workspace/globaleaks-angular-fork/client/app/viewer/script.js",
    "statementMap": {},
    "fnMap": {},
    "branchMap": {},
    "s": {},
    "f": {},
    "b": {}
  },
  "/home/morgan-freeman/Workspace/globaleaks-angular-fork/client/build/js/main.js": {
    "path": "/home/morgan-freeman/Workspace/globaleaks-angular-fork/client/build/js/main.js",
    "statementMap": {},
    "fnMap": {},
    "branchMap": {},
    "s": {},
    "f": {},
    "b": {}
  },
  "/home/morgan-freeman/Workspace/globaleaks-angular-fork/client/build/js/polyfills.js": {
    "path": "/home/morgan-freeman/Workspace/globaleaks-angular-fork/client/build/js/polyfills.js",
    "statementMap": {},
    "fnMap": {},
    "branchMap": {},
    "s": {},
    "f": {},
    "b": {}
  },
  "/home/morgan-freeman/Workspace/globaleaks-angular-fork/client/build/js/runtime.js": {
    "path": "/home/morgan-freeman/Workspace/globaleaks-angular-fork/client/build/js/runtime.js",
    "statementMap": {},
    "fnMap": {},
    "branchMap": {},
    "s": {},
    "f": {},
    "b": {}
  },
  "/home/morgan-freeman/Workspace/globaleaks-angular-fork/client/build/js/vendor.js": {
    "path": "/home/morgan-freeman/Workspace/globaleaks-angular-fork/client/build/js/vendor.js",
    "statementMap": {},
    "fnMap": {},
    "branchMap": {},
    "s": {},
    "f": {},
    "b": {}
  },
  "/home/morgan-freeman/Workspace/globaleaks-angular-fork/client/build/viewer/pdf.min.js": {
    "path": "/home/morgan-freeman/Workspace/globaleaks-angular-fork/client/build/viewer/pdf.min.js",
    "statementMap": {},
    "fnMap": {},
    "branchMap": {},
    "s": {},
    "f": {},
    "b": {}
  },
  "/home/morgan-freeman/Workspace/globaleaks-angular-fork/client/build/viewer/pdf.worker.min.js": {
    "path": "/home/morgan-freeman/Workspace/globaleaks-angular-fork/client/build/viewer/pdf.worker.min.js",
    "statementMap": {},
    "fnMap": {},
    "branchMap": {},
    "s": {},
    "f": {},
    "b": {}
  },
  "/home/morgan-freeman/Workspace/globaleaks-angular-fork/client/build/viewer/script.js": {
    "path": "/home/morgan-freeman/Workspace/globaleaks-angular-fork/client/build/viewer/script.js",
    "statementMap": {},
    "fnMap": {},
    "branchMap": {},
    "s": {},
    "f": {},
    "b": {}
  },
  "/home/morgan-freeman/Workspace/globaleaks-angular-fork/client/cypress.config.ts": {
    "path": "/home/morgan-freeman/Workspace/globaleaks-angular-fork/client/cypress.config.ts",
    "statementMap": {},
    "fnMap": {},
    "branchMap": {},
    "s": {},
    "f": {},
    "b": {}
  },
  "/home/morgan-freeman/Workspace/globaleaks-angular-fork/client/app/polyfills.ts": {
    "path": "/home/morgan-freeman/Workspace/globaleaks-angular-fork/client/app/polyfills.ts",
    "statementMap": {},
    "fnMap": {},
    "branchMap": {},
    "s": {},
    "f": {},
    "b": {}
  },
  "/home/morgan-freeman/Workspace/globaleaks-angular-fork/client/app/src/app-data.service.ts": {
    "path": "/home/morgan-freeman/Workspace/globaleaks-angular-fork/client/app/src/app-data.service.ts",
    "statementMap": {},
    "fnMap": {},
    "branchMap": {},
    "s": {},
    "f": {},
    "b": {}
  },
  "/home/morgan-freeman/Workspace/globaleaks-angular-fork/client/app/src/app-guard.service.ts": {
    "path": "/home/morgan-freeman/Workspace/globaleaks-angular-fork/client/app/src/app-guard.service.ts",
    "statementMap": {},
    "fnMap": {},
    "branchMap": {},
    "s": {},
    "f": {},
    "b": {}
  },
  "/home/morgan-freeman/Workspace/globaleaks-angular-fork/client/app/src/app-routing.module.ts": {
    "path": "/home/morgan-freeman/Workspace/globaleaks-angular-fork/client/app/src/app-routing.module.ts",
    "statementMap": {},
    "fnMap": {},
    "branchMap": {},
    "s": {},
    "f": {},
    "b": {}
  },
  "/home/morgan-freeman/Workspace/globaleaks-angular-fork/client/app/src/app.module.ts": {
    "path": "/home/morgan-freeman/Workspace/globaleaks-angular-fork/client/app/src/app.module.ts",
    "statementMap": {},
    "fnMap": {},
    "branchMap": {},
    "s": {},
    "f": {},
    "b": {}
  },
  "/home/morgan-freeman/Workspace/globaleaks-angular-fork/client/app/src/crypto.service.ts": {
    "path": "/home/morgan-freeman/Workspace/globaleaks-angular-fork/client/app/src/crypto.service.ts",
    "statementMap": {},
    "fnMap": {},
    "branchMap": {},
    "s": {},
    "f": {},
    "b": {}
  },
  "/home/morgan-freeman/Workspace/globaleaks-angular-fork/client/app/src/shared.module.ts": {
    "path": "/home/morgan-freeman/Workspace/globaleaks-angular-fork/client/app/src/shared.module.ts",
    "statementMap": {},
    "fnMap": {},
    "branchMap": {},
    "s": {},
    "f": {},
    "b": {}
  },
  "/home/morgan-freeman/Workspace/globaleaks-angular-fork/client/app/src/services/2fa.data.service.ts": {
    "path": "/home/morgan-freeman/Workspace/globaleaks-angular-fork/client/app/src/services/2fa.data.service.ts",
    "statementMap": {},
    "fnMap": {},
    "branchMap": {},
    "s": {},
    "f": {},
    "b": {}
  },
  "/home/morgan-freeman/Workspace/globaleaks-angular-fork/client/app/src/services/app-config.service.ts": {
    "path": "/home/morgan-freeman/Workspace/globaleaks-angular-fork/client/app/src/services/app-config.service.ts",
    "statementMap": {},
    "fnMap": {},
    "branchMap": {},
    "s": {},
    "f": {},
    "b": {}
  },
  "/home/morgan-freeman/Workspace/globaleaks-angular-fork/client/app/src/services/authentication.service.ts": {
    "path": "/home/morgan-freeman/Workspace/globaleaks-angular-fork/client/app/src/services/authentication.service.ts",
    "statementMap": {},
    "fnMap": {},
    "branchMap": {},
    "s": {},
    "f": {},
    "b": {}
  },
  "/home/morgan-freeman/Workspace/globaleaks-angular-fork/client/app/src/services/receiver-tip.service.ts": {
    "path": "/home/morgan-freeman/Workspace/globaleaks-angular-fork/client/app/src/services/receiver-tip.service.ts",
    "statementMap": {},
    "fnMap": {},
    "branchMap": {},
    "s": {},
    "f": {},
    "b": {}
  },
  "/home/morgan-freeman/Workspace/globaleaks-angular-fork/client/app/src/services/request.interceptor.ts": {
    "path": "/home/morgan-freeman/Workspace/globaleaks-angular-fork/client/app/src/services/request.interceptor.ts",
    "statementMap": {},
    "fnMap": {},
    "branchMap": {},
    "s": {},
    "f": {},
    "b": {}
  },
  "/home/morgan-freeman/Workspace/globaleaks-angular-fork/client/app/src/services/submission-resource.service.ts": {
    "path": "/home/morgan-freeman/Workspace/globaleaks-angular-fork/client/app/src/services/submission-resource.service.ts",
    "statementMap": {},
    "fnMap": {},
    "branchMap": {},
    "s": {},
    "f": {},
    "b": {}
  },
  "/home/morgan-freeman/Workspace/globaleaks-angular-fork/client/app/src/services/submission.service.ts": {
    "path": "/home/morgan-freeman/Workspace/globaleaks-angular-fork/client/app/src/services/submission.service.ts",
    "statementMap": {},
    "fnMap": {},
    "branchMap": {},
    "s": {},
    "f": {},
    "b": {}
  },
  "/home/morgan-freeman/Workspace/globaleaks-angular-fork/client/app/src/services/translation.service.ts": {
    "path": "/home/morgan-freeman/Workspace/globaleaks-angular-fork/client/app/src/services/translation.service.ts",
    "statementMap": {},
    "fnMap": {},
    "branchMap": {},
    "s": {},
    "f": {},
    "b": {}
  },
  "/home/morgan-freeman/Workspace/globaleaks-angular-fork/client/app/src/services/utils.service.ts": {
    "path": "/home/morgan-freeman/Workspace/globaleaks-angular-fork/client/app/src/services/utils.service.ts",
    "statementMap": {},
    "fnMap": {},
    "branchMap": {},
    "s": {},
    "f": {},
    "b": {}
  },
  "/home/morgan-freeman/Workspace/globaleaks-angular-fork/client/app/src/services/wbtip.service.ts": {
    "path": "/home/morgan-freeman/Workspace/globaleaks-angular-fork/client/app/src/services/wbtip.service.ts",
    "statementMap": {},
    "fnMap": {},
    "branchMap": {},
    "s": {},
    "f": {},
    "b": {}
  },
  "/home/morgan-freeman/Workspace/globaleaks-angular-fork/client/app/src/models/admin/field-Template.ts": {
    "path": "/home/morgan-freeman/Workspace/globaleaks-angular-fork/client/app/src/models/admin/field-Template.ts",
    "statementMap": {},
    "fnMap": {},
    "branchMap": {},
    "s": {},
    "f": {},
    "b": {}
  },
  "/home/morgan-freeman/Workspace/globaleaks-angular-fork/client/app/src/models/admin/new-context.ts": {
    "path": "/home/morgan-freeman/Workspace/globaleaks-angular-fork/client/app/src/models/admin/new-context.ts",
    "statementMap": {},
    "fnMap": {},
    "branchMap": {},
    "s": {},
    "f": {},
    "b": {}
  },
  "/home/morgan-freeman/Workspace/globaleaks-angular-fork/client/app/src/models/admin/new-field.ts": {
    "path": "/home/morgan-freeman/Workspace/globaleaks-angular-fork/client/app/src/models/admin/new-field.ts",
    "statementMap": {},
    "fnMap": {},
    "branchMap": {},
    "s": {},
    "f": {},
    "b": {}
  },
  "/home/morgan-freeman/Workspace/globaleaks-angular-fork/client/app/src/models/admin/new-questionare.ts": {
    "path": "/home/morgan-freeman/Workspace/globaleaks-angular-fork/client/app/src/models/admin/new-questionare.ts",
    "statementMap": {},
    "fnMap": {},
    "branchMap": {},
    "s": {},
    "f": {},
    "b": {}
  },
  "/home/morgan-freeman/Workspace/globaleaks-angular-fork/client/app/src/models/admin/new-step.ts": {
    "path": "/home/morgan-freeman/Workspace/globaleaks-angular-fork/client/app/src/models/admin/new-step.ts",
    "statementMap": {},
    "fnMap": {},
    "branchMap": {},
    "s": {},
    "f": {},
    "b": {}
  },
  "/home/morgan-freeman/Workspace/globaleaks-angular-fork/client/app/src/models/admin/new-user.ts": {
    "path": "/home/morgan-freeman/Workspace/globaleaks-angular-fork/client/app/src/models/admin/new-user.ts",
    "statementMap": {},
    "fnMap": {},
    "branchMap": {},
    "s": {},
    "f": {},
    "b": {}
  },
  "/home/morgan-freeman/Workspace/globaleaks-angular-fork/client/app/src/models/app/error-code.ts": {
    "path": "/home/morgan-freeman/Workspace/globaleaks-angular-fork/client/app/src/models/app/error-code.ts",
    "statementMap": {},
    "fnMap": {},
    "branchMap": {},
    "s": {},
    "f": {},
    "b": {}
  },
  "/home/morgan-freeman/Workspace/globaleaks-angular-fork/client/app/src/models/app/public-model.ts": {
    "path": "/home/morgan-freeman/Workspace/globaleaks-angular-fork/client/app/src/models/app/public-model.ts",
    "statementMap": {},
    "fnMap": {},
    "branchMap": {},
    "s": {},
    "f": {},
    "b": {}
  },
  "/home/morgan-freeman/Workspace/globaleaks-angular-fork/client/app/src/models/app/shared-public-model.ts": {
    "path": "/home/morgan-freeman/Workspace/globaleaks-angular-fork/client/app/src/models/app/shared-public-model.ts",
    "statementMap": {},
    "fnMap": {},
    "branchMap": {},
    "s": {},
    "f": {},
    "b": {}
  },
  "/home/morgan-freeman/Workspace/globaleaks-angular-fork/client/app/src/models/authentication/password-recovery-model.ts": {
    "path": "/home/morgan-freeman/Workspace/globaleaks-angular-fork/client/app/src/models/authentication/password-recovery-model.ts",
    "statementMap": {},
    "fnMap": {},
    "branchMap": {},
    "s": {},
    "f": {},
    "b": {}
  },
  "/home/morgan-freeman/Workspace/globaleaks-angular-fork/client/app/src/models/authentication/password-recovery-response-model.ts": {
    "path": "/home/morgan-freeman/Workspace/globaleaks-angular-fork/client/app/src/models/authentication/password-recovery-response-model.ts",
    "statementMap": {},
    "fnMap": {},
    "branchMap": {},
    "s": {},
    "f": {},
    "b": {}
  },
  "/home/morgan-freeman/Workspace/globaleaks-angular-fork/client/app/src/models/authentication/session.ts": {
    "path": "/home/morgan-freeman/Workspace/globaleaks-angular-fork/client/app/src/models/authentication/session.ts",
    "statementMap": {},
    "fnMap": {},
    "branchMap": {},
    "s": {},
    "f": {},
    "b": {}
  },
  "/home/morgan-freeman/Workspace/globaleaks-angular-fork/client/app/src/models/authentication/token-response.ts": {
    "path": "/home/morgan-freeman/Workspace/globaleaks-angular-fork/client/app/src/models/authentication/token-response.ts",
    "statementMap": {},
    "fnMap": {},
    "branchMap": {},
    "s": {},
    "f": {},
    "b": {}
  },
  "/home/morgan-freeman/Workspace/globaleaks-angular-fork/client/app/src/models/component-model/admin-file.ts": {
    "path": "/home/morgan-freeman/Workspace/globaleaks-angular-fork/client/app/src/models/component-model/admin-file.ts",
    "statementMap": {},
    "fnMap": {},
    "branchMap": {},
    "s": {},
    "f": {},
    "b": {}
  },
  "/home/morgan-freeman/Workspace/globaleaks-angular-fork/client/app/src/models/component-model/file-resources.ts": {
    "path": "/home/morgan-freeman/Workspace/globaleaks-angular-fork/client/app/src/models/component-model/file-resources.ts",
    "statementMap": {},
    "fnMap": {},
    "branchMap": {},
    "s": {},
    "f": {},
    "b": {}
  },
  "/home/morgan-freeman/Workspace/globaleaks-angular-fork/client/app/src/models/component-model/parsedFields.ts": {
    "path": "/home/morgan-freeman/Workspace/globaleaks-angular-fork/client/app/src/models/component-model/parsedFields.ts",
    "statementMap": {},
    "fnMap": {},
    "branchMap": {},
    "s": {},
    "f": {},
    "b": {}
  },
  "/home/morgan-freeman/Workspace/globaleaks-angular-fork/client/app/src/models/component-model/signup.ts": {
    "path": "/home/morgan-freeman/Workspace/globaleaks-angular-fork/client/app/src/models/component-model/signup.ts",
    "statementMap": {},
    "fnMap": {},
    "branchMap": {},
    "s": {},
    "f": {},
    "b": {}
  },
  "/home/morgan-freeman/Workspace/globaleaks-angular-fork/client/app/src/models/component-model/tab.ts": {
    "path": "/home/morgan-freeman/Workspace/globaleaks-angular-fork/client/app/src/models/component-model/tab.ts",
    "statementMap": {},
    "fnMap": {},
    "branchMap": {},
    "s": {},
    "f": {},
    "b": {}
  },
  "/home/morgan-freeman/Workspace/globaleaks-angular-fork/client/app/src/models/component-model/tls-confiq.ts": {
    "path": "/home/morgan-freeman/Workspace/globaleaks-angular-fork/client/app/src/models/component-model/tls-confiq.ts",
    "statementMap": {},
    "fnMap": {},
    "branchMap": {},
    "s": {},
    "f": {},
    "b": {}
  },
  "/home/morgan-freeman/Workspace/globaleaks-angular-fork/client/app/src/models/reciever/Iar-data.ts": {
    "path": "/home/morgan-freeman/Workspace/globaleaks-angular-fork/client/app/src/models/reciever/Iar-data.ts",
    "statementMap": {},
    "fnMap": {},
    "branchMap": {},
    "s": {},
    "f": {},
    "b": {}
  },
  "/home/morgan-freeman/Workspace/globaleaks-angular-fork/client/app/src/models/reciever/reciever-tip-data.ts": {
    "path": "/home/morgan-freeman/Workspace/globaleaks-angular-fork/client/app/src/models/reciever/reciever-tip-data.ts",
    "statementMap": {},
    "fnMap": {},
    "branchMap": {},
    "s": {},
    "f": {},
    "b": {}
  },
  "/home/morgan-freeman/Workspace/globaleaks-angular-fork/client/app/src/models/resolvers/auditlog-resolver-model.ts": {
    "path": "/home/morgan-freeman/Workspace/globaleaks-angular-fork/client/app/src/models/resolvers/auditlog-resolver-model.ts",
    "statementMap": {},
    "fnMap": {},
    "branchMap": {},
    "s": {},
    "f": {},
    "b": {}
  },
  "/home/morgan-freeman/Workspace/globaleaks-angular-fork/client/app/src/models/resolvers/context-resolver-model.ts": {
    "path": "/home/morgan-freeman/Workspace/globaleaks-angular-fork/client/app/src/models/resolvers/context-resolver-model.ts",
    "statementMap": {},
    "fnMap": {},
    "branchMap": {},
    "s": {},
    "f": {},
    "b": {}
  },
  "/home/morgan-freeman/Workspace/globaleaks-angular-fork/client/app/src/models/resolvers/field-template-model.ts": {
    "path": "/home/morgan-freeman/Workspace/globaleaks-angular-fork/client/app/src/models/resolvers/field-template-model.ts",
    "statementMap": {},
    "fnMap": {},
    "branchMap": {},
    "s": {},
    "f": {},
    "b": {}
  },
  "/home/morgan-freeman/Workspace/globaleaks-angular-fork/client/app/src/models/resolvers/job-resolver-model.ts": {
    "path": "/home/morgan-freeman/Workspace/globaleaks-angular-fork/client/app/src/models/resolvers/job-resolver-model.ts",
    "statementMap": {},
    "fnMap": {},
    "branchMap": {},
    "s": {},
    "f": {},
    "b": {}
  },
  "/home/morgan-freeman/Workspace/globaleaks-angular-fork/client/app/src/models/resolvers/network-resolver-model.ts": {
    "path": "/home/morgan-freeman/Workspace/globaleaks-angular-fork/client/app/src/models/resolvers/network-resolver-model.ts",
    "statementMap": {},
    "fnMap": {},
    "branchMap": {},
    "s": {},
    "f": {},
    "b": {}
  },
  "/home/morgan-freeman/Workspace/globaleaks-angular-fork/client/app/src/models/resolvers/node-resolver-model.ts": {
    "path": "/home/morgan-freeman/Workspace/globaleaks-angular-fork/client/app/src/models/resolvers/node-resolver-model.ts",
    "statementMap": {},
    "fnMap": {},
    "branchMap": {},
    "s": {},
    "f": {},
    "b": {}
  },
  "/home/morgan-freeman/Workspace/globaleaks-angular-fork/client/app/src/models/resolvers/notification-resolver-model.ts": {
    "path": "/home/morgan-freeman/Workspace/globaleaks-angular-fork/client/app/src/models/resolvers/notification-resolver-model.ts",
    "statementMap": {},
    "fnMap": {},
    "branchMap": {},
    "s": {},
    "f": {},
    "b": {}
  },
  "/home/morgan-freeman/Workspace/globaleaks-angular-fork/client/app/src/models/resolvers/preference-resolver-model.ts": {
    "path": "/home/morgan-freeman/Workspace/globaleaks-angular-fork/client/app/src/models/resolvers/preference-resolver-model.ts",
    "statementMap": {},
    "fnMap": {},
    "branchMap": {},
    "s": {},
    "f": {},
    "b": {}
  },
  "/home/morgan-freeman/Workspace/globaleaks-angular-fork/client/app/src/models/resolvers/questionnaire-model.ts": {
    "path": "/home/morgan-freeman/Workspace/globaleaks-angular-fork/client/app/src/models/resolvers/questionnaire-model.ts",
    "statementMap": {},
    "fnMap": {},
    "branchMap": {},
    "s": {},
    "f": {},
    "b": {}
  },
  "/home/morgan-freeman/Workspace/globaleaks-angular-fork/client/app/src/models/resolvers/redirect-resolver-model.ts": {
    "path": "/home/morgan-freeman/Workspace/globaleaks-angular-fork/client/app/src/models/resolvers/redirect-resolver-model.ts",
    "statementMap": {},
    "fnMap": {},
    "branchMap": {},
    "s": {},
    "f": {},
    "b": {}
  },
  "/home/morgan-freeman/Workspace/globaleaks-angular-fork/client/app/src/models/resolvers/rtips-resolver-model.ts": {
    "path": "/home/morgan-freeman/Workspace/globaleaks-angular-fork/client/app/src/models/resolvers/rtips-resolver-model.ts",
    "statementMap": {},
    "fnMap": {},
    "branchMap": {},
    "s": {},
    "f": {},
    "b": {}
  },
  "/home/morgan-freeman/Workspace/globaleaks-angular-fork/client/app/src/models/resolvers/status-resolver-model.ts": {
    "path": "/home/morgan-freeman/Workspace/globaleaks-angular-fork/client/app/src/models/resolvers/status-resolver-model.ts",
    "statementMap": {},
    "fnMap": {},
    "branchMap": {},
    "s": {},
    "f": {},
    "b": {}
  },
  "/home/morgan-freeman/Workspace/globaleaks-angular-fork/client/app/src/models/resolvers/tenant-resolver-model.ts": {
    "path": "/home/morgan-freeman/Workspace/globaleaks-angular-fork/client/app/src/models/resolvers/tenant-resolver-model.ts",
    "statementMap": {},
    "fnMap": {},
    "branchMap": {},
    "s": {},
    "f": {},
    "b": {}
  },
  "/home/morgan-freeman/Workspace/globaleaks-angular-fork/client/app/src/models/resolvers/tips-resolver-model.ts": {
    "path": "/home/morgan-freeman/Workspace/globaleaks-angular-fork/client/app/src/models/resolvers/tips-resolver-model.ts",
    "statementMap": {},
    "fnMap": {},
    "branchMap": {},
    "s": {},
    "f": {},
    "b": {}
  },
  "/home/morgan-freeman/Workspace/globaleaks-angular-fork/client/app/src/models/resolvers/user-resolver-model.ts": {
    "path": "/home/morgan-freeman/Workspace/globaleaks-angular-fork/client/app/src/models/resolvers/user-resolver-model.ts",
    "statementMap": {},
    "fnMap": {},
    "branchMap": {},
    "s": {},
    "f": {},
    "b": {}
  },
  "/home/morgan-freeman/Workspace/globaleaks-angular-fork/client/app/src/models/whistleblower/wb-tip-data.ts": {
    "path": "/home/morgan-freeman/Workspace/globaleaks-angular-fork/client/app/src/models/whistleblower/wb-tip-data.ts",
    "statementMap": {},
    "fnMap": {},
    "branchMap": {},
    "s": {},
    "f": {},
    "b": {}
  },
  "/home/morgan-freeman/Workspace/globaleaks-angular-fork/client/app/src/pages/action/action-routing.module.ts": {
    "path": "/home/morgan-freeman/Workspace/globaleaks-angular-fork/client/app/src/pages/action/action-routing.module.ts",
    "statementMap": {},
    "fnMap": {},
    "branchMap": {},
    "s": {},
    "f": {},
    "b": {}
  },
  "/home/morgan-freeman/Workspace/globaleaks-angular-fork/client/app/src/pages/action/action.module.ts": {
    "path": "/home/morgan-freeman/Workspace/globaleaks-angular-fork/client/app/src/pages/action/action.module.ts",
    "statementMap": {},
    "fnMap": {},
    "branchMap": {},
    "s": {},
    "f": {},
    "b": {}
  },
  "/home/morgan-freeman/Workspace/globaleaks-angular-fork/client/app/src/pages/admin/admin-routing.module.ts": {
    "path": "/home/morgan-freeman/Workspace/globaleaks-angular-fork/client/app/src/pages/admin/admin-routing.module.ts",
    "statementMap": {},
    "fnMap": {},
    "branchMap": {},
    "s": {},
    "f": {},
    "b": {}
  },
  "/home/morgan-freeman/Workspace/globaleaks-angular-fork/client/app/src/pages/admin/admin.module.ts": {
    "path": "/home/morgan-freeman/Workspace/globaleaks-angular-fork/client/app/src/pages/admin/admin.module.ts",
    "statementMap": {},
    "fnMap": {},
    "branchMap": {},
    "s": {},
    "f": {},
    "b": {}
  },
  "/home/morgan-freeman/Workspace/globaleaks-angular-fork/client/app/src/pages/app/app.component.ts": {
    "path": "/home/morgan-freeman/Workspace/globaleaks-angular-fork/client/app/src/pages/app/app.component.ts",
    "statementMap": {},
    "fnMap": {},
    "branchMap": {},
    "s": {},
    "f": {},
    "b": {}
  },
  "/home/morgan-freeman/Workspace/globaleaks-angular-fork/client/app/src/pages/auth/auth-routing.module.ts": {
    "path": "/home/morgan-freeman/Workspace/globaleaks-angular-fork/client/app/src/pages/auth/auth-routing.module.ts",
    "statementMap": {},
    "fnMap": {},
    "branchMap": {},
    "s": {},
    "f": {},
    "b": {}
  },
  "/home/morgan-freeman/Workspace/globaleaks-angular-fork/client/app/src/pages/auth/auth.module.ts": {
    "path": "/home/morgan-freeman/Workspace/globaleaks-angular-fork/client/app/src/pages/auth/auth.module.ts",
    "statementMap": {},
    "fnMap": {},
    "branchMap": {},
    "s": {},
    "f": {},
    "b": {}
  },
  "/home/morgan-freeman/Workspace/globaleaks-angular-fork/client/app/src/pages/custodian/custodian-routing.module.ts": {
    "path": "/home/morgan-freeman/Workspace/globaleaks-angular-fork/client/app/src/pages/custodian/custodian-routing.module.ts",
    "statementMap": {},
    "fnMap": {},
    "branchMap": {},
    "s": {},
    "f": {},
    "b": {}
  },
  "/home/morgan-freeman/Workspace/globaleaks-angular-fork/client/app/src/pages/custodian/custodian.module.ts": {
    "path": "/home/morgan-freeman/Workspace/globaleaks-angular-fork/client/app/src/pages/custodian/custodian.module.ts",
    "statementMap": {},
    "fnMap": {},
    "branchMap": {},
    "s": {},
    "f": {},
    "b": {}
  },
  "/home/morgan-freeman/Workspace/globaleaks-angular-fork/client/app/src/pages/recipient/recipient-routing.module.ts": {
    "path": "/home/morgan-freeman/Workspace/globaleaks-angular-fork/client/app/src/pages/recipient/recipient-routing.module.ts",
    "statementMap": {},
    "fnMap": {},
    "branchMap": {},
    "s": {},
    "f": {},
    "b": {}
  },
  "/home/morgan-freeman/Workspace/globaleaks-angular-fork/client/app/src/pages/recipient/recipient.module.ts": {
    "path": "/home/morgan-freeman/Workspace/globaleaks-angular-fork/client/app/src/pages/recipient/recipient.module.ts",
    "statementMap": {},
    "fnMap": {},
    "branchMap": {},
    "s": {},
    "f": {},
    "b": {}
  },
  "/home/morgan-freeman/Workspace/globaleaks-angular-fork/client/app/src/pages/signup/signup-routing.module.ts": {
    "path": "/home/morgan-freeman/Workspace/globaleaks-angular-fork/client/app/src/pages/signup/signup-routing.module.ts",
    "statementMap": {},
    "fnMap": {},
    "branchMap": {},
    "s": {},
    "f": {},
    "b": {}
  },
  "/home/morgan-freeman/Workspace/globaleaks-angular-fork/client/app/src/pages/signup/signup.module.ts": {
    "path": "/home/morgan-freeman/Workspace/globaleaks-angular-fork/client/app/src/pages/signup/signup.module.ts",
    "statementMap": {},
    "fnMap": {},
    "branchMap": {},
    "s": {},
    "f": {},
    "b": {}
  },
  "/home/morgan-freeman/Workspace/globaleaks-angular-fork/client/app/src/pages/whistleblower/whistleblower.module.ts": {
    "path": "/home/morgan-freeman/Workspace/globaleaks-angular-fork/client/app/src/pages/whistleblower/whistleblower.module.ts",
    "statementMap": {},
    "fnMap": {},
    "branchMap": {},
    "s": {},
    "f": {},
    "b": {}
  },
  "/home/morgan-freeman/Workspace/globaleaks-angular-fork/client/app/src/pages/wizard/wizard-routing.module.ts": {
    "path": "/home/morgan-freeman/Workspace/globaleaks-angular-fork/client/app/src/pages/wizard/wizard-routing.module.ts",
    "statementMap": {},
    "fnMap": {},
    "branchMap": {},
    "s": {},
    "f": {},
    "b": {}
  },
  "/home/morgan-freeman/Workspace/globaleaks-angular-fork/client/app/src/pages/wizard/wizard.module.ts": {
    "path": "/home/morgan-freeman/Workspace/globaleaks-angular-fork/client/app/src/pages/wizard/wizard.module.ts",
    "statementMap": {},
    "fnMap": {},
    "branchMap": {},
    "s": {},
    "f": {},
    "b": {}
  },
  "/home/morgan-freeman/Workspace/globaleaks-angular-fork/client/app/src/shared/blank/blank.component.ts": {
    "path": "/home/morgan-freeman/Workspace/globaleaks-angular-fork/client/app/src/shared/blank/blank.component.ts",
    "statementMap": {},
    "fnMap": {},
    "branchMap": {},
    "s": {},
    "f": {},
    "b": {}
  },
  "/home/morgan-freeman/Workspace/globaleaks-angular-fork/client/app/src/shared/constants/constants.ts": {
    "path": "/home/morgan-freeman/Workspace/globaleaks-angular-fork/client/app/src/shared/constants/constants.ts",
    "statementMap": {},
    "fnMap": {},
    "branchMap": {},
    "s": {},
    "f": {},
    "b": {}
  },
  "/home/morgan-freeman/Workspace/globaleaks-angular-fork/client/app/src/shared/directive/disable-ccp.directive.ts": {
    "path": "/home/morgan-freeman/Workspace/globaleaks-angular-fork/client/app/src/shared/directive/disable-ccp.directive.ts",
    "statementMap": {},
    "fnMap": {},
    "branchMap": {},
    "s": {},
    "f": {},
    "b": {}
  },
  "/home/morgan-freeman/Workspace/globaleaks-angular-fork/client/app/src/shared/directive/image-upload.directive.ts": {
    "path": "/home/morgan-freeman/Workspace/globaleaks-angular-fork/client/app/src/shared/directive/image-upload.directive.ts",
    "statementMap": {},
    "fnMap": {},
    "branchMap": {},
    "s": {},
    "f": {},
    "b": {}
  },
  "/home/morgan-freeman/Workspace/globaleaks-angular-fork/client/app/src/shared/directive/ng-form-change.directive.ts": {
    "path": "/home/morgan-freeman/Workspace/globaleaks-angular-fork/client/app/src/shared/directive/ng-form-change.directive.ts",
    "statementMap": {},
    "fnMap": {},
    "branchMap": {},
    "s": {},
    "f": {},
    "b": {}
  },
  "/home/morgan-freeman/Workspace/globaleaks-angular-fork/client/app/src/shared/directive/password-strength-validator.directive.ts": {
    "path": "/home/morgan-freeman/Workspace/globaleaks-angular-fork/client/app/src/shared/directive/password-strength-validator.directive.ts",
    "statementMap": {},
    "fnMap": {},
    "branchMap": {},
    "s": {},
    "f": {},
    "b": {}
  },
  "/home/morgan-freeman/Workspace/globaleaks-angular-fork/client/app/src/shared/directive/receipt-validator.directive.ts": {
    "path": "/home/morgan-freeman/Workspace/globaleaks-angular-fork/client/app/src/shared/directive/receipt-validator.directive.ts",
    "statementMap": {},
    "fnMap": {},
    "branchMap": {},
    "s": {},
    "f": {},
    "b": {}
  },
  "/home/morgan-freeman/Workspace/globaleaks-angular-fork/client/app/src/shared/directive/scroll-to-bottom.directive.ts": {
    "path": "/home/morgan-freeman/Workspace/globaleaks-angular-fork/client/app/src/shared/directive/scroll-to-bottom.directive.ts",
    "statementMap": {},
    "fnMap": {},
    "branchMap": {},
    "s": {},
    "f": {},
    "b": {}
  },
  "/home/morgan-freeman/Workspace/globaleaks-angular-fork/client/app/src/shared/directive/subdomain-validator.directive.ts": {
    "path": "/home/morgan-freeman/Workspace/globaleaks-angular-fork/client/app/src/shared/directive/subdomain-validator.directive.ts",
    "statementMap": {},
    "fnMap": {},
    "branchMap": {},
    "s": {},
    "f": {},
    "b": {}
  },
  "/home/morgan-freeman/Workspace/globaleaks-angular-fork/client/app/src/shared/guards/admin.guard.ts": {
    "path": "/home/morgan-freeman/Workspace/globaleaks-angular-fork/client/app/src/shared/guards/admin.guard.ts",
    "statementMap": {},
    "fnMap": {},
    "branchMap": {},
    "s": {},
    "f": {},
    "b": {}
  },
  "/home/morgan-freeman/Workspace/globaleaks-angular-fork/client/app/src/shared/guards/custodian.guard.ts": {
    "path": "/home/morgan-freeman/Workspace/globaleaks-angular-fork/client/app/src/shared/guards/custodian.guard.ts",
    "statementMap": {},
    "fnMap": {},
    "branchMap": {},
    "s": {},
    "f": {},
    "b": {}
  },
  "/home/morgan-freeman/Workspace/globaleaks-angular-fork/client/app/src/shared/guards/pageguard.service.ts": {
    "path": "/home/morgan-freeman/Workspace/globaleaks-angular-fork/client/app/src/shared/guards/pageguard.service.ts",
    "statementMap": {},
    "fnMap": {},
    "branchMap": {},
    "s": {},
    "f": {},
    "b": {}
  },
  "/home/morgan-freeman/Workspace/globaleaks-angular-fork/client/app/src/shared/guards/receiver.guard.ts": {
    "path": "/home/morgan-freeman/Workspace/globaleaks-angular-fork/client/app/src/shared/guards/receiver.guard.ts",
    "statementMap": {},
    "fnMap": {},
    "branchMap": {},
    "s": {},
    "f": {},
    "b": {}
  },
  "/home/morgan-freeman/Workspace/globaleaks-angular-fork/client/app/src/shared/pipes/byte-fmt.pipe.ts": {
    "path": "/home/morgan-freeman/Workspace/globaleaks-angular-fork/client/app/src/shared/pipes/byte-fmt.pipe.ts",
    "statementMap": {},
    "fnMap": {},
    "branchMap": {},
    "s": {},
    "f": {},
    "b": {}
  },
  "/home/morgan-freeman/Workspace/globaleaks-angular-fork/client/app/src/shared/pipes/date.pipe.ts": {
    "path": "/home/morgan-freeman/Workspace/globaleaks-angular-fork/client/app/src/shared/pipes/date.pipe.ts",
    "statementMap": {},
    "fnMap": {},
    "branchMap": {},
    "s": {},
    "f": {},
    "b": {}
  },
  "/home/morgan-freeman/Workspace/globaleaks-angular-fork/client/app/src/shared/pipes/filter.pipe.ts": {
    "path": "/home/morgan-freeman/Workspace/globaleaks-angular-fork/client/app/src/shared/pipes/filter.pipe.ts",
    "statementMap": {},
    "fnMap": {},
    "branchMap": {},
    "s": {},
    "f": {},
    "b": {}
  },
  "/home/morgan-freeman/Workspace/globaleaks-angular-fork/client/app/src/shared/pipes/limit-to.pipe.ts": {
    "path": "/home/morgan-freeman/Workspace/globaleaks-angular-fork/client/app/src/shared/pipes/limit-to.pipe.ts",
    "statementMap": {},
    "fnMap": {},
    "branchMap": {},
    "s": {},
    "f": {},
    "b": {}
  },
  "/home/morgan-freeman/Workspace/globaleaks-angular-fork/client/app/src/shared/pipes/order-by.pipe.ts": {
    "path": "/home/morgan-freeman/Workspace/globaleaks-angular-fork/client/app/src/shared/pipes/order-by.pipe.ts",
    "statementMap": {},
    "fnMap": {},
    "branchMap": {},
    "s": {},
    "f": {},
    "b": {}
  },
  "/home/morgan-freeman/Workspace/globaleaks-angular-fork/client/app/src/shared/pipes/split.pipe.ts": {
    "path": "/home/morgan-freeman/Workspace/globaleaks-angular-fork/client/app/src/shared/pipes/split.pipe.ts",
    "statementMap": {},
    "fnMap": {},
    "branchMap": {},
    "s": {},
    "f": {},
    "b": {}
  },
  "/home/morgan-freeman/Workspace/globaleaks-angular-fork/client/app/src/shared/pipes/strip-html.pipe.ts": {
    "path": "/home/morgan-freeman/Workspace/globaleaks-angular-fork/client/app/src/shared/pipes/strip-html.pipe.ts",
    "statementMap": {},
    "fnMap": {},
    "branchMap": {},
    "s": {},
    "f": {},
    "b": {}
  },
  "/home/morgan-freeman/Workspace/globaleaks-angular-fork/client/app/src/shared/pipes/translate.ts": {
    "path": "/home/morgan-freeman/Workspace/globaleaks-angular-fork/client/app/src/shared/pipes/translate.ts",
    "statementMap": {},
    "fnMap": {},
    "branchMap": {},
    "s": {},
    "f": {},
    "b": {}
  },
  "/home/morgan-freeman/Workspace/globaleaks-angular-fork/client/app/src/shared/resolvers/audit-log-resolver.service.ts": {
    "path": "/home/morgan-freeman/Workspace/globaleaks-angular-fork/client/app/src/shared/resolvers/audit-log-resolver.service.ts",
    "statementMap": {},
    "fnMap": {},
    "branchMap": {},
    "s": {},
    "f": {},
    "b": {}
  },
  "/home/morgan-freeman/Workspace/globaleaks-angular-fork/client/app/src/shared/resolvers/contexts.resolver.ts": {
    "path": "/home/morgan-freeman/Workspace/globaleaks-angular-fork/client/app/src/shared/resolvers/contexts.resolver.ts",
    "statementMap": {},
    "fnMap": {},
    "branchMap": {},
    "s": {},
    "f": {},
    "b": {}
  },
  "/home/morgan-freeman/Workspace/globaleaks-angular-fork/client/app/src/shared/resolvers/field-templates-resolver.service.ts": {
    "path": "/home/morgan-freeman/Workspace/globaleaks-angular-fork/client/app/src/shared/resolvers/field-templates-resolver.service.ts",
    "statementMap": {},
    "fnMap": {},
    "branchMap": {},
    "s": {},
    "f": {},
    "b": {}
  },
  "/home/morgan-freeman/Workspace/globaleaks-angular-fork/client/app/src/shared/resolvers/iar-resolver.service.ts": {
    "path": "/home/morgan-freeman/Workspace/globaleaks-angular-fork/client/app/src/shared/resolvers/iar-resolver.service.ts",
    "statementMap": {},
    "fnMap": {},
    "branchMap": {},
    "s": {},
    "f": {},
    "b": {}
  },
  "/home/morgan-freeman/Workspace/globaleaks-angular-fork/client/app/src/shared/resolvers/job.resolver.ts": {
    "path": "/home/morgan-freeman/Workspace/globaleaks-angular-fork/client/app/src/shared/resolvers/job.resolver.ts",
    "statementMap": {},
    "fnMap": {},
    "branchMap": {},
    "s": {},
    "f": {},
    "b": {}
  },
  "/home/morgan-freeman/Workspace/globaleaks-angular-fork/client/app/src/shared/resolvers/network.resolver.ts": {
    "path": "/home/morgan-freeman/Workspace/globaleaks-angular-fork/client/app/src/shared/resolvers/network.resolver.ts",
    "statementMap": {},
    "fnMap": {},
    "branchMap": {},
    "s": {},
    "f": {},
    "b": {}
  },
  "/home/morgan-freeman/Workspace/globaleaks-angular-fork/client/app/src/shared/resolvers/node.resolver.ts": {
    "path": "/home/morgan-freeman/Workspace/globaleaks-angular-fork/client/app/src/shared/resolvers/node.resolver.ts",
    "statementMap": {},
    "fnMap": {},
    "branchMap": {},
    "s": {},
    "f": {},
    "b": {}
  },
  "/home/morgan-freeman/Workspace/globaleaks-angular-fork/client/app/src/shared/resolvers/notifications.resolver.ts": {
    "path": "/home/morgan-freeman/Workspace/globaleaks-angular-fork/client/app/src/shared/resolvers/notifications.resolver.ts",
    "statementMap": {},
    "fnMap": {},
    "branchMap": {},
    "s": {},
    "f": {},
    "b": {}
  },
  "/home/morgan-freeman/Workspace/globaleaks-angular-fork/client/app/src/shared/resolvers/preference.resolver.ts": {
    "path": "/home/morgan-freeman/Workspace/globaleaks-angular-fork/client/app/src/shared/resolvers/preference.resolver.ts",
    "statementMap": {},
    "fnMap": {},
    "branchMap": {},
    "s": {},
    "f": {},
    "b": {}
  },
  "/home/morgan-freeman/Workspace/globaleaks-angular-fork/client/app/src/shared/resolvers/questionnaires.resolver.ts": {
    "path": "/home/morgan-freeman/Workspace/globaleaks-angular-fork/client/app/src/shared/resolvers/questionnaires.resolver.ts",
    "statementMap": {},
    "fnMap": {},
    "branchMap": {},
    "s": {},
    "f": {},
    "b": {}
  },
  "/home/morgan-freeman/Workspace/globaleaks-angular-fork/client/app/src/shared/resolvers/r-tips-resolver.service.ts": {
    "path": "/home/morgan-freeman/Workspace/globaleaks-angular-fork/client/app/src/shared/resolvers/r-tips-resolver.service.ts",
    "statementMap": {},
    "fnMap": {},
    "branchMap": {},
    "s": {},
    "f": {},
    "b": {}
  },
  "/home/morgan-freeman/Workspace/globaleaks-angular-fork/client/app/src/shared/resolvers/redirects.resolver.ts": {
    "path": "/home/morgan-freeman/Workspace/globaleaks-angular-fork/client/app/src/shared/resolvers/redirects.resolver.ts",
    "statementMap": {},
    "fnMap": {},
    "branchMap": {},
    "s": {},
    "f": {},
    "b": {}
  },
  "/home/morgan-freeman/Workspace/globaleaks-angular-fork/client/app/src/shared/resolvers/statuses.resolver.ts": {
    "path": "/home/morgan-freeman/Workspace/globaleaks-angular-fork/client/app/src/shared/resolvers/statuses.resolver.ts",
    "statementMap": {},
    "fnMap": {},
    "branchMap": {},
    "s": {},
    "f": {},
    "b": {}
  },
  "/home/morgan-freeman/Workspace/globaleaks-angular-fork/client/app/src/shared/resolvers/tenants.resolver.ts": {
    "path": "/home/morgan-freeman/Workspace/globaleaks-angular-fork/client/app/src/shared/resolvers/tenants.resolver.ts",
    "statementMap": {},
    "fnMap": {},
    "branchMap": {},
    "s": {},
    "f": {},
    "b": {}
  },
  "/home/morgan-freeman/Workspace/globaleaks-angular-fork/client/app/src/shared/resolvers/tips.resolver.ts": {
    "path": "/home/morgan-freeman/Workspace/globaleaks-angular-fork/client/app/src/shared/resolvers/tips.resolver.ts",
    "statementMap": {},
    "fnMap": {},
    "branchMap": {},
    "s": {},
    "f": {},
    "b": {}
  },
  "/home/morgan-freeman/Workspace/globaleaks-angular-fork/client/app/src/shared/resolvers/title-resolver.resolver.ts": {
    "path": "/home/morgan-freeman/Workspace/globaleaks-angular-fork/client/app/src/shared/resolvers/title-resolver.resolver.ts",
    "statementMap": {},
    "fnMap": {},
    "branchMap": {},
    "s": {},
    "f": {},
    "b": {}
  },
  "/home/morgan-freeman/Workspace/globaleaks-angular-fork/client/app/src/shared/resolvers/users.resolver.ts": {
    "path": "/home/morgan-freeman/Workspace/globaleaks-angular-fork/client/app/src/shared/resolvers/users.resolver.ts",
    "statementMap": {},
    "fnMap": {},
    "branchMap": {},
    "s": {},
    "f": {},
    "b": {}
  },
  "/home/morgan-freeman/Workspace/globaleaks-angular-fork/client/app/src/shared/resolvers/wb-tip-resolver.service.ts": {
    "path": "/home/morgan-freeman/Workspace/globaleaks-angular-fork/client/app/src/shared/resolvers/wb-tip-resolver.service.ts",
    "statementMap": {},
    "fnMap": {},
    "branchMap": {},
    "s": {},
    "f": {},
    "b": {}
  },
  "/home/morgan-freeman/Workspace/globaleaks-angular-fork/client/app/src/shared/resolvers/whistleblower-login.resolver.ts": {
    "path": "/home/morgan-freeman/Workspace/globaleaks-angular-fork/client/app/src/shared/resolvers/whistleblower-login.resolver.ts",
    "statementMap": {},
    "fnMap": {},
    "branchMap": {},
    "s": {},
    "f": {},
    "b": {}
  },
  "/home/morgan-freeman/Workspace/globaleaks-angular-fork/client/app/src/shared/services/browser-check.service.ts": {
    "path": "/home/morgan-freeman/Workspace/globaleaks-angular-fork/client/app/src/shared/services/browser-check.service.ts",
    "statementMap": {},
    "fnMap": {},
    "branchMap": {},
    "s": {},
    "f": {},
    "b": {}
  },
  "/home/morgan-freeman/Workspace/globaleaks-angular-fork/client/app/src/shared/services/field-utilities.service.ts": {
    "path": "/home/morgan-freeman/Workspace/globaleaks-angular-fork/client/app/src/shared/services/field-utilities.service.ts",
    "statementMap": {},
    "fnMap": {},
    "branchMap": {},
    "s": {},
    "f": {},
    "b": {}
  },
  "/home/morgan-freeman/Workspace/globaleaks-angular-fork/client/app/src/shared/services/http.service.ts": {
    "path": "/home/morgan-freeman/Workspace/globaleaks-angular-fork/client/app/src/shared/services/http.service.ts",
    "statementMap": {},
    "fnMap": {},
    "branchMap": {},
    "s": {},
    "f": {},
    "b": {}
  },
  "/home/morgan-freeman/Workspace/globaleaks-angular-fork/client/app/src/shared/services/tip-service.ts": {
    "path": "/home/morgan-freeman/Workspace/globaleaks-angular-fork/client/app/src/shared/services/tip-service.ts",
    "statementMap": {},
    "fnMap": {},
    "branchMap": {},
    "s": {},
    "f": {},
    "b": {}
  },
  "/home/morgan-freeman/Workspace/globaleaks-angular-fork/client/app/src/shared/services/token-resource.service.ts": {
    "path": "/home/morgan-freeman/Workspace/globaleaks-angular-fork/client/app/src/shared/services/token-resource.service.ts",
    "statementMap": {},
    "fnMap": {},
    "branchMap": {},
    "s": {},
    "f": {},
    "b": {}
  },
  "/home/morgan-freeman/Workspace/globaleaks-angular-fork/client/app/src/pages/action/force-password-change/force-password-change.component.ts": {
    "path": "/home/morgan-freeman/Workspace/globaleaks-angular-fork/client/app/src/pages/action/force-password-change/force-password-change.component.ts",
    "statementMap": {},
    "fnMap": {},
    "branchMap": {},
    "s": {},
    "f": {},
    "b": {}
  },
  "/home/morgan-freeman/Workspace/globaleaks-angular-fork/client/app/src/pages/action/forced-two-factor/forced-two-factor.component.ts": {
    "path": "/home/morgan-freeman/Workspace/globaleaks-angular-fork/client/app/src/pages/action/forced-two-factor/forced-two-factor.component.ts",
    "statementMap": {},
    "fnMap": {},
    "branchMap": {},
    "s": {},
    "f": {},
    "b": {}
  },
  "/home/morgan-freeman/Workspace/globaleaks-angular-fork/client/app/src/pages/admin/admin-preferences/admin-preferences.component.ts": {
    "path": "/home/morgan-freeman/Workspace/globaleaks-angular-fork/client/app/src/pages/admin/admin-preferences/admin-preferences.component.ts",
    "statementMap": {},
    "fnMap": {},
    "branchMap": {},
    "s": {},
    "f": {},
    "b": {}
  },
  "/home/morgan-freeman/Workspace/globaleaks-angular-fork/client/app/src/pages/admin/auditlog/audit-log.component.ts": {
    "path": "/home/morgan-freeman/Workspace/globaleaks-angular-fork/client/app/src/pages/admin/auditlog/audit-log.component.ts",
    "statementMap": {},
    "fnMap": {},
    "branchMap": {},
    "s": {},
    "f": {},
    "b": {}
  },
  "/home/morgan-freeman/Workspace/globaleaks-angular-fork/client/app/src/pages/admin/auditlog/audit-log.module.ts": {
    "path": "/home/morgan-freeman/Workspace/globaleaks-angular-fork/client/app/src/pages/admin/auditlog/audit-log.module.ts",
    "statementMap": {},
    "fnMap": {},
    "branchMap": {},
    "s": {},
    "f": {},
    "b": {}
  },
  "/home/morgan-freeman/Workspace/globaleaks-angular-fork/client/app/src/pages/admin/auditlog/auditlog-routing.module.ts": {
    "path": "/home/morgan-freeman/Workspace/globaleaks-angular-fork/client/app/src/pages/admin/auditlog/auditlog-routing.module.ts",
    "statementMap": {},
    "fnMap": {},
    "branchMap": {},
    "s": {},
    "f": {},
    "b": {}
  },
  "/home/morgan-freeman/Workspace/globaleaks-angular-fork/client/app/src/pages/admin/casemanagement/case-management-routing.module.ts": {
    "path": "/home/morgan-freeman/Workspace/globaleaks-angular-fork/client/app/src/pages/admin/casemanagement/case-management-routing.module.ts",
    "statementMap": {},
    "fnMap": {},
    "branchMap": {},
    "s": {},
    "f": {},
    "b": {}
  },
  "/home/morgan-freeman/Workspace/globaleaks-angular-fork/client/app/src/pages/admin/casemanagement/case-management.component.ts": {
    "path": "/home/morgan-freeman/Workspace/globaleaks-angular-fork/client/app/src/pages/admin/casemanagement/case-management.component.ts",
    "statementMap": {},
    "fnMap": {},
    "branchMap": {},
    "s": {},
    "f": {},
    "b": {}
  },
  "/home/morgan-freeman/Workspace/globaleaks-angular-fork/client/app/src/pages/admin/casemanagement/case-management.module.ts": {
    "path": "/home/morgan-freeman/Workspace/globaleaks-angular-fork/client/app/src/pages/admin/casemanagement/case-management.module.ts",
    "statementMap": {},
    "fnMap": {},
    "branchMap": {},
    "s": {},
    "f": {},
    "b": {}
  },
  "/home/morgan-freeman/Workspace/globaleaks-angular-fork/client/app/src/pages/admin/contexts/contexts-routing.module.ts": {
    "path": "/home/morgan-freeman/Workspace/globaleaks-angular-fork/client/app/src/pages/admin/contexts/contexts-routing.module.ts",
    "statementMap": {},
    "fnMap": {},
    "branchMap": {},
    "s": {},
    "f": {},
    "b": {}
  },
  "/home/morgan-freeman/Workspace/globaleaks-angular-fork/client/app/src/pages/admin/contexts/contexts.component.ts": {
    "path": "/home/morgan-freeman/Workspace/globaleaks-angular-fork/client/app/src/pages/admin/contexts/contexts.component.ts",
    "statementMap": {},
    "fnMap": {},
    "branchMap": {},
    "s": {},
    "f": {},
    "b": {}
  },
  "/home/morgan-freeman/Workspace/globaleaks-angular-fork/client/app/src/pages/admin/contexts/contexts.module.ts": {
    "path": "/home/morgan-freeman/Workspace/globaleaks-angular-fork/client/app/src/pages/admin/contexts/contexts.module.ts",
    "statementMap": {},
    "fnMap": {},
    "branchMap": {},
    "s": {},
    "f": {},
    "b": {}
  },
  "/home/morgan-freeman/Workspace/globaleaks-angular-fork/client/app/src/pages/admin/home/admin-home.component.ts": {
    "path": "/home/morgan-freeman/Workspace/globaleaks-angular-fork/client/app/src/pages/admin/home/admin-home.component.ts",
    "statementMap": {},
    "fnMap": {},
    "branchMap": {},
    "s": {},
    "f": {},
    "b": {}
  },
  "/home/morgan-freeman/Workspace/globaleaks-angular-fork/client/app/src/pages/admin/network/network-routing.module.ts": {
    "path": "/home/morgan-freeman/Workspace/globaleaks-angular-fork/client/app/src/pages/admin/network/network-routing.module.ts",
    "statementMap": {},
    "fnMap": {},
    "branchMap": {},
    "s": {},
    "f": {},
    "b": {}
  },
  "/home/morgan-freeman/Workspace/globaleaks-angular-fork/client/app/src/pages/admin/network/network.component.ts": {
    "path": "/home/morgan-freeman/Workspace/globaleaks-angular-fork/client/app/src/pages/admin/network/network.component.ts",
    "statementMap": {},
    "fnMap": {},
    "branchMap": {},
    "s": {},
    "f": {},
    "b": {}
  },
  "/home/morgan-freeman/Workspace/globaleaks-angular-fork/client/app/src/pages/admin/network/network.module.ts": {
    "path": "/home/morgan-freeman/Workspace/globaleaks-angular-fork/client/app/src/pages/admin/network/network.module.ts",
    "statementMap": {},
    "fnMap": {},
    "branchMap": {},
    "s": {},
    "f": {},
    "b": {}
  },
  "/home/morgan-freeman/Workspace/globaleaks-angular-fork/client/app/src/pages/admin/notifications/notifications-routing.module.ts": {
    "path": "/home/morgan-freeman/Workspace/globaleaks-angular-fork/client/app/src/pages/admin/notifications/notifications-routing.module.ts",
    "statementMap": {},
    "fnMap": {},
    "branchMap": {},
    "s": {},
    "f": {},
    "b": {}
  },
  "/home/morgan-freeman/Workspace/globaleaks-angular-fork/client/app/src/pages/admin/notifications/notifications.component.ts": {
    "path": "/home/morgan-freeman/Workspace/globaleaks-angular-fork/client/app/src/pages/admin/notifications/notifications.component.ts",
    "statementMap": {},
    "fnMap": {},
    "branchMap": {},
    "s": {},
    "f": {},
    "b": {}
  },
  "/home/morgan-freeman/Workspace/globaleaks-angular-fork/client/app/src/pages/admin/notifications/notifications.module.ts": {
    "path": "/home/morgan-freeman/Workspace/globaleaks-angular-fork/client/app/src/pages/admin/notifications/notifications.module.ts",
    "statementMap": {},
    "fnMap": {},
    "branchMap": {},
    "s": {},
    "f": {},
    "b": {}
  },
  "/home/morgan-freeman/Workspace/globaleaks-angular-fork/client/app/src/pages/admin/questionnaires/questionnaire.service.ts": {
    "path": "/home/morgan-freeman/Workspace/globaleaks-angular-fork/client/app/src/pages/admin/questionnaires/questionnaire.service.ts",
    "statementMap": {},
    "fnMap": {},
    "branchMap": {},
    "s": {},
    "f": {},
    "b": {}
  },
  "/home/morgan-freeman/Workspace/globaleaks-angular-fork/client/app/src/pages/admin/questionnaires/questionnaires-routing.module.ts": {
    "path": "/home/morgan-freeman/Workspace/globaleaks-angular-fork/client/app/src/pages/admin/questionnaires/questionnaires-routing.module.ts",
    "statementMap": {},
    "fnMap": {},
    "branchMap": {},
    "s": {},
    "f": {},
    "b": {}
  },
  "/home/morgan-freeman/Workspace/globaleaks-angular-fork/client/app/src/pages/admin/questionnaires/questionnaires.component.ts": {
    "path": "/home/morgan-freeman/Workspace/globaleaks-angular-fork/client/app/src/pages/admin/questionnaires/questionnaires.component.ts",
    "statementMap": {},
    "fnMap": {},
    "branchMap": {},
    "s": {},
    "f": {},
    "b": {}
  },
  "/home/morgan-freeman/Workspace/globaleaks-angular-fork/client/app/src/pages/admin/questionnaires/questionnaires.module.ts": {
    "path": "/home/morgan-freeman/Workspace/globaleaks-angular-fork/client/app/src/pages/admin/questionnaires/questionnaires.module.ts",
    "statementMap": {},
    "fnMap": {},
    "branchMap": {},
    "s": {},
    "f": {},
    "b": {}
  },
  "/home/morgan-freeman/Workspace/globaleaks-angular-fork/client/app/src/pages/admin/settings/settings-routing.module.ts": {
    "path": "/home/morgan-freeman/Workspace/globaleaks-angular-fork/client/app/src/pages/admin/settings/settings-routing.module.ts",
    "statementMap": {},
    "fnMap": {},
    "branchMap": {},
    "s": {},
    "f": {},
    "b": {}
  },
  "/home/morgan-freeman/Workspace/globaleaks-angular-fork/client/app/src/pages/admin/settings/settings.component.ts": {
    "path": "/home/morgan-freeman/Workspace/globaleaks-angular-fork/client/app/src/pages/admin/settings/settings.component.ts",
    "statementMap": {},
    "fnMap": {},
    "branchMap": {},
    "s": {},
    "f": {},
    "b": {}
  },
  "/home/morgan-freeman/Workspace/globaleaks-angular-fork/client/app/src/pages/admin/settings/settings.module.ts": {
    "path": "/home/morgan-freeman/Workspace/globaleaks-angular-fork/client/app/src/pages/admin/settings/settings.module.ts",
    "statementMap": {},
    "fnMap": {},
    "branchMap": {},
    "s": {},
    "f": {},
    "b": {}
  },
  "/home/morgan-freeman/Workspace/globaleaks-angular-fork/client/app/src/pages/admin/sidebar/sidebar.component.ts": {
    "path": "/home/morgan-freeman/Workspace/globaleaks-angular-fork/client/app/src/pages/admin/sidebar/sidebar.component.ts",
    "statementMap": {},
    "fnMap": {},
    "branchMap": {},
    "s": {},
    "f": {},
    "b": {}
  },
  "/home/morgan-freeman/Workspace/globaleaks-angular-fork/client/app/src/pages/admin/sites/sites-routing.module.ts": {
    "path": "/home/morgan-freeman/Workspace/globaleaks-angular-fork/client/app/src/pages/admin/sites/sites-routing.module.ts",
    "statementMap": {},
    "fnMap": {},
    "branchMap": {},
    "s": {},
    "f": {},
    "b": {}
  },
  "/home/morgan-freeman/Workspace/globaleaks-angular-fork/client/app/src/pages/admin/sites/sites.component.ts": {
    "path": "/home/morgan-freeman/Workspace/globaleaks-angular-fork/client/app/src/pages/admin/sites/sites.component.ts",
    "statementMap": {},
    "fnMap": {},
    "branchMap": {},
    "s": {},
    "f": {},
    "b": {}
  },
  "/home/morgan-freeman/Workspace/globaleaks-angular-fork/client/app/src/pages/admin/sites/sites.module.ts": {
    "path": "/home/morgan-freeman/Workspace/globaleaks-angular-fork/client/app/src/pages/admin/sites/sites.module.ts",
    "statementMap": {},
    "fnMap": {},
    "branchMap": {},
    "s": {},
    "f": {},
    "b": {}
  },
  "/home/morgan-freeman/Workspace/globaleaks-angular-fork/client/app/src/pages/admin/users/users-routing.module.ts": {
    "path": "/home/morgan-freeman/Workspace/globaleaks-angular-fork/client/app/src/pages/admin/users/users-routing.module.ts",
    "statementMap": {},
    "fnMap": {},
    "branchMap": {},
    "s": {},
    "f": {},
    "b": {}
  },
  "/home/morgan-freeman/Workspace/globaleaks-angular-fork/client/app/src/pages/admin/users/users.component.ts": {
    "path": "/home/morgan-freeman/Workspace/globaleaks-angular-fork/client/app/src/pages/admin/users/users.component.ts",
    "statementMap": {},
    "fnMap": {},
    "branchMap": {},
    "s": {},
    "f": {},
    "b": {}
  },
  "/home/morgan-freeman/Workspace/globaleaks-angular-fork/client/app/src/pages/admin/users/users.module.ts": {
    "path": "/home/morgan-freeman/Workspace/globaleaks-angular-fork/client/app/src/pages/admin/users/users.module.ts",
    "statementMap": {},
    "fnMap": {},
    "branchMap": {},
    "s": {},
    "f": {},
    "b": {}
  },
  "/home/morgan-freeman/Workspace/globaleaks-angular-fork/client/app/src/pages/auth/login/login.component.ts": {
    "path": "/home/morgan-freeman/Workspace/globaleaks-angular-fork/client/app/src/pages/auth/login/login.component.ts",
    "statementMap": {},
    "fnMap": {},
    "branchMap": {},
    "s": {},
    "f": {},
    "b": {}
  },
  "/home/morgan-freeman/Workspace/globaleaks-angular-fork/client/app/src/pages/auth/password-reset/password-reset.component.ts": {
    "path": "/home/morgan-freeman/Workspace/globaleaks-angular-fork/client/app/src/pages/auth/password-reset/password-reset.component.ts",
    "statementMap": {},
    "fnMap": {},
    "branchMap": {},
    "s": {},
    "f": {},
    "b": {}
  },
  "/home/morgan-freeman/Workspace/globaleaks-angular-fork/client/app/src/pages/auth/password-reset-response/password-reset-response.component.ts": {
    "path": "/home/morgan-freeman/Workspace/globaleaks-angular-fork/client/app/src/pages/auth/password-reset-response/password-reset-response.component.ts",
    "statementMap": {},
    "fnMap": {},
    "branchMap": {},
    "s": {},
    "f": {},
    "b": {}
  },
  "/home/morgan-freeman/Workspace/globaleaks-angular-fork/client/app/src/pages/auth/passwordreqested/password-requested.component.ts": {
    "path": "/home/morgan-freeman/Workspace/globaleaks-angular-fork/client/app/src/pages/auth/passwordreqested/password-requested.component.ts",
    "statementMap": {},
    "fnMap": {},
    "branchMap": {},
    "s": {},
    "f": {},
    "b": {}
  },
  "/home/morgan-freeman/Workspace/globaleaks-angular-fork/client/app/src/pages/custodian/home/home.component.ts": {
    "path": "/home/morgan-freeman/Workspace/globaleaks-angular-fork/client/app/src/pages/custodian/home/home.component.ts",
    "statementMap": {},
    "fnMap": {},
    "branchMap": {},
    "s": {},
    "f": {},
    "b": {}
  },
  "/home/morgan-freeman/Workspace/globaleaks-angular-fork/client/app/src/pages/custodian/identity-access-requests/identity-access-requests.component.ts": {
    "path": "/home/morgan-freeman/Workspace/globaleaks-angular-fork/client/app/src/pages/custodian/identity-access-requests/identity-access-requests.component.ts",
    "statementMap": {},
    "fnMap": {},
    "branchMap": {},
    "s": {},
    "f": {},
    "b": {}
  },
  "/home/morgan-freeman/Workspace/globaleaks-angular-fork/client/app/src/pages/custodian/settings/settings.component.ts": {
    "path": "/home/morgan-freeman/Workspace/globaleaks-angular-fork/client/app/src/pages/custodian/settings/settings.component.ts",
    "statementMap": {},
    "fnMap": {},
    "branchMap": {},
    "s": {},
    "f": {},
    "b": {}
  },
  "/home/morgan-freeman/Workspace/globaleaks-angular-fork/client/app/src/pages/custodian/sidebar/sidebar.component.ts": {
    "path": "/home/morgan-freeman/Workspace/globaleaks-angular-fork/client/app/src/pages/custodian/sidebar/sidebar.component.ts",
    "statementMap": {},
    "fnMap": {},
    "branchMap": {},
    "s": {},
    "f": {},
    "b": {}
  },
  "/home/morgan-freeman/Workspace/globaleaks-angular-fork/client/app/src/pages/dashboard/home/home.component.ts": {
    "path": "/home/morgan-freeman/Workspace/globaleaks-angular-fork/client/app/src/pages/dashboard/home/home.component.ts",
    "statementMap": {},
    "fnMap": {},
    "branchMap": {},
    "s": {},
    "f": {},
    "b": {}
  },
  "/home/morgan-freeman/Workspace/globaleaks-angular-fork/client/app/src/pages/recipient/home/home.component.ts": {
    "path": "/home/morgan-freeman/Workspace/globaleaks-angular-fork/client/app/src/pages/recipient/home/home.component.ts",
    "statementMap": {},
    "fnMap": {},
    "branchMap": {},
    "s": {},
    "f": {},
    "b": {}
  },
  "/home/morgan-freeman/Workspace/globaleaks-angular-fork/client/app/src/pages/recipient/settings/settings.component.ts": {
    "path": "/home/morgan-freeman/Workspace/globaleaks-angular-fork/client/app/src/pages/recipient/settings/settings.component.ts",
    "statementMap": {},
    "fnMap": {},
    "branchMap": {},
    "s": {},
    "f": {},
    "b": {}
  },
  "/home/morgan-freeman/Workspace/globaleaks-angular-fork/client/app/src/pages/recipient/sidebar/sidebar.component.ts": {
    "path": "/home/morgan-freeman/Workspace/globaleaks-angular-fork/client/app/src/pages/recipient/sidebar/sidebar.component.ts",
    "statementMap": {},
    "fnMap": {},
    "branchMap": {},
    "s": {},
    "f": {},
    "b": {}
  },
  "/home/morgan-freeman/Workspace/globaleaks-angular-fork/client/app/src/pages/recipient/tip/tip.component.ts": {
    "path": "/home/morgan-freeman/Workspace/globaleaks-angular-fork/client/app/src/pages/recipient/tip/tip.component.ts",
    "statementMap": {},
    "fnMap": {},
    "branchMap": {},
    "s": {},
    "f": {},
    "b": {}
  },
  "/home/morgan-freeman/Workspace/globaleaks-angular-fork/client/app/src/pages/recipient/tips/tips.component.ts": {
    "path": "/home/morgan-freeman/Workspace/globaleaks-angular-fork/client/app/src/pages/recipient/tips/tips.component.ts",
    "statementMap": {},
    "fnMap": {},
    "branchMap": {},
    "s": {},
    "f": {},
    "b": {}
  },
  "/home/morgan-freeman/Workspace/globaleaks-angular-fork/client/app/src/pages/recipient/whistleblower-identity-reciever/whistle-blower-identity-receiver.component.ts": {
    "path": "/home/morgan-freeman/Workspace/globaleaks-angular-fork/client/app/src/pages/recipient/whistleblower-identity-reciever/whistle-blower-identity-receiver.component.ts",
    "statementMap": {},
    "fnMap": {},
    "branchMap": {},
    "s": {},
    "f": {},
    "b": {}
  },
  "/home/morgan-freeman/Workspace/globaleaks-angular-fork/client/app/src/pages/signup/signup/signup.component.ts": {
    "path": "/home/morgan-freeman/Workspace/globaleaks-angular-fork/client/app/src/pages/signup/signup/signup.component.ts",
    "statementMap": {},
    "fnMap": {},
    "branchMap": {},
    "s": {},
    "f": {},
    "b": {}
  },
  "/home/morgan-freeman/Workspace/globaleaks-angular-fork/client/app/src/pages/whistleblower/context-selection/context-selection.component.ts": {
    "path": "/home/morgan-freeman/Workspace/globaleaks-angular-fork/client/app/src/pages/whistleblower/context-selection/context-selection.component.ts",
    "statementMap": {},
    "fnMap": {},
    "branchMap": {},
    "s": {},
    "f": {},
    "b": {}
  },
  "/home/morgan-freeman/Workspace/globaleaks-angular-fork/client/app/src/pages/whistleblower/form/form.component.ts": {
    "path": "/home/morgan-freeman/Workspace/globaleaks-angular-fork/client/app/src/pages/whistleblower/form/form.component.ts",
    "statementMap": {},
    "fnMap": {},
    "branchMap": {},
    "s": {},
    "f": {},
    "b": {}
  },
  "/home/morgan-freeman/Workspace/globaleaks-angular-fork/client/app/src/pages/whistleblower/form-field-input/form-field-input.component.ts": {
    "path": "/home/morgan-freeman/Workspace/globaleaks-angular-fork/client/app/src/pages/whistleblower/form-field-input/form-field-input.component.ts",
    "statementMap": {},
    "fnMap": {},
    "branchMap": {},
    "s": {},
    "f": {},
    "b": {}
  },
  "/home/morgan-freeman/Workspace/globaleaks-angular-fork/client/app/src/pages/whistleblower/form-field-inputs/form-field-inputs.component.ts": {
    "path": "/home/morgan-freeman/Workspace/globaleaks-angular-fork/client/app/src/pages/whistleblower/form-field-inputs/form-field-inputs.component.ts",
    "statementMap": {},
    "fnMap": {},
    "branchMap": {},
    "s": {},
    "f": {},
    "b": {}
  },
  "/home/morgan-freeman/Workspace/globaleaks-angular-fork/client/app/src/pages/whistleblower/homepage/homepage.component.ts": {
    "path": "/home/morgan-freeman/Workspace/globaleaks-angular-fork/client/app/src/pages/whistleblower/homepage/homepage.component.ts",
    "statementMap": {},
    "fnMap": {},
    "branchMap": {},
    "s": {},
    "f": {},
    "b": {}
  },
  "/home/morgan-freeman/Workspace/globaleaks-angular-fork/client/app/src/pages/whistleblower/receipt/receipt.component.ts": {
    "path": "/home/morgan-freeman/Workspace/globaleaks-angular-fork/client/app/src/pages/whistleblower/receipt/receipt.component.ts",
    "statementMap": {},
    "fnMap": {},
    "branchMap": {},
    "s": {},
    "f": {},
    "b": {}
  },
  "/home/morgan-freeman/Workspace/globaleaks-angular-fork/client/app/src/pages/whistleblower/receiver-card/receiver-card.component.ts": {
    "path": "/home/morgan-freeman/Workspace/globaleaks-angular-fork/client/app/src/pages/whistleblower/receiver-card/receiver-card.component.ts",
    "statementMap": {},
    "fnMap": {},
    "branchMap": {},
    "s": {},
    "f": {},
    "b": {}
  },
  "/home/morgan-freeman/Workspace/globaleaks-angular-fork/client/app/src/pages/whistleblower/receiver-selection/receiver-selection.component.ts": {
    "path": "/home/morgan-freeman/Workspace/globaleaks-angular-fork/client/app/src/pages/whistleblower/receiver-selection/receiver-selection.component.ts",
    "statementMap": {},
    "fnMap": {},
    "branchMap": {},
    "s": {},
    "f": {},
    "b": {}
  },
  "/home/morgan-freeman/Workspace/globaleaks-angular-fork/client/app/src/pages/whistleblower/step-error/step-error.component.ts": {
    "path": "/home/morgan-freeman/Workspace/globaleaks-angular-fork/client/app/src/pages/whistleblower/step-error/step-error.component.ts",
    "statementMap": {},
    "fnMap": {},
    "branchMap": {},
    "s": {},
    "f": {},
    "b": {}
  },
  "/home/morgan-freeman/Workspace/globaleaks-angular-fork/client/app/src/pages/whistleblower/submission/submission.component.ts": {
    "path": "/home/morgan-freeman/Workspace/globaleaks-angular-fork/client/app/src/pages/whistleblower/submission/submission.component.ts",
    "statementMap": {},
    "fnMap": {},
    "branchMap": {},
    "s": {},
    "f": {},
    "b": {}
  },
  "/home/morgan-freeman/Workspace/globaleaks-angular-fork/client/app/src/pages/whistleblower/submission-error/submission-error.component.ts": {
    "path": "/home/morgan-freeman/Workspace/globaleaks-angular-fork/client/app/src/pages/whistleblower/submission-error/submission-error.component.ts",
    "statementMap": {},
    "fnMap": {},
    "branchMap": {},
    "s": {},
    "f": {},
    "b": {}
  },
  "/home/morgan-freeman/Workspace/globaleaks-angular-fork/client/app/src/pages/whistleblower/tippage/tippage.component.ts": {
    "path": "/home/morgan-freeman/Workspace/globaleaks-angular-fork/client/app/src/pages/whistleblower/tippage/tippage.component.ts",
    "statementMap": {},
    "fnMap": {},
    "branchMap": {},
    "s": {},
    "f": {},
    "b": {}
  },
  "/home/morgan-freeman/Workspace/globaleaks-angular-fork/client/app/src/pages/wizard/wizard/wizard.component.ts": {
    "path": "/home/morgan-freeman/Workspace/globaleaks-angular-fork/client/app/src/pages/wizard/wizard/wizard.component.ts",
    "statementMap": {},
    "fnMap": {},
    "branchMap": {},
    "s": {},
    "f": {},
    "b": {}
  },
  "/home/morgan-freeman/Workspace/globaleaks-angular-fork/client/app/src/shared/components/date-selector/date-selector.component.ts": {
    "path": "/home/morgan-freeman/Workspace/globaleaks-angular-fork/client/app/src/shared/components/date-selector/date-selector.component.ts",
    "statementMap": {},
    "fnMap": {},
    "branchMap": {},
    "s": {},
    "f": {},
    "b": {}
  },
  "/home/morgan-freeman/Workspace/globaleaks-angular-fork/client/app/src/shared/components/password-meter/password-meter.component.ts": {
    "path": "/home/morgan-freeman/Workspace/globaleaks-angular-fork/client/app/src/shared/components/password-meter/password-meter.component.ts",
    "statementMap": {},
    "fnMap": {},
    "branchMap": {},
    "s": {},
    "f": {},
    "b": {}
  },
  "/home/morgan-freeman/Workspace/globaleaks-angular-fork/client/app/src/shared/components/switch/switch.component.ts": {
    "path": "/home/morgan-freeman/Workspace/globaleaks-angular-fork/client/app/src/shared/components/switch/switch.component.ts",
    "statementMap": {},
    "fnMap": {},
    "branchMap": {},
    "s": {},
    "f": {},
    "b": {}
  },
  "/home/morgan-freeman/Workspace/globaleaks-angular-fork/client/app/src/shared/modals/accept-agreement/accept-agreement.component.ts": {
    "path": "/home/morgan-freeman/Workspace/globaleaks-angular-fork/client/app/src/shared/modals/accept-agreement/accept-agreement.component.ts",
    "statementMap": {},
    "fnMap": {},
    "branchMap": {},
    "s": {},
    "f": {},
    "b": {}
  },
  "/home/morgan-freeman/Workspace/globaleaks-angular-fork/client/app/src/shared/modals/add-option-hint/add-option-hint.component.ts": {
    "path": "/home/morgan-freeman/Workspace/globaleaks-angular-fork/client/app/src/shared/modals/add-option-hint/add-option-hint.component.ts",
    "statementMap": {},
    "fnMap": {},
    "branchMap": {},
    "s": {},
    "f": {},
    "b": {}
  },
  "/home/morgan-freeman/Workspace/globaleaks-angular-fork/client/app/src/shared/modals/assign-score-points/assign-score-points.component.ts": {
    "path": "/home/morgan-freeman/Workspace/globaleaks-angular-fork/client/app/src/shared/modals/assign-score-points/assign-score-points.component.ts",
    "statementMap": {},
    "fnMap": {},
    "branchMap": {},
    "s": {},
    "f": {},
    "b": {}
  },
  "/home/morgan-freeman/Workspace/globaleaks-angular-fork/client/app/src/shared/modals/confirmation/confirmation.component.ts": {
    "path": "/home/morgan-freeman/Workspace/globaleaks-angular-fork/client/app/src/shared/modals/confirmation/confirmation.component.ts",
    "statementMap": {},
    "fnMap": {},
    "branchMap": {},
    "s": {},
    "f": {},
    "b": {}
  },
  "/home/morgan-freeman/Workspace/globaleaks-angular-fork/client/app/src/shared/modals/confirmation-with-password/confirmation-with-password.component.ts": {
    "path": "/home/morgan-freeman/Workspace/globaleaks-angular-fork/client/app/src/shared/modals/confirmation-with-password/confirmation-with-password.component.ts",
    "statementMap": {},
    "fnMap": {},
    "branchMap": {},
    "s": {},
    "f": {},
    "b": {}
  },
  "/home/morgan-freeman/Workspace/globaleaks-angular-fork/client/app/src/shared/modals/confirmation-with2fa/confirmation-with2fa.component.ts": {
    "path": "/home/morgan-freeman/Workspace/globaleaks-angular-fork/client/app/src/shared/modals/confirmation-with2fa/confirmation-with2fa.component.ts",
    "statementMap": {},
    "fnMap": {},
    "branchMap": {},
    "s": {},
    "f": {},
    "b": {}
  },
  "/home/morgan-freeman/Workspace/globaleaks-angular-fork/client/app/src/shared/modals/delete-confirmation/delete-confirmation.component.ts": {
    "path": "/home/morgan-freeman/Workspace/globaleaks-angular-fork/client/app/src/shared/modals/delete-confirmation/delete-confirmation.component.ts",
    "statementMap": {},
    "fnMap": {},
    "branchMap": {},
    "s": {},
    "f": {},
    "b": {}
  },
  "/home/morgan-freeman/Workspace/globaleaks-angular-fork/client/app/src/shared/modals/disclaimer/disclaimer.component.ts": {
    "path": "/home/morgan-freeman/Workspace/globaleaks-angular-fork/client/app/src/shared/modals/disclaimer/disclaimer.component.ts",
    "statementMap": {},
    "fnMap": {},
    "branchMap": {},
    "s": {},
    "f": {},
    "b": {}
  },
  "/home/morgan-freeman/Workspace/globaleaks-angular-fork/client/app/src/shared/modals/enable-encryption/enable-encryption.component.ts": {
    "path": "/home/morgan-freeman/Workspace/globaleaks-angular-fork/client/app/src/shared/modals/enable-encryption/enable-encryption.component.ts",
    "statementMap": {},
    "fnMap": {},
    "branchMap": {},
    "s": {},
    "f": {},
    "b": {}
  },
  "/home/morgan-freeman/Workspace/globaleaks-angular-fork/client/app/src/shared/modals/enable2fa/enable2fa.component.ts": {
    "path": "/home/morgan-freeman/Workspace/globaleaks-angular-fork/client/app/src/shared/modals/enable2fa/enable2fa.component.ts",
    "statementMap": {},
    "fnMap": {},
    "branchMap": {},
    "s": {},
    "f": {},
    "b": {}
  },
  "/home/morgan-freeman/Workspace/globaleaks-angular-fork/client/app/src/shared/modals/encryption-recovery-key/encryption-recovery-key.component.ts": {
    "path": "/home/morgan-freeman/Workspace/globaleaks-angular-fork/client/app/src/shared/modals/encryption-recovery-key/encryption-recovery-key.component.ts",
    "statementMap": {},
    "fnMap": {},
    "branchMap": {},
    "s": {},
    "f": {},
    "b": {}
  },
  "/home/morgan-freeman/Workspace/globaleaks-angular-fork/client/app/src/shared/modals/file-view/file-view.component.ts": {
    "path": "/home/morgan-freeman/Workspace/globaleaks-angular-fork/client/app/src/shared/modals/file-view/file-view.component.ts",
    "statementMap": {},
    "fnMap": {},
    "branchMap": {},
    "s": {},
    "f": {},
    "b": {}
  },
  "/home/morgan-freeman/Workspace/globaleaks-angular-fork/client/app/src/shared/modals/grant-access/grant-access.component.ts": {
    "path": "/home/morgan-freeman/Workspace/globaleaks-angular-fork/client/app/src/shared/modals/grant-access/grant-access.component.ts",
    "statementMap": {},
    "fnMap": {},
    "branchMap": {},
    "s": {},
    "f": {},
    "b": {}
  },
  "/home/morgan-freeman/Workspace/globaleaks-angular-fork/client/app/src/shared/modals/questionnaire-duplication/questionnaire-duplication.component.ts": {
    "path": "/home/morgan-freeman/Workspace/globaleaks-angular-fork/client/app/src/shared/modals/questionnaire-duplication/questionnaire-duplication.component.ts",
    "statementMap": {},
    "fnMap": {},
    "branchMap": {},
    "s": {},
    "f": {},
    "b": {}
  },
  "/home/morgan-freeman/Workspace/globaleaks-angular-fork/client/app/src/shared/modals/request-support/request-support.component.ts": {
    "path": "/home/morgan-freeman/Workspace/globaleaks-angular-fork/client/app/src/shared/modals/request-support/request-support.component.ts",
    "statementMap": {},
    "fnMap": {},
    "branchMap": {},
    "s": {},
    "f": {},
    "b": {}
  },
  "/home/morgan-freeman/Workspace/globaleaks-angular-fork/client/app/src/shared/modals/revoke-access/revoke-access.component.ts": {
    "path": "/home/morgan-freeman/Workspace/globaleaks-angular-fork/client/app/src/shared/modals/revoke-access/revoke-access.component.ts",
    "statementMap": {},
    "fnMap": {},
    "branchMap": {},
    "s": {},
    "f": {},
    "b": {}
  },
  "/home/morgan-freeman/Workspace/globaleaks-angular-fork/client/app/src/shared/modals/security-awareness-confidentiality/security-awareness-confidentiality.component.ts": {
    "path": "/home/morgan-freeman/Workspace/globaleaks-angular-fork/client/app/src/shared/modals/security-awareness-confidentiality/security-awareness-confidentiality.component.ts",
    "statementMap": {},
    "fnMap": {},
    "branchMap": {},
    "s": {},
    "f": {},
    "b": {}
  },
  "/home/morgan-freeman/Workspace/globaleaks-angular-fork/client/app/src/shared/modals/tip-additional-questionnaire-form/tip-additional-questionnaire-form.component.ts": {
    "path": "/home/morgan-freeman/Workspace/globaleaks-angular-fork/client/app/src/shared/modals/tip-additional-questionnaire-form/tip-additional-questionnaire-form.component.ts",
    "statementMap": {},
    "fnMap": {},
    "branchMap": {},
    "s": {},
    "f": {},
    "b": {}
  },
  "/home/morgan-freeman/Workspace/globaleaks-angular-fork/client/app/src/shared/modals/tip-operation-file-identity-access-reply/tip-operation-file-identity-access-reply.component.ts": {
    "path": "/home/morgan-freeman/Workspace/globaleaks-angular-fork/client/app/src/shared/modals/tip-operation-file-identity-access-reply/tip-operation-file-identity-access-reply.component.ts",
    "statementMap": {},
    "fnMap": {},
    "branchMap": {},
    "s": {},
    "f": {},
    "b": {}
  },
  "/home/morgan-freeman/Workspace/globaleaks-angular-fork/client/app/src/shared/modals/tip-operation-file-identity-access-request/tip-operation-file-identity-access-request.ompoent.ts": {
    "path": "/home/morgan-freeman/Workspace/globaleaks-angular-fork/client/app/src/shared/modals/tip-operation-file-identity-access-request/tip-operation-file-identity-access-request.ompoent.ts",
    "statementMap": {},
    "fnMap": {},
    "branchMap": {},
    "s": {},
    "f": {},
    "b": {}
  },
  "/home/morgan-freeman/Workspace/globaleaks-angular-fork/client/app/src/shared/modals/tip-operation-postpone/tip-operation-postpone.component.ts": {
    "path": "/home/morgan-freeman/Workspace/globaleaks-angular-fork/client/app/src/shared/modals/tip-operation-postpone/tip-operation-postpone.component.ts",
    "statementMap": {},
    "fnMap": {},
    "branchMap": {},
    "s": {},
    "f": {},
    "b": {}
  },
  "/home/morgan-freeman/Workspace/globaleaks-angular-fork/client/app/src/shared/modals/tip-operation-set-reminder/tip-operation-set-reminder.component.ts": {
    "path": "/home/morgan-freeman/Workspace/globaleaks-angular-fork/client/app/src/shared/modals/tip-operation-set-reminder/tip-operation-set-reminder.component.ts",
    "statementMap": {},
    "fnMap": {},
    "branchMap": {},
    "s": {},
    "f": {},
    "b": {}
  },
  "/home/morgan-freeman/Workspace/globaleaks-angular-fork/client/app/src/shared/modals/transfer-access/transfer-access.component.ts": {
    "path": "/home/morgan-freeman/Workspace/globaleaks-angular-fork/client/app/src/shared/modals/transfer-access/transfer-access.component.ts",
    "statementMap": {},
    "fnMap": {},
    "branchMap": {},
    "s": {},
    "f": {},
    "b": {}
  },
  "/home/morgan-freeman/Workspace/globaleaks-angular-fork/client/app/src/shared/modals/trigger-receiver/trigger-receiver.component.ts": {
    "path": "/home/morgan-freeman/Workspace/globaleaks-angular-fork/client/app/src/shared/modals/trigger-receiver/trigger-receiver.component.ts",
    "statementMap": {},
    "fnMap": {},
    "branchMap": {},
    "s": {},
    "f": {},
    "b": {}
  },
  "/home/morgan-freeman/Workspace/globaleaks-angular-fork/client/app/src/shared/partials/admin-file/admin-file.component.ts": {
    "path": "/home/morgan-freeman/Workspace/globaleaks-angular-fork/client/app/src/shared/partials/admin-file/admin-file.component.ts",
    "statementMap": {},
    "fnMap": {},
    "branchMap": {},
    "s": {},
    "f": {},
    "b": {}
  },
  "/home/morgan-freeman/Workspace/globaleaks-angular-fork/client/app/src/shared/partials/demo/demo.component.ts": {
    "path": "/home/morgan-freeman/Workspace/globaleaks-angular-fork/client/app/src/shared/partials/demo/demo.component.ts",
    "statementMap": {},
    "fnMap": {},
    "branchMap": {},
    "s": {},
    "f": {},
    "b": {}
  },
  "/home/morgan-freeman/Workspace/globaleaks-angular-fork/client/app/src/shared/partials/enable-2fa/enable-2fa.ts": {
    "path": "/home/morgan-freeman/Workspace/globaleaks-angular-fork/client/app/src/shared/partials/enable-2fa/enable-2fa.ts",
    "statementMap": {},
    "fnMap": {},
    "branchMap": {},
    "s": {},
    "f": {},
    "b": {}
  },
  "/home/morgan-freeman/Workspace/globaleaks-angular-fork/client/app/src/shared/partials/footer/footer.component.ts": {
    "path": "/home/morgan-freeman/Workspace/globaleaks-angular-fork/client/app/src/shared/partials/footer/footer.component.ts",
    "statementMap": {},
    "fnMap": {},
    "branchMap": {},
[...]
    "statementMap": {},
    "fnMap": {},
    "branchMap": {},
    "s": {},
    "f": {},
    "b": {}
  },
  "/home/morgan-freeman/Workspace/globaleaks-angular-fork/client/app/src/pages/admin/network/https-files/https-files.component.ts": {
    "path": "/home/morgan-freeman/Workspace/globaleaks-angular-fork/client/app/src/pages/admin/network/https-files/https-files.component.ts",
    "statementMap": {},
    "fnMap": {},
    "branchMap": {},
    "s": {},
    "f": {},
    "b": {}
  },
  "/home/morgan-freeman/Workspace/globaleaks-angular-fork/client/app/src/pages/admin/network/https-setup/https-setup.component.ts": {
    "path": "/home/morgan-freeman/Workspace/globaleaks-angular-fork/client/app/src/pages/admin/network/https-setup/https-setup.component.ts",
    "statementMap": {},
    "fnMap": {},
    "branchMap": {},
    "s": {},
    "f": {},
    "b": {}
  },
  "/home/morgan-freeman/Workspace/globaleaks-angular-fork/client/app/src/pages/admin/network/https-status/https-status.component.ts": {
    "path": "/home/morgan-freeman/Workspace/globaleaks-angular-fork/client/app/src/pages/admin/network/https-status/https-status.component.ts",
    "statementMap": {},
    "fnMap": {},
    "branchMap": {},
    "s": {},
    "f": {},
    "b": {}
  },
  "/home/morgan-freeman/Workspace/globaleaks-angular-fork/client/app/src/pages/admin/network/tor/tor.component.ts": {
    "path": "/home/morgan-freeman/Workspace/globaleaks-angular-fork/client/app/src/pages/admin/network/tor/tor.component.ts",
    "statementMap": {},
    "fnMap": {},
    "branchMap": {},
    "s": {},
    "f": {},
    "b": {}
  },
  "/home/morgan-freeman/Workspace/globaleaks-angular-fork/client/app/src/pages/admin/network/url-redirects/url-redirects.component.ts": {
    "path": "/home/morgan-freeman/Workspace/globaleaks-angular-fork/client/app/src/pages/admin/network/url-redirects/url-redirects.component.ts",
    "statementMap": {},
    "fnMap": {},
    "branchMap": {},
    "s": {},
    "f": {},
    "b": {}
  },
  "/home/morgan-freeman/Workspace/globaleaks-angular-fork/client/app/src/pages/admin/notifications/notification-tab1/notification-tab1.component.ts": {
    "path": "/home/morgan-freeman/Workspace/globaleaks-angular-fork/client/app/src/pages/admin/notifications/notification-tab1/notification-tab1.component.ts",
    "statementMap": {},
    "fnMap": {},
    "branchMap": {},
    "s": {},
    "f": {},
    "b": {}
  },
  "/home/morgan-freeman/Workspace/globaleaks-angular-fork/client/app/src/pages/admin/notifications/notification-tab2/notification-tab2.component.ts": {
    "path": "/home/morgan-freeman/Workspace/globaleaks-angular-fork/client/app/src/pages/admin/notifications/notification-tab2/notification-tab2.component.ts",
    "statementMap": {},
    "fnMap": {},
    "branchMap": {},
    "s": {},
    "f": {},
    "b": {}
  },
  "/home/morgan-freeman/Workspace/globaleaks-angular-fork/client/app/src/pages/admin/questionnaires/add-field/add-field.component.ts": {
    "path": "/home/morgan-freeman/Workspace/globaleaks-angular-fork/client/app/src/pages/admin/questionnaires/add-field/add-field.component.ts",
    "statementMap": {},
    "fnMap": {},
    "branchMap": {},
    "s": {},
    "f": {},
    "b": {}
  },
  "/home/morgan-freeman/Workspace/globaleaks-angular-fork/client/app/src/pages/admin/questionnaires/add-field-from-template/add-field-from-template.component.ts": {
    "path": "/home/morgan-freeman/Workspace/globaleaks-angular-fork/client/app/src/pages/admin/questionnaires/add-field-from-template/add-field-from-template.component.ts",
    "statementMap": {},
    "fnMap": {},
    "branchMap": {},
    "s": {},
    "f": {},
    "b": {}
  },
  "/home/morgan-freeman/Workspace/globaleaks-angular-fork/client/app/src/pages/admin/questionnaires/fields/fields.component.ts": {
    "path": "/home/morgan-freeman/Workspace/globaleaks-angular-fork/client/app/src/pages/admin/questionnaires/fields/fields.component.ts",
    "statementMap": {},
    "fnMap": {},
    "branchMap": {},
    "s": {},
    "f": {},
    "b": {}
  },
  "/home/morgan-freeman/Workspace/globaleaks-angular-fork/client/app/src/pages/admin/questionnaires/main/main.component.ts": {
    "path": "/home/morgan-freeman/Workspace/globaleaks-angular-fork/client/app/src/pages/admin/questionnaires/main/main.component.ts",
    "statementMap": {},
    "fnMap": {},
    "branchMap": {},
    "s": {},
    "f": {},
    "b": {}
  },
  "/home/morgan-freeman/Workspace/globaleaks-angular-fork/client/app/src/pages/admin/questionnaires/questionnaires-list/questionnaires-list.component.ts": {
    "path": "/home/morgan-freeman/Workspace/globaleaks-angular-fork/client/app/src/pages/admin/questionnaires/questionnaires-list/questionnaires-list.component.ts",
    "statementMap": {},
    "fnMap": {},
    "branchMap": {},
    "s": {},
    "f": {},
    "b": {}
  },
  "/home/morgan-freeman/Workspace/globaleaks-angular-fork/client/app/src/pages/admin/questionnaires/questions/questions.component.ts": {
    "path": "/home/morgan-freeman/Workspace/globaleaks-angular-fork/client/app/src/pages/admin/questionnaires/questions/questions.component.ts",
    "statementMap": {},
    "fnMap": {},
    "branchMap": {},
    "s": {},
    "f": {},
    "b": {}
  },
  "/home/morgan-freeman/Workspace/globaleaks-angular-fork/client/app/src/pages/admin/questionnaires/step/step.component.ts": {
    "path": "/home/morgan-freeman/Workspace/globaleaks-angular-fork/client/app/src/pages/admin/questionnaires/step/step.component.ts",
    "statementMap": {},
    "fnMap": {},
    "branchMap": {},
    "s": {},
    "f": {},
    "b": {}
  },
  "/home/morgan-freeman/Workspace/globaleaks-angular-fork/client/app/src/pages/admin/questionnaires/steps/steps.component.ts": {
    "path": "/home/morgan-freeman/Workspace/globaleaks-angular-fork/client/app/src/pages/admin/questionnaires/steps/steps.component.ts",
    "statementMap": {},
    "fnMap": {},
    "branchMap": {},
    "s": {},
    "f": {},
    "b": {}
  },
  "/home/morgan-freeman/Workspace/globaleaks-angular-fork/client/app/src/pages/admin/questionnaires/steps-list/steps-list.component.ts": {
    "path": "/home/morgan-freeman/Workspace/globaleaks-angular-fork/client/app/src/pages/admin/questionnaires/steps-list/steps-list.component.ts",
    "statementMap": {},
    "fnMap": {},
    "branchMap": {},
    "s": {},
    "f": {},
    "b": {}
  },
  "/home/morgan-freeman/Workspace/globaleaks-angular-fork/client/app/src/pages/admin/settings/helper-methods/language-utils.ts": {
    "path": "/home/morgan-freeman/Workspace/globaleaks-angular-fork/client/app/src/pages/admin/settings/helper-methods/language-utils.ts",
    "statementMap": {},
    "fnMap": {},
    "branchMap": {},
    "s": {},
    "f": {},
    "b": {}
  },
  "/home/morgan-freeman/Workspace/globaleaks-angular-fork/client/app/src/pages/admin/settings/tab1/tab1.component.ts": {
    "path": "/home/morgan-freeman/Workspace/globaleaks-angular-fork/client/app/src/pages/admin/settings/tab1/tab1.component.ts",
    "statementMap": {},
    "fnMap": {},
    "branchMap": {},
    "s": {},
    "f": {},
    "b": {}
  },
  "/home/morgan-freeman/Workspace/globaleaks-angular-fork/client/app/src/pages/admin/settings/tab2/tab2.component.ts": {
    "path": "/home/morgan-freeman/Workspace/globaleaks-angular-fork/client/app/src/pages/admin/settings/tab2/tab2.component.ts",
    "statementMap": {},
    "fnMap": {},
    "branchMap": {},
    "s": {},
    "f": {},
    "b": {}
  },
  "/home/morgan-freeman/Workspace/globaleaks-angular-fork/client/app/src/pages/admin/settings/tab3/tab3.component.ts": {
    "path": "/home/morgan-freeman/Workspace/globaleaks-angular-fork/client/app/src/pages/admin/settings/tab3/tab3.component.ts",
    "statementMap": {},
    "fnMap": {},
    "branchMap": {},
    "s": {},
    "f": {},
    "b": {}
  },
  "/home/morgan-freeman/Workspace/globaleaks-angular-fork/client/app/src/pages/admin/settings/tab4/tab4.component.ts": {
    "path": "/home/morgan-freeman/Workspace/globaleaks-angular-fork/client/app/src/pages/admin/settings/tab4/tab4.component.ts",
    "statementMap": {},
    "fnMap": {},
    "branchMap": {},
    "s": {},
    "f": {},
    "b": {}
  },
  "/home/morgan-freeman/Workspace/globaleaks-angular-fork/client/app/src/pages/admin/settings/tab5/tab5.component.ts": {
    "path": "/home/morgan-freeman/Workspace/globaleaks-angular-fork/client/app/src/pages/admin/settings/tab5/tab5.component.ts",
    "statementMap": {},
    "fnMap": {},
    "branchMap": {},
    "s": {},
    "f": {},
    "b": {}
  },
  "/home/morgan-freeman/Workspace/globaleaks-angular-fork/client/app/src/pages/admin/sites/sites-tab1/sites-tab1.component.ts": {
    "path": "/home/morgan-freeman/Workspace/globaleaks-angular-fork/client/app/src/pages/admin/sites/sites-tab1/sites-tab1.component.ts",
    "statementMap": {},
    "fnMap": {},
    "branchMap": {},
    "s": {},
    "f": {},
    "b": {}
  },
  "/home/morgan-freeman/Workspace/globaleaks-angular-fork/client/app/src/pages/admin/sites/sites-tab2/sites-tab2.component.ts": {
    "path": "/home/morgan-freeman/Workspace/globaleaks-angular-fork/client/app/src/pages/admin/sites/sites-tab2/sites-tab2.component.ts",
    "statementMap": {},
    "fnMap": {},
    "branchMap": {},
    "s": {},
    "f": {},
    "b": {}
  },
  "/home/morgan-freeman/Workspace/globaleaks-angular-fork/client/app/src/pages/admin/sites/siteslist/siteslist.component.ts": {
    "path": "/home/morgan-freeman/Workspace/globaleaks-angular-fork/client/app/src/pages/admin/sites/siteslist/siteslist.component.ts",
    "statementMap": {},
    "fnMap": {},
    "branchMap": {},
    "s": {},
    "f": {},
    "b": {}
  },
  "/home/morgan-freeman/Workspace/globaleaks-angular-fork/client/app/src/pages/admin/users/user-editor/user-editor.component.ts": {
    "path": "/home/morgan-freeman/Workspace/globaleaks-angular-fork/client/app/src/pages/admin/users/user-editor/user-editor.component.ts",
    "statementMap": {},
    "fnMap": {},
    "branchMap": {},
    "s": {},
    "f": {},
    "b": {}
  },
  "/home/morgan-freeman/Workspace/globaleaks-angular-fork/client/app/src/pages/admin/users/users-tab1/users-tab1.component.ts": {
    "path": "/home/morgan-freeman/Workspace/globaleaks-angular-fork/client/app/src/pages/admin/users/users-tab1/users-tab1.component.ts",
    "statementMap": {},
    "fnMap": {},
    "branchMap": {},
    "s": {},
    "f": {},
    "b": {}
  },
  "/home/morgan-freeman/Workspace/globaleaks-angular-fork/client/app/src/pages/admin/users/users-tab2/users-tab2.component.ts": {
    "path": "/home/morgan-freeman/Workspace/globaleaks-angular-fork/client/app/src/pages/admin/users/users-tab2/users-tab2.component.ts",
    "statementMap": {},
    "fnMap": {},
    "branchMap": {},
    "s": {},
    "f": {},
    "b": {}
  },
  "/home/morgan-freeman/Workspace/globaleaks-angular-fork/client/app/src/pages/auth/login/model/login-model.ts": {
    "path": "/home/morgan-freeman/Workspace/globaleaks-angular-fork/client/app/src/pages/auth/login/model/login-model.ts",
    "statementMap": {},
    "fnMap": {},
    "branchMap": {},
    "s": {},
    "f": {},
    "b": {}
  },
  "/home/morgan-freeman/Workspace/globaleaks-angular-fork/client/app/src/pages/signup/templates/activation/activation.component.ts": {
    "path": "/home/morgan-freeman/Workspace/globaleaks-angular-fork/client/app/src/pages/signup/templates/activation/activation.component.ts",
    "statementMap": {},
    "fnMap": {},
    "branchMap": {},
    "s": {},
    "f": {},
    "b": {}
  },
  "/home/morgan-freeman/Workspace/globaleaks-angular-fork/client/app/src/pages/signup/templates/signupdefault/signupdefault.component.ts": {
    "path": "/home/morgan-freeman/Workspace/globaleaks-angular-fork/client/app/src/pages/signup/templates/signupdefault/signupdefault.component.ts",
    "statementMap": {},
    "fnMap": {},
    "branchMap": {},
    "s": {},
    "f": {},
    "b": {}
  },
  "/home/morgan-freeman/Workspace/globaleaks-angular-fork/client/app/src/pages/signup/templates/tos/tos.component.ts": {
    "path": "/home/morgan-freeman/Workspace/globaleaks-angular-fork/client/app/src/pages/signup/templates/tos/tos.component.ts",
    "statementMap": {},
    "fnMap": {},
    "branchMap": {},
    "s": {},
    "f": {},
    "b": {}
  },
  "/home/morgan-freeman/Workspace/globaleaks-angular-fork/client/app/src/pages/signup/templates/wbpa/wbpa.component.ts": {
    "path": "/home/morgan-freeman/Workspace/globaleaks-angular-fork/client/app/src/pages/signup/templates/wbpa/wbpa.component.ts",
    "statementMap": {},
    "fnMap": {},
    "branchMap": {},
    "s": {},
    "f": {},
    "b": {}
  },
  "/home/morgan-freeman/Workspace/globaleaks-angular-fork/client/app/src/pages/whistleblower/fields/whistleblower-identity-field/whistleblower-identity-field.component.ts": {
    "path": "/home/morgan-freeman/Workspace/globaleaks-angular-fork/client/app/src/pages/whistleblower/fields/whistleblower-identity-field/whistleblower-identity-field.component.ts",
    "statementMap": {},
    "fnMap": {},
    "branchMap": {},
    "s": {},
    "f": {},
    "b": {}
  },
  "/home/morgan-freeman/Workspace/globaleaks-angular-fork/client/app/src/shared/partials/preference-tabs/preference-tab1/preference-tab1.component.ts": {
    "path": "/home/morgan-freeman/Workspace/globaleaks-angular-fork/client/app/src/shared/partials/preference-tabs/preference-tab1/preference-tab1.component.ts",
    "statementMap": {},
    "fnMap": {},
    "branchMap": {},
    "s": {},
    "f": {},
    "b": {}
  },
  "/home/morgan-freeman/Workspace/globaleaks-angular-fork/client/app/src/shared/partials/preference-tabs/preference-tab2/preference-tab2.component.ts": {
    "path": "/home/morgan-freeman/Workspace/globaleaks-angular-fork/client/app/src/shared/partials/preference-tabs/preference-tab2/preference-tab2.component.ts",
    "statementMap": {},
    "fnMap": {},
    "branchMap": {},
    "s": {},
    "f": {},
    "b": {}
  },
  "/home/morgan-freeman/Workspace/globaleaks-angular-fork/client/app/src/pages/auth/login/templates/default-login/default-login.component.ts": {
    "path": "/home/morgan-freeman/Workspace/globaleaks-angular-fork/client/app/src/pages/auth/login/templates/default-login/default-login.component.ts",
    "statementMap": {},
    "fnMap": {},
    "branchMap": {},
    "s": {},
    "f": {},
    "b": {}
  },
  "/home/morgan-freeman/Workspace/globaleaks-angular-fork/client/app/src/pages/auth/login/templates/simple-login/simple-login.component.ts": {
    "path": "/home/morgan-freeman/Workspace/globaleaks-angular-fork/client/app/src/pages/auth/login/templates/simple-login/simple-login.component.ts",
    "statementMap": {},
    "fnMap": {},
    "branchMap": {},
    "s": {},
    "f": {},
    "b": {}
  },
  "/home/morgan-freeman/Workspace/globaleaks-angular-fork/client/app/src/pages/whistleblower/step-error/template/step-error-entry/step-error-entry.component.ts": {
    "path": "/home/morgan-freeman/Workspace/globaleaks-angular-fork/client/app/src/pages/whistleblower/step-error/template/step-error-entry/step-error-entry.component.ts",
    "statementMap": {},
    "fnMap": {},
    "branchMap": {},
    "s": {},
    "f": {},
    "b": {}
  },
  "/home/morgan-freeman/Workspace/globaleaks-angular-fork/client/app/src/pages/wizard/wizard/template/profile/profile.component.ts": {
    "path": "/home/morgan-freeman/Workspace/globaleaks-angular-fork/client/app/src/pages/wizard/wizard/template/profile/profile.component.ts",
    "statementMap": {},
    "fnMap": {},
    "branchMap": {},
    "s": {},
    "f": {},
    "b": {}
  },
  "/home/morgan-freeman/Workspace/globaleaks-angular-fork/client/app/src/shared/partials/header/template/user/user.component.ts": {
    "path": "/home/morgan-freeman/Workspace/globaleaks-angular-fork/client/app/src/shared/partials/header/template/user/user.component.ts",
    "statementMap": {},
    "fnMap": {},
    "branchMap": {},
    "s": {},
    "f": {},
    "b": {}
  },
  "/home/morgan-freeman/Workspace/globaleaks-angular-fork/client/app/src/models/whistleblower/submission-resource.ts": {
    "path": "/home/morgan-freeman/Workspace/globaleaks-angular-fork/client/app/src/models/whistleblower/submission-resource.ts",
    "statementMap": {},
    "fnMap": {},
    "branchMap": {},
    "s": {},
    "f": {},
    "b": {}
  },
  "/home/morgan-freeman/Workspace/globaleaks-angular-fork/client/app/src/services/helper/2fa.data.service.ts": {
    "path": "/home/morgan-freeman/Workspace/globaleaks-angular-fork/client/app/src/services/helper/2fa.data.service.ts",
    "statementMap": {},
    "fnMap": {},
    "branchMap": {},
    "s": {},
    "f": {},
    "b": {}
  },
  "/home/morgan-freeman/Workspace/globaleaks-angular-fork/client/app/src/services/helper/authentication.service.ts": {
    "path": "/home/morgan-freeman/Workspace/globaleaks-angular-fork/client/app/src/services/helper/authentication.service.ts",
    "statementMap": {},
    "fnMap": {},
    "branchMap": {},
    "s": {},
    "f": {},
    "b": {}
  },
  "/home/morgan-freeman/Workspace/globaleaks-angular-fork/client/app/src/services/helper/crypto.service.ts": {
    "path": "/home/morgan-freeman/Workspace/globaleaks-angular-fork/client/app/src/services/helper/crypto.service.ts",
    "statementMap": {},
    "fnMap": {},
    "branchMap": {},
    "s": {},
    "f": {},
    "b": {}
  },
  "/home/morgan-freeman/Workspace/globaleaks-angular-fork/client/app/src/services/helper/receiver-tip.service.ts": {
    "path": "/home/morgan-freeman/Workspace/globaleaks-angular-fork/client/app/src/services/helper/receiver-tip.service.ts",
    "statementMap": {},
    "fnMap": {},
    "branchMap": {},
    "s": {},
    "f": {},
    "b": {}
  },
  "/home/morgan-freeman/Workspace/globaleaks-angular-fork/client/app/src/services/helper/submission.service.ts": {
    "path": "/home/morgan-freeman/Workspace/globaleaks-angular-fork/client/app/src/services/helper/submission.service.ts",
    "statementMap": {},
    "fnMap": {},
    "branchMap": {},
    "s": {},
    "f": {},
    "b": {}
  },
  "/home/morgan-freeman/Workspace/globaleaks-angular-fork/client/app/src/services/helper/translation.service.ts": {
    "path": "/home/morgan-freeman/Workspace/globaleaks-angular-fork/client/app/src/services/helper/translation.service.ts",
    "statementMap": {},
    "fnMap": {},
    "branchMap": {},
    "s": {},
    "f": {},
    "b": {}
  },
  "/home/morgan-freeman/Workspace/globaleaks-angular-fork/client/app/src/services/helper/wbtip.service.ts": {
    "path": "/home/morgan-freeman/Workspace/globaleaks-angular-fork/client/app/src/services/helper/wbtip.service.ts",
    "statementMap": {},
    "fnMap": {},
    "branchMap": {},
    "s": {},
    "f": {},
    "b": {}
  },
  "/home/morgan-freeman/Workspace/globaleaks-angular-fork/client/app/src/services/root/app-config.service.ts": {
    "path": "/home/morgan-freeman/Workspace/globaleaks-angular-fork/client/app/src/services/root/app-config.service.ts",
    "statementMap": {},
    "fnMap": {},
    "branchMap": {},
    "s": {},
    "f": {},
    "b": {}
  },
  "/home/morgan-freeman/Workspace/globaleaks-angular-fork/client/app/src/services/root/app-interceptor.service.ts": {
    "path": "/home/morgan-freeman/Workspace/globaleaks-angular-fork/client/app/src/services/root/app-interceptor.service.ts",
    "statementMap": {},
    "fnMap": {},
    "branchMap": {},
    "s": {},
    "f": {},
    "b": {}
  },
  "/home/morgan-freeman/Workspace/globaleaks-angular-fork/client/app/src/shared/services/title.service.ts": {
    "path": "/home/morgan-freeman/Workspace/globaleaks-angular-fork/client/app/src/shared/services/title.service.ts",
    "statementMap": {},
    "fnMap": {},
    "branchMap": {},
    "s": {},
    "f": {},
    "b": {}
  },
  "/home/morgan-freeman/Workspace/globaleaks-angular-fork/client/app/src/shared/services/utils.service.ts": {
    "path": "/home/morgan-freeman/Workspace/globaleaks-angular-fork/client/app/src/shared/services/utils.service.ts",
    "statementMap": {},
    "fnMap": {},
    "branchMap": {},
    "s": {},
    "f": {},
    "b": {}
  }
}
