<?xml version="1.0" encoding="UTF-8"?>
<coverage generated="1697440175206" clover="3.2.0">
  <project timestamp="1697440175206" name="All files">
    <metrics statements="0" coveredstatements="0" conditionals="0" coveredconditionals="0" methods="0" coveredmethods="0" elements="0" coveredelements="0" complexity="0" loc="0" ncloc="0" packages="184" files="289" classes="289"/>
    <package name="client">
      <metrics statements="0" coveredstatements="0" conditionals="0" coveredconditionals="0" methods="0" coveredmethods="0"/>
      <file name="Gruntfile.js" path="/home/morgan-freeman/Workspace/globaleaks-angular-fork/client/Gruntfile.js">
        <metrics statements="0" coveredstatements="0" conditionals="0" coveredconditionals="0" methods="0" coveredmethods="0"/>
      </file>
      <file name="cypress.config.ts" path="/home/morgan-freeman/Workspace/globaleaks-angular-fork/client/cypress.config.ts">
        <metrics statements="0" coveredstatements="0" conditionals="0" coveredconditionals="0" methods="0" coveredmethods="0"/>
      </file>
    </package>
    <package name="client.app">
      <metrics statements="0" coveredstatements="0" conditionals="0" coveredconditionals="0" methods="0" coveredmethods="0"/>
      <file name="polyfills.ts" path="/home/morgan-freeman/Workspace/globaleaks-angular-fork/client/app/polyfills.ts">
        <metrics statements="0" coveredstatements="0" conditionals="0" coveredconditionals="0" methods="0" coveredmethods="0"/>
      </file>
    </package>
    <package name="client.app.assets">
      <metrics statements="0" coveredstatements="0" conditionals="0" coveredconditionals="0" methods="0" coveredmethods="0"/>
      <file name="loader.js" path="/home/morgan-freeman/Workspace/globaleaks-angular-fork/client/app/assets/loader.js">
        <metrics statements="0" coveredstatements="0" conditionals="0" coveredconditionals="0" methods="0" coveredmethods="0"/>
      </file>
    </package>
    <package name="client.app.src">
      <metrics statements="0" coveredstatements="0" conditionals="0" coveredconditionals="0" methods="0" coveredmethods="0"/>
      <file name="app-data.service.ts" path="/home/morgan-freeman/Workspace/globaleaks-angular-fork/client/app/src/app-data.service.ts">
        <metrics statements="0" coveredstatements="0" conditionals="0" coveredconditionals="0" methods="0" coveredmethods="0"/>
      </file>
      <file name="app-guard.service.ts" path="/home/morgan-freeman/Workspace/globaleaks-angular-fork/client/app/src/app-guard.service.ts">
        <metrics statements="0" coveredstatements="0" conditionals="0" coveredconditionals="0" methods="0" coveredmethods="0"/>
      </file>
      <file name="app-routing.module.ts" path="/home/morgan-freeman/Workspace/globaleaks-angular-fork/client/app/src/app-routing.module.ts">
        <metrics statements="0" coveredstatements="0" conditionals="0" coveredconditionals="0" methods="0" coveredmethods="0"/>
      </file>
      <file name="app.module.ts" path="/home/morgan-freeman/Workspace/globaleaks-angular-fork/client/app/src/app.module.ts">
        <metrics statements="0" coveredstatements="0" conditionals="0" coveredconditionals="0" methods="0" coveredmethods="0"/>
      </file>
      <file name="crypto.service.ts" path="/home/morgan-freeman/Workspace/globaleaks-angular-fork/client/app/src/crypto.service.ts">
        <metrics statements="0" coveredstatements="0" conditionals="0" coveredconditionals="0" methods="0" coveredmethods="0"/>
      </file>
      <file name="shared.module.ts" path="/home/morgan-freeman/Workspace/globaleaks-angular-fork/client/app/src/shared.module.ts">
        <metrics statements="0" coveredstatements="0" conditionals="0" coveredconditionals="0" methods="0" coveredmethods="0"/>
      </file>
    </package>
    <package name="client.app.src.models.admin">
      <metrics statements="0" coveredstatements="0" conditionals="0" coveredconditionals="0" methods="0" coveredmethods="0"/>
      <file name="fieldTemplate.ts" path="/home/morgan-freeman/Workspace/globaleaks-angular-fork/client/app/src/models/admin/fieldTemplate.ts">
        <metrics statements="0" coveredstatements="0" conditionals="0" coveredconditionals="0" methods="0" coveredmethods="0"/>
      </file>
      <file name="new_context.ts" path="/home/morgan-freeman/Workspace/globaleaks-angular-fork/client/app/src/models/admin/new_context.ts">
        <metrics statements="0" coveredstatements="0" conditionals="0" coveredconditionals="0" methods="0" coveredmethods="0"/>
      </file>
      <file name="new_field.ts" path="/home/morgan-freeman/Workspace/globaleaks-angular-fork/client/app/src/models/admin/new_field.ts">
        <metrics statements="0" coveredstatements="0" conditionals="0" coveredconditionals="0" methods="0" coveredmethods="0"/>
      </file>
      <file name="new_questionare.ts" path="/home/morgan-freeman/Workspace/globaleaks-angular-fork/client/app/src/models/admin/new_questionare.ts">
        <metrics statements="0" coveredstatements="0" conditionals="0" coveredconditionals="0" methods="0" coveredmethods="0"/>
      </file>
      <file name="new_step.ts" path="/home/morgan-freeman/Workspace/globaleaks-angular-fork/client/app/src/models/admin/new_step.ts">
        <metrics statements="0" coveredstatements="0" conditionals="0" coveredconditionals="0" methods="0" coveredmethods="0"/>
      </file>
      <file name="new_user.ts" path="/home/morgan-freeman/Workspace/globaleaks-angular-fork/client/app/src/models/admin/new_user.ts">
        <metrics statements="0" coveredstatements="0" conditionals="0" coveredconditionals="0" methods="0" coveredmethods="0"/>
      </file>
    </package>
    <package name="client.app.src.models.app">
      <metrics statements="0" coveredstatements="0" conditionals="0" coveredconditionals="0" methods="0" coveredmethods="0"/>
      <file name="error-code.ts" path="/home/morgan-freeman/Workspace/globaleaks-angular-fork/client/app/src/models/app/error-code.ts">
        <metrics statements="0" coveredstatements="0" conditionals="0" coveredconditionals="0" methods="0" coveredmethods="0"/>
      </file>
      <file name="public-model.ts" path="/home/morgan-freeman/Workspace/globaleaks-angular-fork/client/app/src/models/app/public-model.ts">
        <metrics statements="0" coveredstatements="0" conditionals="0" coveredconditionals="0" methods="0" coveredmethods="0"/>
      </file>
    </package>
    <package name="client.app.src.models.authentication">
      <metrics statements="0" coveredstatements="0" conditionals="0" coveredconditionals="0" methods="0" coveredmethods="0"/>
      <file name="Session.ts" path="/home/morgan-freeman/Workspace/globaleaks-angular-fork/client/app/src/models/authentication/Session.ts">
        <metrics statements="0" coveredstatements="0" conditionals="0" coveredconditionals="0" methods="0" coveredmethods="0"/>
      </file>
      <file name="password_recovery_model.ts" path="/home/morgan-freeman/Workspace/globaleaks-angular-fork/client/app/src/models/authentication/password_recovery_model.ts">
        <metrics statements="0" coveredstatements="0" conditionals="0" coveredconditionals="0" methods="0" coveredmethods="0"/>
      </file>
      <file name="password_recovery_response_model.ts" path="/home/morgan-freeman/Workspace/globaleaks-angular-fork/client/app/src/models/authentication/password_recovery_response_model.ts">
        <metrics statements="0" coveredstatements="0" conditionals="0" coveredconditionals="0" methods="0" coveredmethods="0"/>
      </file>
      <file name="token-response.ts" path="/home/morgan-freeman/Workspace/globaleaks-angular-fork/client/app/src/models/authentication/token-response.ts">
        <metrics statements="0" coveredstatements="0" conditionals="0" coveredconditionals="0" methods="0" coveredmethods="0"/>
      </file>
    </package>
    <package name="client.app.src.models.reciever">
      <metrics statements="0" coveredstatements="0" conditionals="0" coveredconditionals="0" methods="0" coveredmethods="0"/>
      <file name="IarData.ts" path="/home/morgan-freeman/Workspace/globaleaks-angular-fork/client/app/src/models/reciever/IarData.ts">
        <metrics statements="0" coveredstatements="0" conditionals="0" coveredconditionals="0" methods="0" coveredmethods="0"/>
      </file>
      <file name="RecieverTipData.ts" path="/home/morgan-freeman/Workspace/globaleaks-angular-fork/client/app/src/models/reciever/RecieverTipData.ts">
        <metrics statements="0" coveredstatements="0" conditionals="0" coveredconditionals="0" methods="0" coveredmethods="0"/>
      </file>
    </package>
    <package name="client.app.src.models.resolvers">
      <metrics statements="0" coveredstatements="0" conditionals="0" coveredconditionals="0" methods="0" coveredmethods="0"/>
      <file name="auditlogResolverModel.ts" path="/home/morgan-freeman/Workspace/globaleaks-angular-fork/client/app/src/models/resolvers/auditlogResolverModel.ts">
        <metrics statements="0" coveredstatements="0" conditionals="0" coveredconditionals="0" methods="0" coveredmethods="0"/>
      </file>
      <file name="contextResolverModel.ts" path="/home/morgan-freeman/Workspace/globaleaks-angular-fork/client/app/src/models/resolvers/contextResolverModel.ts">
        <metrics statements="0" coveredstatements="0" conditionals="0" coveredconditionals="0" methods="0" coveredmethods="0"/>
      </file>
      <file name="fieldtemplateModel.ts" path="/home/morgan-freeman/Workspace/globaleaks-angular-fork/client/app/src/models/resolvers/fieldtemplateModel.ts">
        <metrics statements="0" coveredstatements="0" conditionals="0" coveredconditionals="0" methods="0" coveredmethods="0"/>
      </file>
      <file name="jobResolverModel.ts" path="/home/morgan-freeman/Workspace/globaleaks-angular-fork/client/app/src/models/resolvers/jobResolverModel.ts">
        <metrics statements="0" coveredstatements="0" conditionals="0" coveredconditionals="0" methods="0" coveredmethods="0"/>
      </file>
      <file name="networkResolverModel.ts" path="/home/morgan-freeman/Workspace/globaleaks-angular-fork/client/app/src/models/resolvers/networkResolverModel.ts">
        <metrics statements="0" coveredstatements="0" conditionals="0" coveredconditionals="0" methods="0" coveredmethods="0"/>
      </file>
      <file name="nodeResolverModel.ts" path="/home/morgan-freeman/Workspace/globaleaks-angular-fork/client/app/src/models/resolvers/nodeResolverModel.ts">
        <metrics statements="0" coveredstatements="0" conditionals="0" coveredconditionals="0" methods="0" coveredmethods="0"/>
      </file>
      <file name="notificationResolverModel.ts" path="/home/morgan-freeman/Workspace/globaleaks-angular-fork/client/app/src/models/resolvers/notificationResolverModel.ts">
        <metrics statements="0" coveredstatements="0" conditionals="0" coveredconditionals="0" methods="0" coveredmethods="0"/>
      </file>
      <file name="preferenceResolverModel.ts" path="/home/morgan-freeman/Workspace/globaleaks-angular-fork/client/app/src/models/resolvers/preferenceResolverModel.ts">
        <metrics statements="0" coveredstatements="0" conditionals="0" coveredconditionals="0" methods="0" coveredmethods="0"/>
      </file>
      <file name="questionnaireModel.ts" path="/home/morgan-freeman/Workspace/globaleaks-angular-fork/client/app/src/models/resolvers/questionnaireModel.ts">
        <metrics statements="0" coveredstatements="0" conditionals="0" coveredconditionals="0" methods="0" coveredmethods="0"/>
      </file>
      <file name="redirectResolverModel.ts" path="/home/morgan-freeman/Workspace/globaleaks-angular-fork/client/app/src/models/resolvers/redirectResolverModel.ts">
        <metrics statements="0" coveredstatements="0" conditionals="0" coveredconditionals="0" methods="0" coveredmethods="0"/>
      </file>
      <file name="rtipsResolverModel.ts" path="/home/morgan-freeman/Workspace/globaleaks-angular-fork/client/app/src/models/resolvers/rtipsResolverModel.ts">
        <metrics statements="0" coveredstatements="0" conditionals="0" coveredconditionals="0" methods="0" coveredmethods="0"/>
      </file>
      <file name="statuseResolverModel.ts" path="/home/morgan-freeman/Workspace/globaleaks-angular-fork/client/app/src/models/resolvers/statuseResolverModel.ts">
        <metrics statements="0" coveredstatements="0" conditionals="0" coveredconditionals="0" methods="0" coveredmethods="0"/>
      </file>
      <file name="tenantResolverModel.ts" path="/home/morgan-freeman/Workspace/globaleaks-angular-fork/client/app/src/models/resolvers/tenantResolverModel.ts">
        <metrics statements="0" coveredstatements="0" conditionals="0" coveredconditionals="0" methods="0" coveredmethods="0"/>
      </file>
      <file name="tipsResolverModel.ts" path="/home/morgan-freeman/Workspace/globaleaks-angular-fork/client/app/src/models/resolvers/tipsResolverModel.ts">
        <metrics statements="0" coveredstatements="0" conditionals="0" coveredconditionals="0" methods="0" coveredmethods="0"/>
      </file>
      <file name="userResolverModel.ts" path="/home/morgan-freeman/Workspace/globaleaks-angular-fork/client/app/src/models/resolvers/userResolverModel.ts">
        <metrics statements="0" coveredstatements="0" conditionals="0" coveredconditionals="0" methods="0" coveredmethods="0"/>
      </file>
    </package>
    <package name="client.app.src.models.whistleblower">
      <metrics statements="0" coveredstatements="0" conditionals="0" coveredconditionals="0" methods="0" coveredmethods="0"/>
      <file name="WBTipData.ts" path="/home/morgan-freeman/Workspace/globaleaks-angular-fork/client/app/src/models/whistleblower/WBTipData.ts">
        <metrics statements="0" coveredstatements="0" conditionals="0" coveredconditionals="0" methods="0" coveredmethods="0"/>
      </file>
    </package>
    <package name="client.app.src.pages.action">
      <metrics statements="0" coveredstatements="0" conditionals="0" coveredconditionals="0" methods="0" coveredmethods="0"/>
      <file name="action-routing.module.ts" path="/home/morgan-freeman/Workspace/globaleaks-angular-fork/client/app/src/pages/action/action-routing.module.ts">
        <metrics statements="0" coveredstatements="0" conditionals="0" coveredconditionals="0" methods="0" coveredmethods="0"/>
      </file>
      <file name="action.module.ts" path="/home/morgan-freeman/Workspace/globaleaks-angular-fork/client/app/src/pages/action/action.module.ts">
        <metrics statements="0" coveredstatements="0" conditionals="0" coveredconditionals="0" methods="0" coveredmethods="0"/>
      </file>
    </package>
    <package name="client.app.src.pages.action.force-password-change">
      <metrics statements="0" coveredstatements="0" conditionals="0" coveredconditionals="0" methods="0" coveredmethods="0"/>
      <file name="force-password-change.component.ts" path="/home/morgan-freeman/Workspace/globaleaks-angular-fork/client/app/src/pages/action/force-password-change/force-password-change.component.ts">
        <metrics statements="0" coveredstatements="0" conditionals="0" coveredconditionals="0" methods="0" coveredmethods="0"/>
      </file>
    </package>
    <package name="client.app.src.pages.action.forced-two-factor">
      <metrics statements="0" coveredstatements="0" conditionals="0" coveredconditionals="0" methods="0" coveredmethods="0"/>
      <file name="forced-two-factor.component.ts" path="/home/morgan-freeman/Workspace/globaleaks-angular-fork/client/app/src/pages/action/forced-two-factor/forced-two-factor.component.ts">
        <metrics statements="0" coveredstatements="0" conditionals="0" coveredconditionals="0" methods="0" coveredmethods="0"/>
      </file>
    </package>
    <package name="client.app.src.pages.admin">
      <metrics statements="0" coveredstatements="0" conditionals="0" coveredconditionals="0" methods="0" coveredmethods="0"/>
      <file name="admin-routing.module.ts" path="/home/morgan-freeman/Workspace/globaleaks-angular-fork/client/app/src/pages/admin/admin-routing.module.ts">
        <metrics statements="0" coveredstatements="0" conditionals="0" coveredconditionals="0" methods="0" coveredmethods="0"/>
      </file>
      <file name="admin.module.ts" path="/home/morgan-freeman/Workspace/globaleaks-angular-fork/client/app/src/pages/admin/admin.module.ts">
        <metrics statements="0" coveredstatements="0" conditionals="0" coveredconditionals="0" methods="0" coveredmethods="0"/>
      </file>
    </package>
    <package name="client.app.src.pages.admin.admin-preferences">
      <metrics statements="0" coveredstatements="0" conditionals="0" coveredconditionals="0" methods="0" coveredmethods="0"/>
      <file name="admin-preferences.component.ts" path="/home/morgan-freeman/Workspace/globaleaks-angular-fork/client/app/src/pages/admin/admin-preferences/admin-preferences.component.ts">
        <metrics statements="0" coveredstatements="0" conditionals="0" coveredconditionals="0" methods="0" coveredmethods="0"/>
      </file>
    </package>
    <package name="client.app.src.pages.admin.auditlog">
      <metrics statements="0" coveredstatements="0" conditionals="0" coveredconditionals="0" methods="0" coveredmethods="0"/>
      <file name="audit-log.component.ts" path="/home/morgan-freeman/Workspace/globaleaks-angular-fork/client/app/src/pages/admin/auditlog/audit-log.component.ts">
        <metrics statements="0" coveredstatements="0" conditionals="0" coveredconditionals="0" methods="0" coveredmethods="0"/>
      </file>
      <file name="audit-log.module.ts" path="/home/morgan-freeman/Workspace/globaleaks-angular-fork/client/app/src/pages/admin/auditlog/audit-log.module.ts">
        <metrics statements="0" coveredstatements="0" conditionals="0" coveredconditionals="0" methods="0" coveredmethods="0"/>
      </file>
      <file name="auditlog-routing.module.ts" path="/home/morgan-freeman/Workspace/globaleaks-angular-fork/client/app/src/pages/admin/auditlog/auditlog-routing.module.ts">
        <metrics statements="0" coveredstatements="0" conditionals="0" coveredconditionals="0" methods="0" coveredmethods="0"/>
      </file>
    </package>
    <package name="client.app.src.pages.admin.auditlog.auditlog-tab1">
      <metrics statements="0" coveredstatements="0" conditionals="0" coveredconditionals="0" methods="0" coveredmethods="0"/>
      <file name="audit-log-tab1.component.ts" path="/home/morgan-freeman/Workspace/globaleaks-angular-fork/client/app/src/pages/admin/auditlog/auditlog-tab1/audit-log-tab1.component.ts">
        <metrics statements="0" coveredstatements="0" conditionals="0" coveredconditionals="0" methods="0" coveredmethods="0"/>
      </file>
    </package>
    <package name="client.app.src.pages.admin.auditlog.auditlog-tab2">
      <metrics statements="0" coveredstatements="0" conditionals="0" coveredconditionals="0" methods="0" coveredmethods="0"/>
      <file name="audit-log-tab2.component.ts" path="/home/morgan-freeman/Workspace/globaleaks-angular-fork/client/app/src/pages/admin/auditlog/auditlog-tab2/audit-log-tab2.component.ts">
        <metrics statements="0" coveredstatements="0" conditionals="0" coveredconditionals="0" methods="0" coveredmethods="0"/>
      </file>
    </package>
    <package name="client.app.src.pages.admin.auditlog.auditlog-tab3">
      <metrics statements="0" coveredstatements="0" conditionals="0" coveredconditionals="0" methods="0" coveredmethods="0"/>
      <file name="audit-log-tab3.component.ts" path="/home/morgan-freeman/Workspace/globaleaks-angular-fork/client/app/src/pages/admin/auditlog/auditlog-tab3/audit-log-tab3.component.ts">
        <metrics statements="0" coveredstatements="0" conditionals="0" coveredconditionals="0" methods="0" coveredmethods="0"/>
      </file>
    </package>
    <package name="client.app.src.pages.admin.auditlog.auditlog-tab4">
      <metrics statements="0" coveredstatements="0" conditionals="0" coveredconditionals="0" methods="0" coveredmethods="0"/>
      <file name="audit-log-tab4.component.ts" path="/home/morgan-freeman/Workspace/globaleaks-angular-fork/client/app/src/pages/admin/auditlog/auditlog-tab4/audit-log-tab4.component.ts">
        <metrics statements="0" coveredstatements="0" conditionals="0" coveredconditionals="0" methods="0" coveredmethods="0"/>
      </file>
    </package>
    <package name="client.app.src.pages.admin.casemanagement">
      <metrics statements="0" coveredstatements="0" conditionals="0" coveredconditionals="0" methods="0" coveredmethods="0"/>
      <file name="case-management-routing.module.ts" path="/home/morgan-freeman/Workspace/globaleaks-angular-fork/client/app/src/pages/admin/casemanagement/case-management-routing.module.ts">
        <metrics statements="0" coveredstatements="0" conditionals="0" coveredconditionals="0" methods="0" coveredmethods="0"/>
      </file>
      <file name="case-management.component.ts" path="/home/morgan-freeman/Workspace/globaleaks-angular-fork/client/app/src/pages/admin/casemanagement/case-management.component.ts">
        <metrics statements="0" coveredstatements="0" conditionals="0" coveredconditionals="0" methods="0" coveredmethods="0"/>
      </file>
      <file name="case-management.module.ts" path="/home/morgan-freeman/Workspace/globaleaks-angular-fork/client/app/src/pages/admin/casemanagement/case-management.module.ts">
        <metrics statements="0" coveredstatements="0" conditionals="0" coveredconditionals="0" methods="0" coveredmethods="0"/>
      </file>
    </package>
    <package name="client.app.src.pages.admin.casemanagement.casemanagement-tab1">
      <metrics statements="0" coveredstatements="0" conditionals="0" coveredconditionals="0" methods="0" coveredmethods="0"/>
      <file name="case-management-tab1.component.ts" path="/home/morgan-freeman/Workspace/globaleaks-angular-fork/client/app/src/pages/admin/casemanagement/casemanagement-tab1/case-management-tab1.component.ts">
        <metrics statements="0" coveredstatements="0" conditionals="0" coveredconditionals="0" methods="0" coveredmethods="0"/>
      </file>
    </package>
    <package name="client.app.src.pages.admin.casemanagement.substatuses">
      <metrics statements="0" coveredstatements="0" conditionals="0" coveredconditionals="0" methods="0" coveredmethods="0"/>
      <file name="sub-status.component.ts" path="/home/morgan-freeman/Workspace/globaleaks-angular-fork/client/app/src/pages/admin/casemanagement/substatuses/sub-status.component.ts">
        <metrics statements="0" coveredstatements="0" conditionals="0" coveredconditionals="0" methods="0" coveredmethods="0"/>
      </file>
    </package>
    <package name="client.app.src.pages.admin.casemanagement.substatusmanager">
      <metrics statements="0" coveredstatements="0" conditionals="0" coveredconditionals="0" methods="0" coveredmethods="0"/>
      <file name="sub-status-manager.component.ts" path="/home/morgan-freeman/Workspace/globaleaks-angular-fork/client/app/src/pages/admin/casemanagement/substatusmanager/sub-status-manager.component.ts">
        <metrics statements="0" coveredstatements="0" conditionals="0" coveredconditionals="0" methods="0" coveredmethods="0"/>
      </file>
    </package>
    <package name="client.app.src.pages.admin.contexts">
      <metrics statements="0" coveredstatements="0" conditionals="0" coveredconditionals="0" methods="0" coveredmethods="0"/>
      <file name="contexts-routing.module.ts" path="/home/morgan-freeman/Workspace/globaleaks-angular-fork/client/app/src/pages/admin/contexts/contexts-routing.module.ts">
        <metrics statements="0" coveredstatements="0" conditionals="0" coveredconditionals="0" methods="0" coveredmethods="0"/>
      </file>
      <file name="contexts.component.ts" path="/home/morgan-freeman/Workspace/globaleaks-angular-fork/client/app/src/pages/admin/contexts/contexts.component.ts">
        <metrics statements="0" coveredstatements="0" conditionals="0" coveredconditionals="0" methods="0" coveredmethods="0"/>
      </file>
      <file name="contexts.module.ts" path="/home/morgan-freeman/Workspace/globaleaks-angular-fork/client/app/src/pages/admin/contexts/contexts.module.ts">
        <metrics statements="0" coveredstatements="0" conditionals="0" coveredconditionals="0" methods="0" coveredmethods="0"/>
      </file>
    </package>
    <package name="client.app.src.pages.admin.contexts.context-editor">
      <metrics statements="0" coveredstatements="0" conditionals="0" coveredconditionals="0" methods="0" coveredmethods="0"/>
      <file name="context-editor.component.ts" path="/home/morgan-freeman/Workspace/globaleaks-angular-fork/client/app/src/pages/admin/contexts/context-editor/context-editor.component.ts">
        <metrics statements="0" coveredstatements="0" conditionals="0" coveredconditionals="0" methods="0" coveredmethods="0"/>
      </file>
    </package>
    <package name="client.app.src.pages.admin.home">
      <metrics statements="0" coveredstatements="0" conditionals="0" coveredconditionals="0" methods="0" coveredmethods="0"/>
      <file name="admin-home.component.ts" path="/home/morgan-freeman/Workspace/globaleaks-angular-fork/client/app/src/pages/admin/home/admin-home.component.ts">
        <metrics statements="0" coveredstatements="0" conditionals="0" coveredconditionals="0" methods="0" coveredmethods="0"/>
      </file>
    </package>
    <package name="client.app.src.pages.admin.network">
      <metrics statements="0" coveredstatements="0" conditionals="0" coveredconditionals="0" methods="0" coveredmethods="0"/>
      <file name="network-routing.module.ts" path="/home/morgan-freeman/Workspace/globaleaks-angular-fork/client/app/src/pages/admin/network/network-routing.module.ts">
        <metrics statements="0" coveredstatements="0" conditionals="0" coveredconditionals="0" methods="0" coveredmethods="0"/>
      </file>
      <file name="network.component.ts" path="/home/morgan-freeman/Workspace/globaleaks-angular-fork/client/app/src/pages/admin/network/network.component.ts">
        <metrics statements="0" coveredstatements="0" conditionals="0" coveredconditionals="0" methods="0" coveredmethods="0"/>
      </file>
      <file name="network.module.ts" path="/home/morgan-freeman/Workspace/globaleaks-angular-fork/client/app/src/pages/admin/network/network.module.ts">
        <metrics statements="0" coveredstatements="0" conditionals="0" coveredconditionals="0" methods="0" coveredmethods="0"/>
      </file>
    </package>
    <package name="client.app.src.pages.admin.network.access-control">
      <metrics statements="0" coveredstatements="0" conditionals="0" coveredconditionals="0" methods="0" coveredmethods="0"/>
      <file name="access-control.component.ts" path="/home/morgan-freeman/Workspace/globaleaks-angular-fork/client/app/src/pages/admin/network/access-control/access-control.component.ts">
        <metrics statements="0" coveredstatements="0" conditionals="0" coveredconditionals="0" methods="0" coveredmethods="0"/>
      </file>
    </package>
    <package name="client.app.src.pages.admin.network.https">
      <metrics statements="0" coveredstatements="0" conditionals="0" coveredconditionals="0" methods="0" coveredmethods="0"/>
      <file name="https.component.ts" path="/home/morgan-freeman/Workspace/globaleaks-angular-fork/client/app/src/pages/admin/network/https/https.component.ts">
        <metrics statements="0" coveredstatements="0" conditionals="0" coveredconditionals="0" methods="0" coveredmethods="0"/>
      </file>
    </package>
    <package name="client.app.src.pages.admin.network.https-csr-gen">
      <metrics statements="0" coveredstatements="0" conditionals="0" coveredconditionals="0" methods="0" coveredmethods="0"/>
      <file name="https-csr-gen.component.ts" path="/home/morgan-freeman/Workspace/globaleaks-angular-fork/client/app/src/pages/admin/network/https-csr-gen/https-csr-gen.component.ts">
        <metrics statements="0" coveredstatements="0" conditionals="0" coveredconditionals="0" methods="0" coveredmethods="0"/>
      </file>
    </package>
    <package name="client.app.src.pages.admin.network.https-files">
      <metrics statements="0" coveredstatements="0" conditionals="0" coveredconditionals="0" methods="0" coveredmethods="0"/>
      <file name="https-files.component.ts" path="/home/morgan-freeman/Workspace/globaleaks-angular-fork/client/app/src/pages/admin/network/https-files/https-files.component.ts">
        <metrics statements="0" coveredstatements="0" conditionals="0" coveredconditionals="0" methods="0" coveredmethods="0"/>
      </file>
    </package>
    <package name="client.app.src.pages.admin.network.https-setup">
      <metrics statements="0" coveredstatements="0" conditionals="0" coveredconditionals="0" methods="0" coveredmethods="0"/>
      <file name="https-setup.component.ts" path="/home/morgan-freeman/Workspace/globaleaks-angular-fork/client/app/src/pages/admin/network/https-setup/https-setup.component.ts">
        <metrics statements="0" coveredstatements="0" conditionals="0" coveredconditionals="0" methods="0" coveredmethods="0"/>
      </file>
    </package>
    <package name="client.app.src.pages.admin.network.https-status">
      <metrics statements="0" coveredstatements="0" conditionals="0" coveredconditionals="0" methods="0" coveredmethods="0"/>
      <file name="https-status.component.ts" path="/home/morgan-freeman/Workspace/globaleaks-angular-fork/client/app/src/pages/admin/network/https-status/https-status.component.ts">
        <metrics statements="0" coveredstatements="0" conditionals="0" coveredconditionals="0" methods="0" coveredmethods="0"/>
      </file>
    </package>
    <package name="client.app.src.pages.admin.network.tor">
      <metrics statements="0" coveredstatements="0" conditionals="0" coveredconditionals="0" methods="0" coveredmethods="0"/>
      <file name="tor.component.ts" path="/home/morgan-freeman/Workspace/globaleaks-angular-fork/client/app/src/pages/admin/network/tor/tor.component.ts">
        <metrics statements="0" coveredstatements="0" conditionals="0" coveredconditionals="0" methods="0" coveredmethods="0"/>
      </file>
    </package>
    <package name="client.app.src.pages.admin.network.url-redirects">
      <metrics statements="0" coveredstatements="0" conditionals="0" coveredconditionals="0" methods="0" coveredmethods="0"/>
      <file name="url-redirects.component.ts" path="/home/morgan-freeman/Workspace/globaleaks-angular-fork/client/app/src/pages/admin/network/url-redirects/url-redirects.component.ts">
        <metrics statements="0" coveredstatements="0" conditionals="0" coveredconditionals="0" methods="0" coveredmethods="0"/>
      </file>
    </package>
    <package name="client.app.src.pages.admin.notifications">
      <metrics statements="0" coveredstatements="0" conditionals="0" coveredconditionals="0" methods="0" coveredmethods="0"/>
      <file name="notifications-routing.module.ts" path="/home/morgan-freeman/Workspace/globaleaks-angular-fork/client/app/src/pages/admin/notifications/notifications-routing.module.ts">
        <metrics statements="0" coveredstatements="0" conditionals="0" coveredconditionals="0" methods="0" coveredmethods="0"/>
      </file>
      <file name="notifications.component.ts" path="/home/morgan-freeman/Workspace/globaleaks-angular-fork/client/app/src/pages/admin/notifications/notifications.component.ts">
        <metrics statements="0" coveredstatements="0" conditionals="0" coveredconditionals="0" methods="0" coveredmethods="0"/>
      </file>
      <file name="notifications.module.ts" path="/home/morgan-freeman/Workspace/globaleaks-angular-fork/client/app/src/pages/admin/notifications/notifications.module.ts">
        <metrics statements="0" coveredstatements="0" conditionals="0" coveredconditionals="0" methods="0" coveredmethods="0"/>
      </file>
    </package>
    <package name="client.app.src.pages.admin.notifications.notification-tab1">
      <metrics statements="0" coveredstatements="0" conditionals="0" coveredconditionals="0" methods="0" coveredmethods="0"/>
      <file name="notification-tab1.component.ts" path="/home/morgan-freeman/Workspace/globaleaks-angular-fork/client/app/src/pages/admin/notifications/notification-tab1/notification-tab1.component.ts">
        <metrics statements="0" coveredstatements="0" conditionals="0" coveredconditionals="0" methods="0" coveredmethods="0"/>
      </file>
    </package>
    <package name="client.app.src.pages.admin.notifications.notification-tab2">
      <metrics statements="0" coveredstatements="0" conditionals="0" coveredconditionals="0" methods="0" coveredmethods="0"/>
      <file name="notification-tab2.component.ts" path="/home/morgan-freeman/Workspace/globaleaks-angular-fork/client/app/src/pages/admin/notifications/notification-tab2/notification-tab2.component.ts">
        <metrics statements="0" coveredstatements="0" conditionals="0" coveredconditionals="0" methods="0" coveredmethods="0"/>
      </file>
    </package>
    <package name="client.app.src.pages.admin.questionnaires">
      <metrics statements="0" coveredstatements="0" conditionals="0" coveredconditionals="0" methods="0" coveredmethods="0"/>
      <file name="questionnaire.service.ts" path="/home/morgan-freeman/Workspace/globaleaks-angular-fork/client/app/src/pages/admin/questionnaires/questionnaire.service.ts">
        <metrics statements="0" coveredstatements="0" conditionals="0" coveredconditionals="0" methods="0" coveredmethods="0"/>
      </file>
      <file name="questionnaires-routing.module.ts" path="/home/morgan-freeman/Workspace/globaleaks-angular-fork/client/app/src/pages/admin/questionnaires/questionnaires-routing.module.ts">
        <metrics statements="0" coveredstatements="0" conditionals="0" coveredconditionals="0" methods="0" coveredmethods="0"/>
      </file>
      <file name="questionnaires.component.ts" path="/home/morgan-freeman/Workspace/globaleaks-angular-fork/client/app/src/pages/admin/questionnaires/questionnaires.component.ts">
        <metrics statements="0" coveredstatements="0" conditionals="0" coveredconditionals="0" methods="0" coveredmethods="0"/>
      </file>
      <file name="questionnaires.module.ts" path="/home/morgan-freeman/Workspace/globaleaks-angular-fork/client/app/src/pages/admin/questionnaires/questionnaires.module.ts">
        <metrics statements="0" coveredstatements="0" conditionals="0" coveredconditionals="0" methods="0" coveredmethods="0"/>
      </file>
    </package>
    <package name="client.app.src.pages.admin.questionnaires.add-field">
      <metrics statements="0" coveredstatements="0" conditionals="0" coveredconditionals="0" methods="0" coveredmethods="0"/>
      <file name="add-field.component.ts" path="/home/morgan-freeman/Workspace/globaleaks-angular-fork/client/app/src/pages/admin/questionnaires/add-field/add-field.component.ts">
        <metrics statements="0" coveredstatements="0" conditionals="0" coveredconditionals="0" methods="0" coveredmethods="0"/>
      </file>
    </package>
    <package name="client.app.src.pages.admin.questionnaires.add-field-from-template">
      <metrics statements="0" coveredstatements="0" conditionals="0" coveredconditionals="0" methods="0" coveredmethods="0"/>
      <file name="add-field-from-template.component.ts" path="/home/morgan-freeman/Workspace/globaleaks-angular-fork/client/app/src/pages/admin/questionnaires/add-field-from-template/add-field-from-template.component.ts">
        <metrics statements="0" coveredstatements="0" conditionals="0" coveredconditionals="0" methods="0" coveredmethods="0"/>
      </file>
    </package>
    <package name="client.app.src.pages.admin.questionnaires.fields">
      <metrics statements="0" coveredstatements="0" conditionals="0" coveredconditionals="0" methods="0" coveredmethods="0"/>
      <file name="fields.component.ts" path="/home/morgan-freeman/Workspace/globaleaks-angular-fork/client/app/src/pages/admin/questionnaires/fields/fields.component.ts">
        <metrics statements="0" coveredstatements="0" conditionals="0" coveredconditionals="0" methods="0" coveredmethods="0"/>
      </file>
    </package>
    <package name="client.app.src.pages.admin.questionnaires.main">
      <metrics statements="0" coveredstatements="0" conditionals="0" coveredconditionals="0" methods="0" coveredmethods="0"/>
      <file name="main.component.ts" path="/home/morgan-freeman/Workspace/globaleaks-angular-fork/client/app/src/pages/admin/questionnaires/main/main.component.ts">
        <metrics statements="0" coveredstatements="0" conditionals="0" coveredconditionals="0" methods="0" coveredmethods="0"/>
      </file>
    </package>
    <package name="client.app.src.pages.admin.questionnaires.questionnaires-list">
      <metrics statements="0" coveredstatements="0" conditionals="0" coveredconditionals="0" methods="0" coveredmethods="0"/>
      <file name="questionnaires-list.component.ts" path="/home/morgan-freeman/Workspace/globaleaks-angular-fork/client/app/src/pages/admin/questionnaires/questionnaires-list/questionnaires-list.component.ts">
        <metrics statements="0" coveredstatements="0" conditionals="0" coveredconditionals="0" methods="0" coveredmethods="0"/>
      </file>
    </package>
    <package name="client.app.src.pages.admin.questionnaires.questions">
      <metrics statements="0" coveredstatements="0" conditionals="0" coveredconditionals="0" methods="0" coveredmethods="0"/>
      <file name="questions.component.ts" path="/home/morgan-freeman/Workspace/globaleaks-angular-fork/client/app/src/pages/admin/questionnaires/questions/questions.component.ts">
        <metrics statements="0" coveredstatements="0" conditionals="0" coveredconditionals="0" methods="0" coveredmethods="0"/>
      </file>
    </package>
    <package name="client.app.src.pages.admin.questionnaires.step">
      <metrics statements="0" coveredstatements="0" conditionals="0" coveredconditionals="0" methods="0" coveredmethods="0"/>
      <file name="step.component.ts" path="/home/morgan-freeman/Workspace/globaleaks-angular-fork/client/app/src/pages/admin/questionnaires/step/step.component.ts">
        <metrics statements="0" coveredstatements="0" conditionals="0" coveredconditionals="0" methods="0" coveredmethods="0"/>
      </file>
    </package>
    <package name="client.app.src.pages.admin.questionnaires.steps">
      <metrics statements="0" coveredstatements="0" conditionals="0" coveredconditionals="0" methods="0" coveredmethods="0"/>
      <file name="steps.component.ts" path="/home/morgan-freeman/Workspace/globaleaks-angular-fork/client/app/src/pages/admin/questionnaires/steps/steps.component.ts">
        <metrics statements="0" coveredstatements="0" conditionals="0" coveredconditionals="0" methods="0" coveredmethods="0"/>
      </file>
    </package>
    <package name="client.app.src.pages.admin.questionnaires.steps-list">
      <metrics statements="0" coveredstatements="0" conditionals="0" coveredconditionals="0" methods="0" coveredmethods="0"/>
      <file name="steps-list.component.ts" path="/home/morgan-freeman/Workspace/globaleaks-angular-fork/client/app/src/pages/admin/questionnaires/steps-list/steps-list.component.ts">
        <metrics statements="0" coveredstatements="0" conditionals="0" coveredconditionals="0" methods="0" coveredmethods="0"/>
      </file>
    </package>
    <package name="client.app.src.pages.admin.settings">
      <metrics statements="0" coveredstatements="0" conditionals="0" coveredconditionals="0" methods="0" coveredmethods="0"/>
      <file name="settings-routing.module.ts" path="/home/morgan-freeman/Workspace/globaleaks-angular-fork/client/app/src/pages/admin/settings/settings-routing.module.ts">
        <metrics statements="0" coveredstatements="0" conditionals="0" coveredconditionals="0" methods="0" coveredmethods="0"/>
      </file>
      <file name="settings.component.ts" path="/home/morgan-freeman/Workspace/globaleaks-angular-fork/client/app/src/pages/admin/settings/settings.component.ts">
        <metrics statements="0" coveredstatements="0" conditionals="0" coveredconditionals="0" methods="0" coveredmethods="0"/>
      </file>
      <file name="settings.module.ts" path="/home/morgan-freeman/Workspace/globaleaks-angular-fork/client/app/src/pages/admin/settings/settings.module.ts">
        <metrics statements="0" coveredstatements="0" conditionals="0" coveredconditionals="0" methods="0" coveredmethods="0"/>
      </file>
    </package>
    <package name="client.app.src.pages.admin.settings.tab1">
      <metrics statements="0" coveredstatements="0" conditionals="0" coveredconditionals="0" methods="0" coveredmethods="0"/>
      <file name="tab1.component.ts" path="/home/morgan-freeman/Workspace/globaleaks-angular-fork/client/app/src/pages/admin/settings/tab1/tab1.component.ts">
        <metrics statements="0" coveredstatements="0" conditionals="0" coveredconditionals="0" methods="0" coveredmethods="0"/>
      </file>
    </package>
    <package name="client.app.src.pages.admin.settings.tab2">
      <metrics statements="0" coveredstatements="0" conditionals="0" coveredconditionals="0" methods="0" coveredmethods="0"/>
      <file name="tab2.component.ts" path="/home/morgan-freeman/Workspace/globaleaks-angular-fork/client/app/src/pages/admin/settings/tab2/tab2.component.ts">
        <metrics statements="0" coveredstatements="0" conditionals="0" coveredconditionals="0" methods="0" coveredmethods="0"/>
      </file>
    </package>
    <package name="client.app.src.pages.admin.settings.tab3">
      <metrics statements="0" coveredstatements="0" conditionals="0" coveredconditionals="0" methods="0" coveredmethods="0"/>
      <file name="tab3.component.ts" path="/home/morgan-freeman/Workspace/globaleaks-angular-fork/client/app/src/pages/admin/settings/tab3/tab3.component.ts">
        <metrics statements="0" coveredstatements="0" conditionals="0" coveredconditionals="0" methods="0" coveredmethods="0"/>
      </file>
    </package>
    <package name="client.app.src.pages.admin.settings.tab4">
      <metrics statements="0" coveredstatements="0" conditionals="0" coveredconditionals="0" methods="0" coveredmethods="0"/>
      <file name="tab4.component.ts" path="/home/morgan-freeman/Workspace/globaleaks-angular-fork/client/app/src/pages/admin/settings/tab4/tab4.component.ts">
        <metrics statements="0" coveredstatements="0" conditionals="0" coveredconditionals="0" methods="0" coveredmethods="0"/>
      </file>
    </package>
    <package name="client.app.src.pages.admin.settings.tab5">
      <metrics statements="0" coveredstatements="0" conditionals="0" coveredconditionals="0" methods="0" coveredmethods="0"/>
      <file name="tab5.component.ts" path="/home/morgan-freeman/Workspace/globaleaks-angular-fork/client/app/src/pages/admin/settings/tab5/tab5.component.ts">
        <metrics statements="0" coveredstatements="0" conditionals="0" coveredconditionals="0" methods="0" coveredmethods="0"/>
      </file>
    </package>
    <package name="client.app.src.pages.admin.sidebar">
      <metrics statements="0" coveredstatements="0" conditionals="0" coveredconditionals="0" methods="0" coveredmethods="0"/>
      <file name="sidebar.component.ts" path="/home/morgan-freeman/Workspace/globaleaks-angular-fork/client/app/src/pages/admin/sidebar/sidebar.component.ts">
        <metrics statements="0" coveredstatements="0" conditionals="0" coveredconditionals="0" methods="0" coveredmethods="0"/>
      </file>
    </package>
    <package name="client.app.src.pages.admin.sites">
      <metrics statements="0" coveredstatements="0" conditionals="0" coveredconditionals="0" methods="0" coveredmethods="0"/>
      <file name="sites-routing.module.ts" path="/home/morgan-freeman/Workspace/globaleaks-angular-fork/client/app/src/pages/admin/sites/sites-routing.module.ts">
        <metrics statements="0" coveredstatements="0" conditionals="0" coveredconditionals="0" methods="0" coveredmethods="0"/>
      </file>
      <file name="sites.component.ts" path="/home/morgan-freeman/Workspace/globaleaks-angular-fork/client/app/src/pages/admin/sites/sites.component.ts">
        <metrics statements="0" coveredstatements="0" conditionals="0" coveredconditionals="0" methods="0" coveredmethods="0"/>
      </file>
      <file name="sites.module.ts" path="/home/morgan-freeman/Workspace/globaleaks-angular-fork/client/app/src/pages/admin/sites/sites.module.ts">
        <metrics statements="0" coveredstatements="0" conditionals="0" coveredconditionals="0" methods="0" coveredmethods="0"/>
      </file>
    </package>
    <package name="client.app.src.pages.admin.sites.sites-tab1">
      <metrics statements="0" coveredstatements="0" conditionals="0" coveredconditionals="0" methods="0" coveredmethods="0"/>
      <file name="sites-tab1.component.ts" path="/home/morgan-freeman/Workspace/globaleaks-angular-fork/client/app/src/pages/admin/sites/sites-tab1/sites-tab1.component.ts">
        <metrics statements="0" coveredstatements="0" conditionals="0" coveredconditionals="0" methods="0" coveredmethods="0"/>
      </file>
    </package>
    <package name="client.app.src.pages.admin.sites.sites-tab2">
      <metrics statements="0" coveredstatements="0" conditionals="0" coveredconditionals="0" methods="0" coveredmethods="0"/>
      <file name="sites-tab2.component.ts" path="/home/morgan-freeman/Workspace/globaleaks-angular-fork/client/app/src/pages/admin/sites/sites-tab2/sites-tab2.component.ts">
        <metrics statements="0" coveredstatements="0" conditionals="0" coveredconditionals="0" methods="0" coveredmethods="0"/>
      </file>
    </package>
    <package name="client.app.src.pages.admin.sites.siteslist">
      <metrics statements="0" coveredstatements="0" conditionals="0" coveredconditionals="0" methods="0" coveredmethods="0"/>
      <file name="siteslist.component.ts" path="/home/morgan-freeman/Workspace/globaleaks-angular-fork/client/app/src/pages/admin/sites/siteslist/siteslist.component.ts">
        <metrics statements="0" coveredstatements="0" conditionals="0" coveredconditionals="0" methods="0" coveredmethods="0"/>
      </file>
    </package>
    <package name="client.app.src.pages.admin.users">
      <metrics statements="0" coveredstatements="0" conditionals="0" coveredconditionals="0" methods="0" coveredmethods="0"/>
      <file name="users-routing.module.ts" path="/home/morgan-freeman/Workspace/globaleaks-angular-fork/client/app/src/pages/admin/users/users-routing.module.ts">
        <metrics statements="0" coveredstatements="0" conditionals="0" coveredconditionals="0" methods="0" coveredmethods="0"/>
      </file>
      <file name="users.component.ts" path="/home/morgan-freeman/Workspace/globaleaks-angular-fork/client/app/src/pages/admin/users/users.component.ts">
        <metrics statements="0" coveredstatements="0" conditionals="0" coveredconditionals="0" methods="0" coveredmethods="0"/>
      </file>
      <file name="users.module.ts" path="/home/morgan-freeman/Workspace/globaleaks-angular-fork/client/app/src/pages/admin/users/users.module.ts">
        <metrics statements="0" coveredstatements="0" conditionals="0" coveredconditionals="0" methods="0" coveredmethods="0"/>
      </file>
    </package>
    <package name="client.app.src.pages.admin.users.user-editor">
      <metrics statements="0" coveredstatements="0" conditionals="0" coveredconditionals="0" methods="0" coveredmethods="0"/>
      <file name="user-editor.component.ts" path="/home/morgan-freeman/Workspace/globaleaks-angular-fork/client/app/src/pages/admin/users/user-editor/user-editor.component.ts">
        <metrics statements="0" coveredstatements="0" conditionals="0" coveredconditionals="0" methods="0" coveredmethods="0"/>
      </file>
    </package>
    <package name="client.app.src.pages.admin.users.users-tab1">
      <metrics statements="0" coveredstatements="0" conditionals="0" coveredconditionals="0" methods="0" coveredmethods="0"/>
      <file name="users-tab1.component.ts" path="/home/morgan-freeman/Workspace/globaleaks-angular-fork/client/app/src/pages/admin/users/users-tab1/users-tab1.component.ts">
        <metrics statements="0" coveredstatements="0" conditionals="0" coveredconditionals="0" methods="0" coveredmethods="0"/>
      </file>
    </package>
    <package name="client.app.src.pages.admin.users.users-tab2">
      <metrics statements="0" coveredstatements="0" conditionals="0" coveredconditionals="0" methods="0" coveredmethods="0"/>
      <file name="users-tab2.component.ts" path="/home/morgan-freeman/Workspace/globaleaks-angular-fork/client/app/src/pages/admin/users/users-tab2/users-tab2.component.ts">
        <metrics statements="0" coveredstatements="0" conditionals="0" coveredconditionals="0" methods="0" coveredmethods="0"/>
      </file>
    </package>
    <package name="client.app.src.pages.app">
      <metrics statements="0" coveredstatements="0" conditionals="0" coveredconditionals="0" methods="0" coveredmethods="0"/>
      <file name="app.component.ts" path="/home/morgan-freeman/Workspace/globaleaks-angular-fork/client/app/src/pages/app/app.component.ts">
        <metrics statements="0" coveredstatements="0" conditionals="0" coveredconditionals="0" methods="0" coveredmethods="0"/>
      </file>
    </package>
    <package name="client.app.src.pages.auth">
      <metrics statements="0" coveredstatements="0" conditionals="0" coveredconditionals="0" methods="0" coveredmethods="0"/>
      <file name="auth-routing.module.ts" path="/home/morgan-freeman/Workspace/globaleaks-angular-fork/client/app/src/pages/auth/auth-routing.module.ts">
        <metrics statements="0" coveredstatements="0" conditionals="0" coveredconditionals="0" methods="0" coveredmethods="0"/>
      </file>
      <file name="auth.module.ts" path="/home/morgan-freeman/Workspace/globaleaks-angular-fork/client/app/src/pages/auth/auth.module.ts">
        <metrics statements="0" coveredstatements="0" conditionals="0" coveredconditionals="0" methods="0" coveredmethods="0"/>
      </file>
    </package>
    <package name="client.app.src.pages.auth.login">
      <metrics statements="0" coveredstatements="0" conditionals="0" coveredconditionals="0" methods="0" coveredmethods="0"/>
      <file name="login.component.ts" path="/home/morgan-freeman/Workspace/globaleaks-angular-fork/client/app/src/pages/auth/login/login.component.ts">
        <metrics statements="0" coveredstatements="0" conditionals="0" coveredconditionals="0" methods="0" coveredmethods="0"/>
      </file>
    </package>
    <package name="client.app.src.pages.auth.login.model">
      <metrics statements="0" coveredstatements="0" conditionals="0" coveredconditionals="0" methods="0" coveredmethods="0"/>
      <file name="login-model.ts" path="/home/morgan-freeman/Workspace/globaleaks-angular-fork/client/app/src/pages/auth/login/model/login-model.ts">
        <metrics statements="0" coveredstatements="0" conditionals="0" coveredconditionals="0" methods="0" coveredmethods="0"/>
      </file>
    </package>
    <package name="client.app.src.pages.auth.login.templates.default-login">
      <metrics statements="0" coveredstatements="0" conditionals="0" coveredconditionals="0" methods="0" coveredmethods="0"/>
      <file name="default-login.component.ts" path="/home/morgan-freeman/Workspace/globaleaks-angular-fork/client/app/src/pages/auth/login/templates/default-login/default-login.component.ts">
        <metrics statements="0" coveredstatements="0" conditionals="0" coveredconditionals="0" methods="0" coveredmethods="0"/>
      </file>
    </package>
    <package name="client.app.src.pages.auth.login.templates.simple-login">
      <metrics statements="0" coveredstatements="0" conditionals="0" coveredconditionals="0" methods="0" coveredmethods="0"/>
      <file name="simple-login.component.ts" path="/home/morgan-freeman/Workspace/globaleaks-angular-fork/client/app/src/pages/auth/login/templates/simple-login/simple-login.component.ts">
        <metrics statements="0" coveredstatements="0" conditionals="0" coveredconditionals="0" methods="0" coveredmethods="0"/>
      </file>
    </package>
    <package name="client.app.src.pages.auth.password-reset">
      <metrics statements="0" coveredstatements="0" conditionals="0" coveredconditionals="0" methods="0" coveredmethods="0"/>
      <file name="password-reset.component.ts" path="/home/morgan-freeman/Workspace/globaleaks-angular-fork/client/app/src/pages/auth/password-reset/password-reset.component.ts">
        <metrics statements="0" coveredstatements="0" conditionals="0" coveredconditionals="0" methods="0" coveredmethods="0"/>
      </file>
    </package>
    <package name="client.app.src.pages.auth.password-reset-response">
      <metrics statements="0" coveredstatements="0" conditionals="0" coveredconditionals="0" methods="0" coveredmethods="0"/>
      <file name="password-reset-response.component.ts" path="/home/morgan-freeman/Workspace/globaleaks-angular-fork/client/app/src/pages/auth/password-reset-response/password-reset-response.component.ts">
        <metrics statements="0" coveredstatements="0" conditionals="0" coveredconditionals="0" methods="0" coveredmethods="0"/>
      </file>
    </package>
    <package name="client.app.src.pages.auth.passwordreqested">
      <metrics statements="0" coveredstatements="0" conditionals="0" coveredconditionals="0" methods="0" coveredmethods="0"/>
      <file name="password-requested.component.ts" path="/home/morgan-freeman/Workspace/globaleaks-angular-fork/client/app/src/pages/auth/passwordreqested/password-requested.component.ts">
        <metrics statements="0" coveredstatements="0" conditionals="0" coveredconditionals="0" methods="0" coveredmethods="0"/>
      </file>
    </package>
    <package name="client.app.src.pages.custodian">
      <metrics statements="0" coveredstatements="0" conditionals="0" coveredconditionals="0" methods="0" coveredmethods="0"/>
      <file name="custodian-routing.module.ts" path="/home/morgan-freeman/Workspace/globaleaks-angular-fork/client/app/src/pages/custodian/custodian-routing.module.ts">
        <metrics statements="0" coveredstatements="0" conditionals="0" coveredconditionals="0" methods="0" coveredmethods="0"/>
      </file>
      <file name="custodian.module.ts" path="/home/morgan-freeman/Workspace/globaleaks-angular-fork/client/app/src/pages/custodian/custodian.module.ts">
        <metrics statements="0" coveredstatements="0" conditionals="0" coveredconditionals="0" methods="0" coveredmethods="0"/>
      </file>
    </package>
    <package name="client.app.src.pages.custodian.home">
      <metrics statements="0" coveredstatements="0" conditionals="0" coveredconditionals="0" methods="0" coveredmethods="0"/>
      <file name="home.component.ts" path="/home/morgan-freeman/Workspace/globaleaks-angular-fork/client/app/src/pages/custodian/home/home.component.ts">
        <metrics statements="0" coveredstatements="0" conditionals="0" coveredconditionals="0" methods="0" coveredmethods="0"/>
      </file>
    </package>
    <package name="client.app.src.pages.custodian.identity-access-requests">
      <metrics statements="0" coveredstatements="0" conditionals="0" coveredconditionals="0" methods="0" coveredmethods="0"/>
      <file name="identity-access-requests.component.ts" path="/home/morgan-freeman/Workspace/globaleaks-angular-fork/client/app/src/pages/custodian/identity-access-requests/identity-access-requests.component.ts">
        <metrics statements="0" coveredstatements="0" conditionals="0" coveredconditionals="0" methods="0" coveredmethods="0"/>
      </file>
    </package>
    <package name="client.app.src.pages.custodian.settings">
      <metrics statements="0" coveredstatements="0" conditionals="0" coveredconditionals="0" methods="0" coveredmethods="0"/>
      <file name="settings.component.ts" path="/home/morgan-freeman/Workspace/globaleaks-angular-fork/client/app/src/pages/custodian/settings/settings.component.ts">
        <metrics statements="0" coveredstatements="0" conditionals="0" coveredconditionals="0" methods="0" coveredmethods="0"/>
      </file>
    </package>
    <package name="client.app.src.pages.custodian.sidebar">
      <metrics statements="0" coveredstatements="0" conditionals="0" coveredconditionals="0" methods="0" coveredmethods="0"/>
      <file name="sidebar.component.ts" path="/home/morgan-freeman/Workspace/globaleaks-angular-fork/client/app/src/pages/custodian/sidebar/sidebar.component.ts">
        <metrics statements="0" coveredstatements="0" conditionals="0" coveredconditionals="0" methods="0" coveredmethods="0"/>
      </file>
    </package>
    <package name="client.app.src.pages.dashboard.home">
      <metrics statements="0" coveredstatements="0" conditionals="0" coveredconditionals="0" methods="0" coveredmethods="0"/>
      <file name="home.component.ts" path="/home/morgan-freeman/Workspace/globaleaks-angular-fork/client/app/src/pages/dashboard/home/home.component.ts">
        <metrics statements="0" coveredstatements="0" conditionals="0" coveredconditionals="0" methods="0" coveredmethods="0"/>
      </file>
    </package>
    <package name="client.app.src.pages.field.whistleblower-identity-field">
      <metrics statements="0" coveredstatements="0" conditionals="0" coveredconditionals="0" methods="0" coveredmethods="0"/>
      <file name="whistleblower-identity-field.component.ts" path="/home/morgan-freeman/Workspace/globaleaks-angular-fork/client/app/src/pages/field/whistleblower-identity-field/whistleblower-identity-field.component.ts">
        <metrics statements="0" coveredstatements="0" conditionals="0" coveredconditionals="0" methods="0" coveredmethods="0"/>
      </file>
    </package>
    <package name="client.app.src.pages.recipient">
      <metrics statements="0" coveredstatements="0" conditionals="0" coveredconditionals="0" methods="0" coveredmethods="0"/>
      <file name="recipient-routing.module.ts" path="/home/morgan-freeman/Workspace/globaleaks-angular-fork/client/app/src/pages/recipient/recipient-routing.module.ts">
        <metrics statements="0" coveredstatements="0" conditionals="0" coveredconditionals="0" methods="0" coveredmethods="0"/>
      </file>
      <file name="recipient.module.ts" path="/home/morgan-freeman/Workspace/globaleaks-angular-fork/client/app/src/pages/recipient/recipient.module.ts">
        <metrics statements="0" coveredstatements="0" conditionals="0" coveredconditionals="0" methods="0" coveredmethods="0"/>
      </file>
    </package>
    <package name="client.app.src.pages.recipient.home">
      <metrics statements="0" coveredstatements="0" conditionals="0" coveredconditionals="0" methods="0" coveredmethods="0"/>
      <file name="home.component.ts" path="/home/morgan-freeman/Workspace/globaleaks-angular-fork/client/app/src/pages/recipient/home/home.component.ts">
        <metrics statements="0" coveredstatements="0" conditionals="0" coveredconditionals="0" methods="0" coveredmethods="0"/>
      </file>
    </package>
    <package name="client.app.src.pages.recipient.settings">
      <metrics statements="0" coveredstatements="0" conditionals="0" coveredconditionals="0" methods="0" coveredmethods="0"/>
      <file name="settings.component.ts" path="/home/morgan-freeman/Workspace/globaleaks-angular-fork/client/app/src/pages/recipient/settings/settings.component.ts">
        <metrics statements="0" coveredstatements="0" conditionals="0" coveredconditionals="0" methods="0" coveredmethods="0"/>
      </file>
    </package>
    <package name="client.app.src.pages.recipient.sidebar">
      <metrics statements="0" coveredstatements="0" conditionals="0" coveredconditionals="0" methods="0" coveredmethods="0"/>
      <file name="sidebar.component.ts" path="/home/morgan-freeman/Workspace/globaleaks-angular-fork/client/app/src/pages/recipient/sidebar/sidebar.component.ts">
        <metrics statements="0" coveredstatements="0" conditionals="0" coveredconditionals="0" methods="0" coveredmethods="0"/>
      </file>
    </package>
    <package name="client.app.src.pages.recipient.tab1">
      <metrics statements="0" coveredstatements="0" conditionals="0" coveredconditionals="0" methods="0" coveredmethods="0"/>
      <file name="tab1.component.ts" path="/home/morgan-freeman/Workspace/globaleaks-angular-fork/client/app/src/pages/recipient/tab1/tab1.component.ts">
        <metrics statements="0" coveredstatements="0" conditionals="0" coveredconditionals="0" methods="0" coveredmethods="0"/>
      </file>
    </package>
    <package name="client.app.src.pages.recipient.tip">
      <metrics statements="0" coveredstatements="0" conditionals="0" coveredconditionals="0" methods="0" coveredmethods="0"/>
      <file name="tip.component.ts" path="/home/morgan-freeman/Workspace/globaleaks-angular-fork/client/app/src/pages/recipient/tip/tip.component.ts">
        <metrics statements="0" coveredstatements="0" conditionals="0" coveredconditionals="0" methods="0" coveredmethods="0"/>
      </file>
    </package>
    <package name="client.app.src.pages.recipient.tips">
      <metrics statements="0" coveredstatements="0" conditionals="0" coveredconditionals="0" methods="0" coveredmethods="0"/>
      <file name="tips.component.ts" path="/home/morgan-freeman/Workspace/globaleaks-angular-fork/client/app/src/pages/recipient/tips/tips.component.ts">
        <metrics statements="0" coveredstatements="0" conditionals="0" coveredconditionals="0" methods="0" coveredmethods="0"/>
      </file>
    </package>
    <package name="client.app.src.pages.recipient.whistleblower-identity-reciever">
      <metrics statements="0" coveredstatements="0" conditionals="0" coveredconditionals="0" methods="0" coveredmethods="0"/>
      <file name="whistle-blower-identity-receiver.component.ts" path="/home/morgan-freeman/Workspace/globaleaks-angular-fork/client/app/src/pages/recipient/whistleblower-identity-reciever/whistle-blower-identity-receiver.component.ts">
        <metrics statements="0" coveredstatements="0" conditionals="0" coveredconditionals="0" methods="0" coveredmethods="0"/>
      </file>
    </package>
    <package name="client.app.src.pages.signup">
      <metrics statements="0" coveredstatements="0" conditionals="0" coveredconditionals="0" methods="0" coveredmethods="0"/>
      <file name="signup-routing.module.ts" path="/home/morgan-freeman/Workspace/globaleaks-angular-fork/client/app/src/pages/signup/signup-routing.module.ts">
        <metrics statements="0" coveredstatements="0" conditionals="0" coveredconditionals="0" methods="0" coveredmethods="0"/>
      </file>
      <file name="signup.module.ts" path="/home/morgan-freeman/Workspace/globaleaks-angular-fork/client/app/src/pages/signup/signup.module.ts">
        <metrics statements="0" coveredstatements="0" conditionals="0" coveredconditionals="0" methods="0" coveredmethods="0"/>
      </file>
    </package>
    <package name="client.app.src.pages.signup.signup">
      <metrics statements="0" coveredstatements="0" conditionals="0" coveredconditionals="0" methods="0" coveredmethods="0"/>
      <file name="signup.component.ts" path="/home/morgan-freeman/Workspace/globaleaks-angular-fork/client/app/src/pages/signup/signup/signup.component.ts">
        <metrics statements="0" coveredstatements="0" conditionals="0" coveredconditionals="0" methods="0" coveredmethods="0"/>
      </file>
    </package>
    <package name="client.app.src.pages.signup.templates.activation">
      <metrics statements="0" coveredstatements="0" conditionals="0" coveredconditionals="0" methods="0" coveredmethods="0"/>
      <file name="activation.component.ts" path="/home/morgan-freeman/Workspace/globaleaks-angular-fork/client/app/src/pages/signup/templates/activation/activation.component.ts">
        <metrics statements="0" coveredstatements="0" conditionals="0" coveredconditionals="0" methods="0" coveredmethods="0"/>
      </file>
    </package>
    <package name="client.app.src.pages.signup.templates.signupdefault">
      <metrics statements="0" coveredstatements="0" conditionals="0" coveredconditionals="0" methods="0" coveredmethods="0"/>
      <file name="signupdefault.component.ts" path="/home/morgan-freeman/Workspace/globaleaks-angular-fork/client/app/src/pages/signup/templates/signupdefault/signupdefault.component.ts">
        <metrics statements="0" coveredstatements="0" conditionals="0" coveredconditionals="0" methods="0" coveredmethods="0"/>
      </file>
    </package>
    <package name="client.app.src.pages.signup.templates.tos">
      <metrics statements="0" coveredstatements="0" conditionals="0" coveredconditionals="0" methods="0" coveredmethods="0"/>
      <file name="tos.component.ts" path="/home/morgan-freeman/Workspace/globaleaks-angular-fork/client/app/src/pages/signup/templates/tos/tos.component.ts">
        <metrics statements="0" coveredstatements="0" conditionals="0" coveredconditionals="0" methods="0" coveredmethods="0"/>
      </file>
    </package>
    <package name="client.app.src.pages.signup.templates.wbpa">
      <metrics statements="0" coveredstatements="0" conditionals="0" coveredconditionals="0" methods="0" coveredmethods="0"/>
      <file name="wbpa.component.ts" path="/home/morgan-freeman/Workspace/globaleaks-angular-fork/client/app/src/pages/signup/templates/wbpa/wbpa.component.ts">
        <metrics statements="0" coveredstatements="0" conditionals="0" coveredconditionals="0" methods="0" coveredmethods="0"/>
      </file>
    </package>
    <package name="client.app.src.pages.whistleblower">
      <metrics statements="0" coveredstatements="0" conditionals="0" coveredconditionals="0" methods="0" coveredmethods="0"/>
      <file name="whistleblower.module.ts" path="/home/morgan-freeman/Workspace/globaleaks-angular-fork/client/app/src/pages/whistleblower/whistleblower.module.ts">
        <metrics statements="0" coveredstatements="0" conditionals="0" coveredconditionals="0" methods="0" coveredmethods="0"/>
      </file>
    </package>
    <package name="client.app.src.pages.whistleblower.context-selection">
      <metrics statements="0" coveredstatements="0" conditionals="0" coveredconditionals="0" methods="0" coveredmethods="0"/>
      <file name="context-selection.component.ts" path="/home/morgan-freeman/Workspace/globaleaks-angular-fork/client/app/src/pages/whistleblower/context-selection/context-selection.component.ts">
        <metrics statements="0" coveredstatements="0" conditionals="0" coveredconditionals="0" methods="0" coveredmethods="0"/>
      </file>
    </package>
    <package name="client.app.src.pages.whistleblower.fields.whistleblower-identity-field">
      <metrics statements="0" coveredstatements="0" conditionals="0" coveredconditionals="0" methods="0" coveredmethods="0"/>
      <file name="whistleblower-identity-field.component.ts" path="/home/morgan-freeman/Workspace/globaleaks-angular-fork/client/app/src/pages/whistleblower/fields/whistleblower-identity-field/whistleblower-identity-field.component.ts">
        <metrics statements="0" coveredstatements="0" conditionals="0" coveredconditionals="0" methods="0" coveredmethods="0"/>
      </file>
    </package>
    <package name="client.app.src.pages.whistleblower.form">
      <metrics statements="0" coveredstatements="0" conditionals="0" coveredconditionals="0" methods="0" coveredmethods="0"/>
      <file name="form.component.ts" path="/home/morgan-freeman/Workspace/globaleaks-angular-fork/client/app/src/pages/whistleblower/form/form.component.ts">
        <metrics statements="0" coveredstatements="0" conditionals="0" coveredconditionals="0" methods="0" coveredmethods="0"/>
      </file>
    </package>
    <package name="client.app.src.pages.whistleblower.form-field-input">
      <metrics statements="0" coveredstatements="0" conditionals="0" coveredconditionals="0" methods="0" coveredmethods="0"/>
      <file name="form-field-input.component.ts" path="/home/morgan-freeman/Workspace/globaleaks-angular-fork/client/app/src/pages/whistleblower/form-field-input/form-field-input.component.ts">
        <metrics statements="0" coveredstatements="0" conditionals="0" coveredconditionals="0" methods="0" coveredmethods="0"/>
      </file>
    </package>
    <package name="client.app.src.pages.whistleblower.form-field-inputs">
      <metrics statements="0" coveredstatements="0" conditionals="0" coveredconditionals="0" methods="0" coveredmethods="0"/>
      <file name="form-field-inputs.component.ts" path="/home/morgan-freeman/Workspace/globaleaks-angular-fork/client/app/src/pages/whistleblower/form-field-inputs/form-field-inputs.component.ts">
        <metrics statements="0" coveredstatements="0" conditionals="0" coveredconditionals="0" methods="0" coveredmethods="0"/>
      </file>
    </package>
    <package name="client.app.src.pages.whistleblower.homepage">
      <metrics statements="0" coveredstatements="0" conditionals="0" coveredconditionals="0" methods="0" coveredmethods="0"/>
      <file name="homepage.component.ts" path="/home/morgan-freeman/Workspace/globaleaks-angular-fork/client/app/src/pages/whistleblower/homepage/homepage.component.ts">
        <metrics statements="0" coveredstatements="0" conditionals="0" coveredconditionals="0" methods="0" coveredmethods="0"/>
      </file>
    </package>
    <package name="client.app.src.pages.whistleblower.receipt">
      <metrics statements="0" coveredstatements="0" conditionals="0" coveredconditionals="0" methods="0" coveredmethods="0"/>
      <file name="receipt.component.ts" path="/home/morgan-freeman/Workspace/globaleaks-angular-fork/client/app/src/pages/whistleblower/receipt/receipt.component.ts">
        <metrics statements="0" coveredstatements="0" conditionals="0" coveredconditionals="0" methods="0" coveredmethods="0"/>
      </file>
    </package>
    <package name="client.app.src.pages.whistleblower.receiver-card">
      <metrics statements="0" coveredstatements="0" conditionals="0" coveredconditionals="0" methods="0" coveredmethods="0"/>
      <file name="receiver-card.component.ts" path="/home/morgan-freeman/Workspace/globaleaks-angular-fork/client/app/src/pages/whistleblower/receiver-card/receiver-card.component.ts">
        <metrics statements="0" coveredstatements="0" conditionals="0" coveredconditionals="0" methods="0" coveredmethods="0"/>
      </file>
    </package>
    <package name="client.app.src.pages.whistleblower.receiver-selection">
      <metrics statements="0" coveredstatements="0" conditionals="0" coveredconditionals="0" methods="0" coveredmethods="0"/>
      <file name="receiver-selection.component.ts" path="/home/morgan-freeman/Workspace/globaleaks-angular-fork/client/app/src/pages/whistleblower/receiver-selection/receiver-selection.component.ts">
        <metrics statements="0" coveredstatements="0" conditionals="0" coveredconditionals="0" methods="0" coveredmethods="0"/>
      </file>
    </package>
    <package name="client.app.src.pages.whistleblower.step-error">
      <metrics statements="0" coveredstatements="0" conditionals="0" coveredconditionals="0" methods="0" coveredmethods="0"/>
      <file name="step-error.component.ts" path="/home/morgan-freeman/Workspace/globaleaks-angular-fork/client/app/src/pages/whistleblower/step-error/step-error.component.ts">
        <metrics statements="0" coveredstatements="0" conditionals="0" coveredconditionals="0" methods="0" coveredmethods="0"/>
      </file>
    </package>
    <package name="client.app.src.pages.whistleblower.step-error.template.step-error-entry">
      <metrics statements="0" coveredstatements="0" conditionals="0" coveredconditionals="0" methods="0" coveredmethods="0"/>
      <file name="step-error-entry.component.ts" path="/home/morgan-freeman/Workspace/globaleaks-angular-fork/client/app/src/pages/whistleblower/step-error/template/step-error-entry/step-error-entry.component.ts">
        <metrics statements="0" coveredstatements="0" conditionals="0" coveredconditionals="0" methods="0" coveredmethods="0"/>
      </file>
    </package>
    <package name="client.app.src.pages.whistleblower.submission">
      <metrics statements="0" coveredstatements="0" conditionals="0" coveredconditionals="0" methods="0" coveredmethods="0"/>
      <file name="submission.component.ts" path="/home/morgan-freeman/Workspace/globaleaks-angular-fork/client/app/src/pages/whistleblower/submission/submission.component.ts">
        <metrics statements="0" coveredstatements="0" conditionals="0" coveredconditionals="0" methods="0" coveredmethods="0"/>
      </file>
    </package>
    <package name="client.app.src.pages.whistleblower.submission-error">
      <metrics statements="0" coveredstatements="0" conditionals="0" coveredconditionals="0" methods="0" coveredmethods="0"/>
      <file name="submission-error.component.ts" path="/home/morgan-freeman/Workspace/globaleaks-angular-fork/client/app/src/pages/whistleblower/submission-error/submission-error.component.ts">
        <metrics statements="0" coveredstatements="0" conditionals="0" coveredconditionals="0" methods="0" coveredmethods="0"/>
      </file>
    </package>
    <package name="client.app.src.pages.whistleblower.tippage">
      <metrics statements="0" coveredstatements="0" conditionals="0" coveredconditionals="0" methods="0" coveredmethods="0"/>
      <file name="tippage.component.ts" path="/home/morgan-freeman/Workspace/globaleaks-angular-fork/client/app/src/pages/whistleblower/tippage/tippage.component.ts">
        <metrics statements="0" coveredstatements="0" conditionals="0" coveredconditionals="0" methods="0" coveredmethods="0"/>
      </file>
    </package>
    <package name="client.app.src.pages.wizard">
      <metrics statements="0" coveredstatements="0" conditionals="0" coveredconditionals="0" methods="0" coveredmethods="0"/>
      <file name="wizard-routing.module.ts" path="/home/morgan-freeman/Workspace/globaleaks-angular-fork/client/app/src/pages/wizard/wizard-routing.module.ts">
        <metrics statements="0" coveredstatements="0" conditionals="0" coveredconditionals="0" methods="0" coveredmethods="0"/>
      </file>
      <file name="wizard.module.ts" path="/home/morgan-freeman/Workspace/globaleaks-angular-fork/client/app/src/pages/wizard/wizard.module.ts">
        <metrics statements="0" coveredstatements="0" conditionals="0" coveredconditionals="0" methods="0" coveredmethods="0"/>
      </file>
    </package>
    <package name="client.app.src.pages.wizard.wizard">
      <metrics statements="0" coveredstatements="0" conditionals="0" coveredconditionals="0" methods="0" coveredmethods="0"/>
      <file name="wizard.component.ts" path="/home/morgan-freeman/Workspace/globaleaks-angular-fork/client/app/src/pages/wizard/wizard/wizard.component.ts">
        <metrics statements="0" coveredstatements="0" conditionals="0" coveredconditionals="0" methods="0" coveredmethods="0"/>
      </file>
    </package>
    <package name="client.app.src.pages.wizard.wizard.template.profile">
      <metrics statements="0" coveredstatements="0" conditionals="0" coveredconditionals="0" methods="0" coveredmethods="0"/>
      <file name="profile.component.ts" path="/home/morgan-freeman/Workspace/globaleaks-angular-fork/client/app/src/pages/wizard/wizard/template/profile/profile.component.ts">
        <metrics statements="0" coveredstatements="0" conditionals="0" coveredconditionals="0" methods="0" coveredmethods="0"/>
      </file>
    </package>
    <package name="client.app.src.services">
      <metrics statements="0" coveredstatements="0" conditionals="0" coveredconditionals="0" methods="0" coveredmethods="0"/>
      <file name="2fa.data.service.ts" path="/home/morgan-freeman/Workspace/globaleaks-angular-fork/client/app/src/services/2fa.data.service.ts">
        <metrics statements="0" coveredstatements="0" conditionals="0" coveredconditionals="0" methods="0" coveredmethods="0"/>
      </file>
      <file name="app-config.service.ts" path="/home/morgan-freeman/Workspace/globaleaks-angular-fork/client/app/src/services/app-config.service.ts">
        <metrics statements="0" coveredstatements="0" conditionals="0" coveredconditionals="0" methods="0" coveredmethods="0"/>
      </file>
      <file name="authentication.service.ts" path="/home/morgan-freeman/Workspace/globaleaks-angular-fork/client/app/src/services/authentication.service.ts">
        <metrics statements="0" coveredstatements="0" conditionals="0" coveredconditionals="0" methods="0" coveredmethods="0"/>
      </file>
      <file name="receiver-tip.service.ts" path="/home/morgan-freeman/Workspace/globaleaks-angular-fork/client/app/src/services/receiver-tip.service.ts">
        <metrics statements="0" coveredstatements="0" conditionals="0" coveredconditionals="0" methods="0" coveredmethods="0"/>
      </file>
      <file name="request.interceptor.ts" path="/home/morgan-freeman/Workspace/globaleaks-angular-fork/client/app/src/services/request.interceptor.ts">
        <metrics statements="0" coveredstatements="0" conditionals="0" coveredconditionals="0" methods="0" coveredmethods="0"/>
      </file>
      <file name="submission-resource.service.ts" path="/home/morgan-freeman/Workspace/globaleaks-angular-fork/client/app/src/services/submission-resource.service.ts">
        <metrics statements="0" coveredstatements="0" conditionals="0" coveredconditionals="0" methods="0" coveredmethods="0"/>
      </file>
      <file name="submission.service.ts" path="/home/morgan-freeman/Workspace/globaleaks-angular-fork/client/app/src/services/submission.service.ts">
        <metrics statements="0" coveredstatements="0" conditionals="0" coveredconditionals="0" methods="0" coveredmethods="0"/>
      </file>
      <file name="translation.service.ts" path="/home/morgan-freeman/Workspace/globaleaks-angular-fork/client/app/src/services/translation.service.ts">
        <metrics statements="0" coveredstatements="0" conditionals="0" coveredconditionals="0" methods="0" coveredmethods="0"/>
      </file>
      <file name="wbtip.service.ts" path="/home/morgan-freeman/Workspace/globaleaks-angular-fork/client/app/src/services/wbtip.service.ts">
        <metrics statements="0" coveredstatements="0" conditionals="0" coveredconditionals="0" methods="0" coveredmethods="0"/>
      </file>
    </package>
    <package name="client.app.src.shared.blank">
      <metrics statements="0" coveredstatements="0" conditionals="0" coveredconditionals="0" methods="0" coveredmethods="0"/>
      <file name="blank.component.ts" path="/home/morgan-freeman/Workspace/globaleaks-angular-fork/client/app/src/shared/blank/blank.component.ts">
        <metrics statements="0" coveredstatements="0" conditionals="0" coveredconditionals="0" methods="0" coveredmethods="0"/>
      </file>
    </package>
    <package name="client.app.src.shared.components.date-selector">
      <metrics statements="0" coveredstatements="0" conditionals="0" coveredconditionals="0" methods="0" coveredmethods="0"/>
      <file name="date-selector.component.ts" path="/home/morgan-freeman/Workspace/globaleaks-angular-fork/client/app/src/shared/components/date-selector/date-selector.component.ts">
        <metrics statements="0" coveredstatements="0" conditionals="0" coveredconditionals="0" methods="0" coveredmethods="0"/>
      </file>
    </package>
    <package name="client.app.src.shared.components.password-meter">
      <metrics statements="0" coveredstatements="0" conditionals="0" coveredconditionals="0" methods="0" coveredmethods="0"/>
      <file name="password-meter.component.ts" path="/home/morgan-freeman/Workspace/globaleaks-angular-fork/client/app/src/shared/components/password-meter/password-meter.component.ts">
        <metrics statements="0" coveredstatements="0" conditionals="0" coveredconditionals="0" methods="0" coveredmethods="0"/>
      </file>
    </package>
    <package name="client.app.src.shared.constants">
      <metrics statements="0" coveredstatements="0" conditionals="0" coveredconditionals="0" methods="0" coveredmethods="0"/>
      <file name="constants.ts" path="/home/morgan-freeman/Workspace/globaleaks-angular-fork/client/app/src/shared/constants/constants.ts">
[...]
      </file>
    </package>
    <package name="client.app.src.shared.partials.tip-files-whistleblower">
      <metrics statements="0" coveredstatements="0" conditionals="0" coveredconditionals="0" methods="0" coveredmethods="0"/>
      <file name="tip-files-whistleblower.component.ts" path="/home/morgan-freeman/Workspace/globaleaks-angular-fork/client/app/src/shared/partials/tip-files-whistleblower/tip-files-whistleblower.component.ts">
        <metrics statements="0" coveredstatements="0" conditionals="0" coveredconditionals="0" methods="0" coveredmethods="0"/>
      </file>
    </package>
    <package name="client.app.src.shared.partials.tip-info">
      <metrics statements="0" coveredstatements="0" conditionals="0" coveredconditionals="0" methods="0" coveredmethods="0"/>
      <file name="tip-info.component.ts" path="/home/morgan-freeman/Workspace/globaleaks-angular-fork/client/app/src/shared/partials/tip-info/tip-info.component.ts">
        <metrics statements="0" coveredstatements="0" conditionals="0" coveredconditionals="0" methods="0" coveredmethods="0"/>
      </file>
    </package>
    <package name="client.app.src.shared.partials.tip-questionnaire-answers">
      <metrics statements="0" coveredstatements="0" conditionals="0" coveredconditionals="0" methods="0" coveredmethods="0"/>
      <file name="tip-questionnaire-answers.component.ts" path="/home/morgan-freeman/Workspace/globaleaks-angular-fork/client/app/src/shared/partials/tip-questionnaire-answers/tip-questionnaire-answers.component.ts">
        <metrics statements="0" coveredstatements="0" conditionals="0" coveredconditionals="0" methods="0" coveredmethods="0"/>
      </file>
    </package>
    <package name="client.app.src.shared.partials.tip-receiver-list">
      <metrics statements="0" coveredstatements="0" conditionals="0" coveredconditionals="0" methods="0" coveredmethods="0"/>
      <file name="tip-receiver-list.component.ts" path="/home/morgan-freeman/Workspace/globaleaks-angular-fork/client/app/src/shared/partials/tip-receiver-list/tip-receiver-list.component.ts">
        <metrics statements="0" coveredstatements="0" conditionals="0" coveredconditionals="0" methods="0" coveredmethods="0"/>
      </file>
    </package>
    <package name="client.app.src.shared.partials.tip-submission-status">
      <metrics statements="0" coveredstatements="0" conditionals="0" coveredconditionals="0" methods="0" coveredmethods="0"/>
      <file name="tip-submission-status.component.ts" path="/home/morgan-freeman/Workspace/globaleaks-angular-fork/client/app/src/shared/partials/tip-submission-status/tip-submission-status.component.ts">
        <metrics statements="0" coveredstatements="0" conditionals="0" coveredconditionals="0" methods="0" coveredmethods="0"/>
      </file>
    </package>
    <package name="client.app.src.shared.partials.tip-upload-wbfile">
      <metrics statements="0" coveredstatements="0" conditionals="0" coveredconditionals="0" methods="0" coveredmethods="0"/>
      <file name="tip-upload-wb-file.component.ts" path="/home/morgan-freeman/Workspace/globaleaks-angular-fork/client/app/src/shared/partials/tip-upload-wbfile/tip-upload-wb-file.component.ts">
        <metrics statements="0" coveredstatements="0" conditionals="0" coveredconditionals="0" methods="0" coveredmethods="0"/>
      </file>
    </package>
    <package name="client.app.src.shared.partials.user-home">
      <metrics statements="0" coveredstatements="0" conditionals="0" coveredconditionals="0" methods="0" coveredmethods="0"/>
      <file name="user-home.component.ts" path="/home/morgan-freeman/Workspace/globaleaks-angular-fork/client/app/src/shared/partials/user-home/user-home.component.ts">
        <metrics statements="0" coveredstatements="0" conditionals="0" coveredconditionals="0" methods="0" coveredmethods="0"/>
      </file>
    </package>
    <package name="client.app.src.shared.partials.user-warnings">
      <metrics statements="0" coveredstatements="0" conditionals="0" coveredconditionals="0" methods="0" coveredmethods="0"/>
      <file name="user-warnings.component.ts" path="/home/morgan-freeman/Workspace/globaleaks-angular-fork/client/app/src/shared/partials/user-warnings/user-warnings.component.ts">
        <metrics statements="0" coveredstatements="0" conditionals="0" coveredconditionals="0" methods="0" coveredmethods="0"/>
      </file>
    </package>
    <package name="client.app.src.shared.partials.voice-recorder">
      <metrics statements="0" coveredstatements="0" conditionals="0" coveredconditionals="0" methods="0" coveredmethods="0"/>
      <file name="voice-recorder.component.ts" path="/home/morgan-freeman/Workspace/globaleaks-angular-fork/client/app/src/shared/partials/voice-recorder/voice-recorder.component.ts">
        <metrics statements="0" coveredstatements="0" conditionals="0" coveredconditionals="0" methods="0" coveredmethods="0"/>
      </file>
    </package>
    <package name="client.app.src.shared.partials.wbfiles">
      <metrics statements="0" coveredstatements="0" conditionals="0" coveredconditionals="0" methods="0" coveredmethods="0"/>
      <file name="wb-files.component.ts" path="/home/morgan-freeman/Workspace/globaleaks-angular-fork/client/app/src/shared/partials/wbfiles/wb-files.component.ts">
        <metrics statements="0" coveredstatements="0" conditionals="0" coveredconditionals="0" methods="0" coveredmethods="0"/>
      </file>
    </package>
    <package name="client.app.src.shared.partials.whistleblower-identity">
      <metrics statements="0" coveredstatements="0" conditionals="0" coveredconditionals="0" methods="0" coveredmethods="0"/>
      <file name="whistleblower-identity.component.ts" path="/home/morgan-freeman/Workspace/globaleaks-angular-fork/client/app/src/shared/partials/whistleblower-identity/whistleblower-identity.component.ts">
        <metrics statements="0" coveredstatements="0" conditionals="0" coveredconditionals="0" methods="0" coveredmethods="0"/>
      </file>
    </package>
    <package name="client.app.src.shared.partials.widget-wbfiles">
      <metrics statements="0" coveredstatements="0" conditionals="0" coveredconditionals="0" methods="0" coveredmethods="0"/>
      <file name="widget-wb-files.component.ts" path="/home/morgan-freeman/Workspace/globaleaks-angular-fork/client/app/src/shared/partials/widget-wbfiles/widget-wb-files.component.ts">
        <metrics statements="0" coveredstatements="0" conditionals="0" coveredconditionals="0" methods="0" coveredmethods="0"/>
      </file>
    </package>
    <package name="client.app.src.shared.pipes">
      <metrics statements="0" coveredstatements="0" conditionals="0" coveredconditionals="0" methods="0" coveredmethods="0"/>
      <file name="byte-fmt.pipe.ts" path="/home/morgan-freeman/Workspace/globaleaks-angular-fork/client/app/src/shared/pipes/byte-fmt.pipe.ts">
        <metrics statements="0" coveredstatements="0" conditionals="0" coveredconditionals="0" methods="0" coveredmethods="0"/>
      </file>
      <file name="date.pipe.ts" path="/home/morgan-freeman/Workspace/globaleaks-angular-fork/client/app/src/shared/pipes/date.pipe.ts">
        <metrics statements="0" coveredstatements="0" conditionals="0" coveredconditionals="0" methods="0" coveredmethods="0"/>
      </file>
      <file name="filter.pipe.ts" path="/home/morgan-freeman/Workspace/globaleaks-angular-fork/client/app/src/shared/pipes/filter.pipe.ts">
        <metrics statements="0" coveredstatements="0" conditionals="0" coveredconditionals="0" methods="0" coveredmethods="0"/>
      </file>
      <file name="limit-to.pipe.ts" path="/home/morgan-freeman/Workspace/globaleaks-angular-fork/client/app/src/shared/pipes/limit-to.pipe.ts">
        <metrics statements="0" coveredstatements="0" conditionals="0" coveredconditionals="0" methods="0" coveredmethods="0"/>
      </file>
      <file name="order-by.pipe.ts" path="/home/morgan-freeman/Workspace/globaleaks-angular-fork/client/app/src/shared/pipes/order-by.pipe.ts">
        <metrics statements="0" coveredstatements="0" conditionals="0" coveredconditionals="0" methods="0" coveredmethods="0"/>
      </file>
      <file name="split.pipe.ts" path="/home/morgan-freeman/Workspace/globaleaks-angular-fork/client/app/src/shared/pipes/split.pipe.ts">
        <metrics statements="0" coveredstatements="0" conditionals="0" coveredconditionals="0" methods="0" coveredmethods="0"/>
      </file>
      <file name="strip-html.pipe.ts" path="/home/morgan-freeman/Workspace/globaleaks-angular-fork/client/app/src/shared/pipes/strip-html.pipe.ts">
        <metrics statements="0" coveredstatements="0" conditionals="0" coveredconditionals="0" methods="0" coveredmethods="0"/>
      </file>
      <file name="translate.ts" path="/home/morgan-freeman/Workspace/globaleaks-angular-fork/client/app/src/shared/pipes/translate.ts">
        <metrics statements="0" coveredstatements="0" conditionals="0" coveredconditionals="0" methods="0" coveredmethods="0"/>
      </file>
    </package>
    <package name="client.app.src.shared.resolvers">
      <metrics statements="0" coveredstatements="0" conditionals="0" coveredconditionals="0" methods="0" coveredmethods="0"/>
      <file name="audit-log-resolver.service.ts" path="/home/morgan-freeman/Workspace/globaleaks-angular-fork/client/app/src/shared/resolvers/audit-log-resolver.service.ts">
        <metrics statements="0" coveredstatements="0" conditionals="0" coveredconditionals="0" methods="0" coveredmethods="0"/>
      </file>
      <file name="contexts.resolver.ts" path="/home/morgan-freeman/Workspace/globaleaks-angular-fork/client/app/src/shared/resolvers/contexts.resolver.ts">
        <metrics statements="0" coveredstatements="0" conditionals="0" coveredconditionals="0" methods="0" coveredmethods="0"/>
      </file>
      <file name="field-templates-resolver.service.ts" path="/home/morgan-freeman/Workspace/globaleaks-angular-fork/client/app/src/shared/resolvers/field-templates-resolver.service.ts">
        <metrics statements="0" coveredstatements="0" conditionals="0" coveredconditionals="0" methods="0" coveredmethods="0"/>
      </file>
      <file name="iar-resolver.service.ts" path="/home/morgan-freeman/Workspace/globaleaks-angular-fork/client/app/src/shared/resolvers/iar-resolver.service.ts">
        <metrics statements="0" coveredstatements="0" conditionals="0" coveredconditionals="0" methods="0" coveredmethods="0"/>
      </file>
      <file name="job.resolver.ts" path="/home/morgan-freeman/Workspace/globaleaks-angular-fork/client/app/src/shared/resolvers/job.resolver.ts">
        <metrics statements="0" coveredstatements="0" conditionals="0" coveredconditionals="0" methods="0" coveredmethods="0"/>
      </file>
      <file name="network.resolver.ts" path="/home/morgan-freeman/Workspace/globaleaks-angular-fork/client/app/src/shared/resolvers/network.resolver.ts">
        <metrics statements="0" coveredstatements="0" conditionals="0" coveredconditionals="0" methods="0" coveredmethods="0"/>
      </file>
      <file name="node.resolver.ts" path="/home/morgan-freeman/Workspace/globaleaks-angular-fork/client/app/src/shared/resolvers/node.resolver.ts">
        <metrics statements="0" coveredstatements="0" conditionals="0" coveredconditionals="0" methods="0" coveredmethods="0"/>
      </file>
      <file name="notifications.resolver.ts" path="/home/morgan-freeman/Workspace/globaleaks-angular-fork/client/app/src/shared/resolvers/notifications.resolver.ts">
        <metrics statements="0" coveredstatements="0" conditionals="0" coveredconditionals="0" methods="0" coveredmethods="0"/>
      </file>
      <file name="preference.resolver.ts" path="/home/morgan-freeman/Workspace/globaleaks-angular-fork/client/app/src/shared/resolvers/preference.resolver.ts">
        <metrics statements="0" coveredstatements="0" conditionals="0" coveredconditionals="0" methods="0" coveredmethods="0"/>
      </file>
      <file name="questionnaires.resolver.ts" path="/home/morgan-freeman/Workspace/globaleaks-angular-fork/client/app/src/shared/resolvers/questionnaires.resolver.ts">
        <metrics statements="0" coveredstatements="0" conditionals="0" coveredconditionals="0" methods="0" coveredmethods="0"/>
      </file>
      <file name="r-tips-resolver.service.ts" path="/home/morgan-freeman/Workspace/globaleaks-angular-fork/client/app/src/shared/resolvers/r-tips-resolver.service.ts">
        <metrics statements="0" coveredstatements="0" conditionals="0" coveredconditionals="0" methods="0" coveredmethods="0"/>
      </file>
      <file name="redirects.resolver.ts" path="/home/morgan-freeman/Workspace/globaleaks-angular-fork/client/app/src/shared/resolvers/redirects.resolver.ts">
        <metrics statements="0" coveredstatements="0" conditionals="0" coveredconditionals="0" methods="0" coveredmethods="0"/>
      </file>
      <file name="statuses.resolver.ts" path="/home/morgan-freeman/Workspace/globaleaks-angular-fork/client/app/src/shared/resolvers/statuses.resolver.ts">
        <metrics statements="0" coveredstatements="0" conditionals="0" coveredconditionals="0" methods="0" coveredmethods="0"/>
      </file>
      <file name="tenants.resolver.ts" path="/home/morgan-freeman/Workspace/globaleaks-angular-fork/client/app/src/shared/resolvers/tenants.resolver.ts">
        <metrics statements="0" coveredstatements="0" conditionals="0" coveredconditionals="0" methods="0" coveredmethods="0"/>
      </file>
      <file name="tips.resolver.ts" path="/home/morgan-freeman/Workspace/globaleaks-angular-fork/client/app/src/shared/resolvers/tips.resolver.ts">
        <metrics statements="0" coveredstatements="0" conditionals="0" coveredconditionals="0" methods="0" coveredmethods="0"/>
      </file>
      <file name="title-resolver.resolver.ts" path="/home/morgan-freeman/Workspace/globaleaks-angular-fork/client/app/src/shared/resolvers/title-resolver.resolver.ts">
        <metrics statements="0" coveredstatements="0" conditionals="0" coveredconditionals="0" methods="0" coveredmethods="0"/>
      </file>
      <file name="users.resolver.ts" path="/home/morgan-freeman/Workspace/globaleaks-angular-fork/client/app/src/shared/resolvers/users.resolver.ts">
        <metrics statements="0" coveredstatements="0" conditionals="0" coveredconditionals="0" methods="0" coveredmethods="0"/>
      </file>
      <file name="wb-tip-resolver.service.ts" path="/home/morgan-freeman/Workspace/globaleaks-angular-fork/client/app/src/shared/resolvers/wb-tip-resolver.service.ts">
        <metrics statements="0" coveredstatements="0" conditionals="0" coveredconditionals="0" methods="0" coveredmethods="0"/>
      </file>
    </package>
    <package name="client.app.src.shared.services">
      <metrics statements="0" coveredstatements="0" conditionals="0" coveredconditionals="0" methods="0" coveredmethods="0"/>
      <file name="field-utilities.service.ts" path="/home/morgan-freeman/Workspace/globaleaks-angular-fork/client/app/src/shared/services/field-utilities.service.ts">
        <metrics statements="0" coveredstatements="0" conditionals="0" coveredconditionals="0" methods="0" coveredmethods="0"/>
      </file>
      <file name="http.service.ts" path="/home/morgan-freeman/Workspace/globaleaks-angular-fork/client/app/src/shared/services/http.service.ts">
        <metrics statements="0" coveredstatements="0" conditionals="0" coveredconditionals="0" methods="0" coveredmethods="0"/>
      </file>
      <file name="service-instance.service.ts" path="/home/morgan-freeman/Workspace/globaleaks-angular-fork/client/app/src/shared/services/service-instance.service.ts">
        <metrics statements="0" coveredstatements="0" conditionals="0" coveredconditionals="0" methods="0" coveredmethods="0"/>
      </file>
      <file name="token-resource.service.ts" path="/home/morgan-freeman/Workspace/globaleaks-angular-fork/client/app/src/shared/services/token-resource.service.ts">
        <metrics statements="0" coveredstatements="0" conditionals="0" coveredconditionals="0" methods="0" coveredmethods="0"/>
      </file>
      <file name="utils.service.ts" path="/home/morgan-freeman/Workspace/globaleaks-angular-fork/client/app/src/shared/services/utils.service.ts">
        <metrics statements="0" coveredstatements="0" conditionals="0" coveredconditionals="0" methods="0" coveredmethods="0"/>
      </file>
    </package>
    <package name="client.app.viewer">
      <metrics statements="0" coveredstatements="0" conditionals="0" coveredconditionals="0" methods="0" coveredmethods="0"/>
      <file name="pdf.min.js" path="/home/morgan-freeman/Workspace/globaleaks-angular-fork/client/app/viewer/pdf.min.js">
        <metrics statements="0" coveredstatements="0" conditionals="0" coveredconditionals="0" methods="0" coveredmethods="0"/>
      </file>
      <file name="pdf.worker.min.js" path="/home/morgan-freeman/Workspace/globaleaks-angular-fork/client/app/viewer/pdf.worker.min.js">
        <metrics statements="0" coveredstatements="0" conditionals="0" coveredconditionals="0" methods="0" coveredmethods="0"/>
      </file>
      <file name="script.js" path="/home/morgan-freeman/Workspace/globaleaks-angular-fork/client/app/viewer/script.js">
        <metrics statements="0" coveredstatements="0" conditionals="0" coveredconditionals="0" methods="0" coveredmethods="0"/>
      </file>
    </package>
    <package name="client.build">
      <metrics statements="0" coveredstatements="0" conditionals="0" coveredconditionals="0" methods="0" coveredmethods="0"/>
      <file name="loader.js" path="/home/morgan-freeman/Workspace/globaleaks-angular-fork/client/build/loader.js">
        <metrics statements="0" coveredstatements="0" conditionals="0" coveredconditionals="0" methods="0" coveredmethods="0"/>
      </file>
    </package>
    <package name="client.build.js">
      <metrics statements="0" coveredstatements="0" conditionals="0" coveredconditionals="0" methods="0" coveredmethods="0"/>
      <file name="main.js" path="/home/morgan-freeman/Workspace/globaleaks-angular-fork/client/build/js/main.js">
        <metrics statements="0" coveredstatements="0" conditionals="0" coveredconditionals="0" methods="0" coveredmethods="0"/>
      </file>
      <file name="polyfills.js" path="/home/morgan-freeman/Workspace/globaleaks-angular-fork/client/build/js/polyfills.js">
        <metrics statements="0" coveredstatements="0" conditionals="0" coveredconditionals="0" methods="0" coveredmethods="0"/>
      </file>
      <file name="runtime.js" path="/home/morgan-freeman/Workspace/globaleaks-angular-fork/client/build/js/runtime.js">
        <metrics statements="0" coveredstatements="0" conditionals="0" coveredconditionals="0" methods="0" coveredmethods="0"/>
      </file>
      <file name="scripts.js" path="/home/morgan-freeman/Workspace/globaleaks-angular-fork/client/build/js/scripts.js">
        <metrics statements="0" coveredstatements="0" conditionals="0" coveredconditionals="0" methods="0" coveredmethods="0"/>
      </file>
    </package>
    <package name="client.build.viewer">
      <metrics statements="0" coveredstatements="0" conditionals="0" coveredconditionals="0" methods="0" coveredmethods="0"/>
      <file name="pdf.min.js" path="/home/morgan-freeman/Workspace/globaleaks-angular-fork/client/build/viewer/pdf.min.js">
        <metrics statements="0" coveredstatements="0" conditionals="0" coveredconditionals="0" methods="0" coveredmethods="0"/>
      </file>
      <file name="pdf.worker.min.js" path="/home/morgan-freeman/Workspace/globaleaks-angular-fork/client/build/viewer/pdf.worker.min.js">
        <metrics statements="0" coveredstatements="0" conditionals="0" coveredconditionals="0" methods="0" coveredmethods="0"/>
      </file>
      <file name="script.js" path="/home/morgan-freeman/Workspace/globaleaks-angular-fork/client/build/viewer/script.js">
        <metrics statements="0" coveredstatements="0" conditionals="0" coveredconditionals="0" methods="0" coveredmethods="0"/>
      </file>
    </package>
  </project>
</coverage>
